<00:01:01> Control packet (258 words LE)
writing 0x00000001 to 0x00000000 (sequental)
writing 0x00000002 to 0x00000001 (sequental)
writing 0x00000003 to 0x00000002 (sequental)
writing 0x00000004 to 0x00000003 (sequental)
writing 0x00000005 to 0x00000004 (sequental)
writing 0x00000006 to read only 0x00000005: forbidden
<00:01:36> Control packet (  5 words LE)
writing 0x00000000 to 0x00000000
<00:02:29> Control packet (  5 words LE)
writing 0x00000000 to 0x00000000
<00:02:45> Control packet (  5 words LE)
writing 0x00000000 to 0x00000000
<00:02:56> Control packet (  5 words LE)
writing 0x0000FFFF to 0x00000000: out of range, result:0x00000500
<00:03:09> Control packet (  5 words LE)
writing 0x000FFFFF to 0x00000000: out of range, result:0x00000500
<00:03:18> Control packet (  5 words LE)
writing 0x000FFFFF to 0x00000000: out of range, result:0x00000500
<00:03:29> Control packet (  5 words LE)
writing 0x000FFFFF to 0x00000000: out of range, result:0x00000500
<00:03:36> Control packet (  5 words LE)
writing 0x000FFFFF to 0x00000000: out of range, result:0x00000500
<00:03:44> Control packet (  5 words LE)
writing 0x7FFFFFFF to 0x00000000: out of range, result:0x00000500
<00:03:57> Control packet (  9 words LE)
writing 0x7FFFFFFF to read only 0x00000005: forbidden
<00:04:41> Control packet (  4 words LE)
writing 0x00000500 to 0x00000000
<00:04:55> Control packet (  4 words LE)
writing 0x00000500 to 0x00000000
<00:05:36> Control packet (  4 words LE)
writing 0x00000001 to 0x00000123 (sequental)
<00:06:07> Control packet (  8 words LE)
writing 0x7FFFFFFF to 0x00000123
writing 0x00000000 to read only 0x00000005: forbidden
<00:06:27> Control packet (  4 words LE)
writing 0x00000000 to read only 0x00000005: forbidden
<00:06:36> Control packet (  4 words LE)
writing 0x0FFFFFFF to read only 0x00000005: forbidden
<00:07:03> Control packet ( 40 words LE)
writing 0x00000001 to 0x00001000 (non-incrementing)
writing 0x00000002 to 0x00001000 (non-incrementing)
writing 0x00000003 to 0x00001000 (non-incrementing)
writing 0x00000004 to 0x00001000 (non-incrementing)
writing 0x00000005 to 0x00001000 (non-incrementing)
writing 0x00000006 to 0x00001000 (non-incrementing)
writing 0x00000007 to 0x00001000 (non-incrementing)
writing 0x00000008 to 0x00001000 (non-incrementing)
writing 0x00000009 to 0x00001000 (non-incrementing)
writing 0x0000000A to 0x00001000 (non-incrementing)
writing 0x0000000B to 0x00001000 (non-incrementing)
writing 0x0000000C to 0x00001000 (non-incrementing)
writing 0x0000000D to 0x00001000 (non-incrementing)
writing 0x0000000E to 0x00001000 (non-incrementing)
writing 0x0000000F to 0x00001000 (non-incrementing)
writing 0x00000010 to 0x00001000 (non-incrementing)
writing 0x00000011 to 0x00001000 (non-incrementing)
writing 0x00000012 to 0x00001000 (non-incrementing)
writing 0x00000013 to 0x00001000 (non-incrementing)
writing 0x00000014 to 0x00001000 (non-incrementing)
writing 0x00000015 to 0x00001000 (non-incrementing)
writing 0x00000016 to 0x00001000 (non-incrementing)
writing 0x00000017 to 0x00001000 (non-incrementing)
writing 0x00000018 to 0x00001000 (non-incrementing)
writing 0x00000019 to 0x00001000 (non-incrementing)
writing 0x0000001A to 0x00001000 (non-incrementing)
writing 0x0000001B to 0x00001000 (non-incrementing)
writing 0x0000001C to 0x00001000 (non-incrementing)
writing 0x0000001D to 0x00001000 (non-incrementing)
writing 0x0000001E to 0x00001000 (non-incrementing)
writing 0x0000001F to 0x00001000 (non-incrementing)
writing 0x00000020 to 0x00001000 (non-incrementing)
writing 0x00000021 to 0x00001000 (non-incrementing)
writing 0x00000022 to 0x00001000 (non-incrementing)
writing 0x00000023 to 0x00001000 (non-incrementing)
writing 0x00000024 to 0x00001000 (non-incrementing)
writing 0x00000025 to 0x00001000 (non-incrementing)
<16:42:46> Status packet  ( 16 words BE)
<16:42:48> Status packet  ( 16 words BE)
<16:42:48> Control packet ( 20 words LE)
writing 0xAFADAFFF to 0x000010FF (sequental)
writing 0x00000FF0 to 0x00001100 (sequental)
writing 0x00000000 to 0x00001101 (sequental)
writing 0x00000000 to 0x00001102 (sequental)
writing 0x00000000 to 0x00001103 (sequental)
writing 0x00000000 to 0x00001104 (sequental)
writing 0x00000000 to 0x00001105 (sequental)
writing 0x00000000 to 0x00001106 (sequental)
writing 0x00000000 to 0x00001107 (sequental)
writing 0x00000000 to 0x00001108 (sequental)
writing 0x00000000 to 0x00001109 (sequental)
writing 0x00000000 to 0x0000110A (sequental)
writing 0x00000000 to 0x0000110B (sequental)
writing 0x00000000 to 0x0000110C (sequental)
writing 0x00000000 to 0x0000110D (sequental)
writing 0x00000000 to 0x0000110E (sequental)
writing 0x00000000 to 0x0000110F (sequental)
<17:22:38> Control packet (  1 words LE)
<17:22:48> Control packet (  1 words LE)
<17:22:54> Control packet (  4 words LE)
writing 0x00000001 to 0x00000000 (sequental)
<17:24:01> Control packet ( 23 words LE)
writing  0x00000001 to 0x00001014 (non-incrementing)
writing  0x00000002 to 0x00001014 (non-incrementing)
writing  0x00000003 to 0x00001014 (non-incrementing)
writing  0x00000004 to 0x00001014 (non-incrementing)
writing  0x00000005 to 0x00001014 (non-incrementing)
writing  0x00000006 to 0x00001014 (non-incrementing)
writing  0x00000007 to 0x00001014 (non-incrementing)
writing  0x00000008 to 0x00001014 (non-incrementing)
writing  0x00000009 to 0x00001014 (non-incrementing)
writing  0x0000000A to 0x00001014 (non-incrementing)
writing  0x0000000B to 0x00001014 (non-incrementing)
writing  0x0000000C to 0x00001014 (non-incrementing)
writing  0x0000000D to 0x00001014 (non-incrementing)
writing  0x0000000E to 0x00001014 (non-incrementing)
writing  0x0000000F to 0x00001014 (non-incrementing)
writing  0x00000010 to 0x00001014 (non-incrementing)
writing  0x00000011 to 0x00001014 (non-incrementing)
writing  0x00000012 to 0x00001014 (non-incrementing)
writing  0x00000013 to 0x00001014 (non-incrementing)
writing  0x00000014 to 0x00001014 (non-incrementing)
<17:24:18> Control packet (  3 words LE)
reading   1 words from 0x00001014 (sequental)
<17:24:39> Control packet (  6 words LE)
reading   1 words from 0x00001014 (sequental)
writing 0x00000001 to 0x00001014 (sequental)
<17:24:59> Control packet (  4 words LE)
writing 0x00000001 to read only 0x00001013: forbidden
<17:25:16> Control packet (  3 words LE)
reading   1 words from 0x00001014 (non-incrementing)
<17:25:25> Control packet (  3 words LE)
reading   5 words from 0x00001014 (non-incrementing)
<17:25:54> Control packet (  3 words LE)
reading   1 words from 0x00001014 (sequental)
<17:32:18> Control packet ( 20 words LE)
writing  0x00000001 to 0x00001014 (non-incrementing)
writing  0x00000002 to 0x00001014 (non-incrementing)
writing  0x00000003 to 0x00001014 (non-incrementing)
writing  0x00000004 to 0x00001014 (non-incrementing)
writing  0x00000005 to 0x00001014 (non-incrementing)
writing  0x00000006 to 0x00001014 (non-incrementing)
writing  0x00000007 to 0x00001014 (non-incrementing)
writing  0x00000008 to 0x00001014 (non-incrementing)
writing  0x00000009 to 0x00001014 (non-incrementing)
writing  0x0000000A to 0x00001014 (non-incrementing)
writing  0x0000000B to 0x00001014 (non-incrementing)
writing  0x0000000C to 0x00001014 (non-incrementing)
writing  0x0000000D to 0x00001014 (non-incrementing)
writing  0x0000000E to 0x00001014 (non-incrementing)
writing  0x0000000F to 0x00001014 (non-incrementing)
writing  0x00000010 to 0x00001014 (non-incrementing)
writing  0x00000011 to 0x00001014 (non-incrementing)
<17:33:01> Control packet (  3 words LE)
reading   1 words from 0x00001014 (sequental)
<17:33:03> Control packet (  1 words LE)
<17:33:11> Control packet (  3 words LE)
reading   1 words from 0x00001014 (non-incrementing)
<17:33:20> Control packet (  3 words LE)
reading   1 words from 0x00001014 (sequental)
<17:33:42> Control packet (  3 words LE)
reading  14 words from 0x00001014 (non-incrementing)
<17:34:29> Control packet (258 words LE)
writing 0x00000001 to 0x00000000 (sequental)
writing 0x00000002 to 0x00000001 (sequental)
writing 0x00000003 to 0x00000002 (sequental)
writing 0x00000004 to 0x00000003 (sequental)
writing 0x00000005 to 0x00000004 (sequental)
writing 0x00000006 to 0x00000005 (sequental)
writing 0x00000007 to 0x00000006 (sequental)
writing 0x00000008 to 0x00000007 (sequental)
writing 0x00000009 to 0x00000008 (sequental)
writing 0x0000000A to 0x00000009 (sequental)
writing 0x0000000B to 0x0000000A (sequental)
writing 0x0000000C to 0x0000000B (sequental)
writing 0x0000000D to 0x0000000C (sequental)
writing 0x0000000E to 0x0000000D (sequental)
writing 0x0000000F to 0x0000000E (sequental)
writing 0x00000010 to 0x0000000F (sequental)
writing 0x00000011 to 0x00000010 (sequental)
writing 0x00000012 to 0x00000011 (sequental)
writing 0x00000013 to 0x00000012 (sequental)
writing 0x00000014 to 0x00000013 (sequental)
writing 0x00000015 to 0x00000014 (sequental)
writing 0x00000016 to 0x00000015 (sequental)
writing 0x00000017 to 0x00000016 (sequental)
writing 0x00000018 to 0x00000017 (sequental)
writing 0x00000019 to 0x00000018 (sequental)
writing 0x0000001A to 0x00000019 (sequental)
writing 0x0000001B to 0x0000001A (sequental)
writing 0x0000001C to 0x0000001B (sequental)
writing 0x0000001D to 0x0000001C (sequental)
writing 0x0000001E to 0x0000001D (sequental)
writing 0x0000001F to 0x0000001E (sequental)
writing 0x00000020 to 0x0000001F (sequental)
writing 0x00000021 to 0x00000020 (sequental)
writing 0x00000022 to 0x00000021 (sequental)
writing 0x00000023 to 0x00000022 (sequental)
writing 0x00000024 to 0x00000023 (sequental)
writing 0x00000025 to 0x00000024 (sequental)
writing 0x00000026 to 0x00000025 (sequental)
writing 0x00000027 to 0x00000026 (sequental)
writing 0x00000028 to 0x00000027 (sequental)
writing 0x00000029 to 0x00000028 (sequental)
writing 0x0000002A to 0x00000029 (sequental)
writing 0x0000002B to 0x0000002A (sequental)
writing 0x0000002C to 0x0000002B (sequental)
writing 0x0000002D to 0x0000002C (sequental)
writing 0x0000002E to 0x0000002D (sequental)
writing 0x0000002F to 0x0000002E (sequental)
writing 0x00000030 to 0x0000002F (sequental)
writing 0x00000031 to 0x00000030 (sequental)
writing 0x00000032 to 0x00000031 (sequental)
writing 0x00000033 to 0x00000032 (sequental)
writing 0x00000034 to 0x00000033 (sequental)
writing 0x00000035 to 0x00000034 (sequental)
writing 0x00000036 to 0x00000035 (sequental)
writing 0x00000037 to 0x00000036 (sequental)
writing 0x00000038 to 0x00000037 (sequental)
writing 0x00000039 to 0x00000038 (sequental)
writing 0x0000003A to 0x00000039 (sequental)
writing 0x0000003B to 0x0000003A (sequental)
writing 0x0000003C to 0x0000003B (sequental)
writing 0x0000003D to 0x0000003C (sequental)
writing 0x0000003E to 0x0000003D (sequental)
writing 0x0000003F to 0x0000003E (sequental)
writing 0x00000040 to 0x0000003F (sequental)
writing 0x00000041 to 0x00000040 (sequental)
writing 0x00000042 to 0x00000041 (sequental)
writing 0x00000043 to 0x00000042 (sequental)
writing 0x00000044 to 0x00000043 (sequental)
writing 0x00000045 to 0x00000044 (sequental)
writing 0x00000046 to 0x00000045 (sequental)
writing 0x00000047 to 0x00000046 (sequental)
writing 0x00000048 to 0x00000047 (sequental)
writing 0x00000049 to 0x00000048 (sequental)
writing 0x0000004A to 0x00000049 (sequental)
writing 0x0000004B to 0x0000004A (sequental)
writing 0x0000004C to 0x0000004B (sequental)
writing 0x0000004D to 0x0000004C (sequental)
writing 0x0000004E to 0x0000004D (sequental)
writing 0x0000004F to 0x0000004E (sequental)
writing 0x00000050 to 0x0000004F (sequental)
writing 0x00000051 to 0x00000050 (sequental)
writing 0x00000052 to 0x00000051 (sequental)
writing 0x00000053 to 0x00000052 (sequental)
writing 0x00000054 to 0x00000053 (sequental)
writing 0x00000055 to 0x00000054 (sequental)
writing 0x00000056 to 0x00000055 (sequental)
writing 0x00000057 to 0x00000056 (sequental)
writing 0x00000058 to 0x00000057 (sequental)
writing 0x00000059 to 0x00000058 (sequental)
writing 0x0000005A to 0x00000059 (sequental)
writing 0x0000005B to 0x0000005A (sequental)
writing 0x0000005C to 0x0000005B (sequental)
writing 0x0000005D to 0x0000005C (sequental)
writing 0x0000005E to 0x0000005D (sequental)
writing 0x0000005F to 0x0000005E (sequental)
writing 0x00000060 to 0x0000005F (sequental)
writing 0x00000061 to 0x00000060 (sequental)
writing 0x00000062 to 0x00000061 (sequental)
writing 0x00000063 to 0x00000062 (sequental)
writing 0x00000064 to 0x00000063 (sequental)
writing 0x00000065 to 0x00000064 (sequental)
writing 0x00000066 to 0x00000065 (sequental)
writing 0x00000067 to 0x00000066 (sequental)
writing 0x00000068 to 0x00000067 (sequental)
writing 0x00000069 to 0x00000068 (sequental)
writing 0x0000006A to 0x00000069 (sequental)
writing 0x0000006B to 0x0000006A (sequental)
writing 0x0000006C to 0x0000006B (sequental)
writing 0x0000006D to 0x0000006C (sequental)
writing 0x0000006E to 0x0000006D (sequental)
writing 0x0000006F to 0x0000006E (sequental)
writing 0x00000070 to 0x0000006F (sequental)
writing 0x00000071 to 0x00000070 (sequental)
writing 0x00000072 to 0x00000071 (sequental)
writing 0x00000073 to 0x00000072 (sequental)
writing 0x00000074 to 0x00000073 (sequental)
writing 0x00000075 to 0x00000074 (sequental)
writing 0x00000076 to 0x00000075 (sequental)
writing 0x00000077 to 0x00000076 (sequental)
writing 0x00000078 to 0x00000077 (sequental)
writing 0x00000079 to 0x00000078 (sequental)
writing 0x0000007A to 0x00000079 (sequental)
writing 0x0000007B to 0x0000007A (sequental)
writing 0x0000007C to 0x0000007B (sequental)
writing 0x0000007D to 0x0000007C (sequental)
writing 0x0000007E to 0x0000007D (sequental)
writing 0x0000007F to 0x0000007E (sequental)
writing 0x00000080 to 0x0000007F (sequental)
writing 0x00000081 to 0x00000080 (sequental)
writing 0x00000082 to 0x00000081 (sequental)
writing 0x00000083 to 0x00000082 (sequental)
writing 0x00000084 to 0x00000083 (sequental)
writing 0x00000085 to 0x00000084 (sequental)
writing 0x00000086 to 0x00000085 (sequental)
writing 0x00000087 to 0x00000086 (sequental)
writing 0x00000088 to 0x00000087 (sequental)
writing 0x00000089 to 0x00000088 (sequental)
writing 0x0000008A to 0x00000089 (sequental)
writing 0x0000008B to 0x0000008A (sequental)
writing 0x0000008C to 0x0000008B (sequental)
writing 0x0000008D to 0x0000008C (sequental)
writing 0x0000008E to 0x0000008D (sequental)
writing 0x0000008F to 0x0000008E (sequental)
writing 0x00000090 to 0x0000008F (sequental)
writing 0x00000091 to 0x00000090 (sequental)
writing 0x00000092 to 0x00000091 (sequental)
writing 0x00000093 to 0x00000092 (sequental)
writing 0x00000094 to 0x00000093 (sequental)
writing 0x00000095 to 0x00000094 (sequental)
writing 0x00000096 to 0x00000095 (sequental)
writing 0x00000097 to 0x00000096 (sequental)
writing 0x00000098 to 0x00000097 (sequental)
writing 0x00000099 to 0x00000098 (sequental)
writing 0x0000009A to 0x00000099 (sequental)
writing 0x0000009B to 0x0000009A (sequental)
writing 0x0000009C to 0x0000009B (sequental)
writing 0x0000009D to 0x0000009C (sequental)
writing 0x0000009E to 0x0000009D (sequental)
writing 0x0000009F to 0x0000009E (sequental)
writing 0x000000A0 to 0x0000009F (sequental)
writing 0x000000A1 to 0x000000A0 (sequental)
writing 0x000000A2 to 0x000000A1 (sequental)
writing 0x000000A3 to 0x000000A2 (sequental)
writing 0x000000A4 to 0x000000A3 (sequental)
writing 0x000000A5 to 0x000000A4 (sequental)
writing 0x000000A6 to 0x000000A5 (sequental)
writing 0x000000A7 to 0x000000A6 (sequental)
writing 0x000000A8 to 0x000000A7 (sequental)
writing 0x000000A9 to 0x000000A8 (sequental)
writing 0x000000AA to 0x000000A9 (sequental)
writing 0x000000AB to 0x000000AA (sequental)
writing 0x000000AC to 0x000000AB (sequental)
writing 0x000000AD to 0x000000AC (sequental)
writing 0x000000AE to 0x000000AD (sequental)
writing 0x000000AF to 0x000000AE (sequental)
writing 0x000000B0 to 0x000000AF (sequental)
writing 0x000000B1 to 0x000000B0 (sequental)
writing 0x000000B2 to 0x000000B1 (sequental)
writing 0x000000B3 to 0x000000B2 (sequental)
writing 0x000000B4 to 0x000000B3 (sequental)
writing 0x000000B5 to 0x000000B4 (sequental)
writing 0x000000B6 to 0x000000B5 (sequental)
writing 0x000000B7 to 0x000000B6 (sequental)
writing 0x000000B8 to 0x000000B7 (sequental)
writing 0x000000B9 to 0x000000B8 (sequental)
writing 0x000000BA to 0x000000B9 (sequental)
writing 0x000000BB to 0x000000BA (sequental)
writing 0x000000BC to 0x000000BB (sequental)
writing 0x000000BD to 0x000000BC (sequental)
writing 0x000000BE to 0x000000BD (sequental)
writing 0x000000BF to 0x000000BE (sequental)
writing 0x000000C0 to 0x000000BF (sequental)
writing 0x000000C1 to 0x000000C0 (sequental)
writing 0x000000C2 to 0x000000C1 (sequental)
writing 0x000000C3 to 0x000000C2 (sequental)
writing 0x000000C4 to 0x000000C3 (sequental)
writing 0x000000C5 to 0x000000C4 (sequental)
writing 0x000000C6 to 0x000000C5 (sequental)
writing 0x000000C7 to 0x000000C6 (sequental)
writing 0x000000C8 to 0x000000C7 (sequental)
writing 0x000000C9 to 0x000000C8 (sequental)
writing 0x000000CA to 0x000000C9 (sequental)
writing 0x000000CB to 0x000000CA (sequental)
writing 0x000000CC to 0x000000CB (sequental)
writing 0x000000CD to 0x000000CC (sequental)
writing 0x000000CE to 0x000000CD (sequental)
writing 0x000000CF to 0x000000CE (sequental)
writing 0x000000D0 to 0x000000CF (sequental)
writing 0x000000D1 to 0x000000D0 (sequental)
writing 0x000000D2 to 0x000000D1 (sequental)
writing 0x000000D3 to 0x000000D2 (sequental)
writing 0x000000D4 to 0x000000D3 (sequental)
writing 0x000000D5 to 0x000000D4 (sequental)
writing 0x000000D6 to 0x000000D5 (sequental)
writing 0x000000D7 to 0x000000D6 (sequental)
writing 0x000000D8 to 0x000000D7 (sequental)
writing 0x000000D9 to 0x000000D8 (sequental)
writing 0x000000DA to 0x000000D9 (sequental)
writing 0x000000DB to 0x000000DA (sequental)
writing 0x000000DC to 0x000000DB (sequental)
writing 0x000000DD to 0x000000DC (sequental)
writing 0x000000DE to 0x000000DD (sequental)
writing 0x000000DF to 0x000000DE (sequental)
writing 0x000000E0 to 0x000000DF (sequental)
writing 0x000000E1 to 0x000000E0 (sequental)
writing 0x000000E2 to 0x000000E1 (sequental)
writing 0x000000E3 to 0x000000E2 (sequental)
writing 0x000000E4 to 0x000000E3 (sequental)
writing 0x000000E5 to 0x000000E4 (sequental)
writing 0x000000E6 to 0x000000E5 (sequental)
writing 0x000000E7 to 0x000000E6 (sequental)
writing 0x000000E8 to 0x000000E7 (sequental)
writing 0x000000E9 to 0x000000E8 (sequental)
writing 0x000000EA to 0x000000E9 (sequental)
writing 0x000000EB to 0x000000EA (sequental)
writing 0x000000EC to 0x000000EB (sequental)
writing 0x000000ED to 0x000000EC (sequental)
writing 0x000000EE to 0x000000ED (sequental)
writing 0x000000EF to 0x000000EE (sequental)
writing 0x000000F0 to 0x000000EF (sequental)
writing 0x000000F1 to 0x000000F0 (sequental)
writing 0x000000F2 to 0x000000F1 (sequental)
writing 0x000000F3 to 0x000000F2 (sequental)
writing 0x000000F4 to 0x000000F3 (sequental)
writing 0x000000F5 to 0x000000F4 (sequental)
writing 0x000000F6 to 0x000000F5 (sequental)
writing 0x000000F7 to 0x000000F6 (sequental)
writing 0x000000F8 to 0x000000F7 (sequental)
writing 0x000000F9 to 0x000000F8 (sequental)
writing 0x000000FA to 0x000000F9 (sequental)
writing 0x000000FB to 0x000000FA (sequental)
writing 0x000000FC to 0x000000FB (sequental)
writing 0x000000FD to 0x000000FC (sequental)
writing 0x000000FE to 0x000000FD (sequental)
writing 0x000000FF to 0x000000FE (sequental)
<17:34:52> Control packet (258 words LE)
writing 0x00000001 to 0x00000000 (sequental)
writing 0x00000002 to 0x00000001 (sequental)
writing 0x00000003 to 0x00000002 (sequental)
writing 0x00000004 to 0x00000003 (sequental)
writing 0x00000005 to 0x00000004 (sequental)
writing 0x00000006 to read only 0x00000005: forbidden
<17:35:37> Control packet (  5 words LE)
writing 0x000000FF to 0x00000004
<19:41:34> Status packet  ( 16 words BE)
<19:41:34> Control packet ( 20 words LE)
writing 0xAFADAFFF to 0x000010FF (sequental)
writing 0x00000FF0 to 0x00001100 (sequental)
writing 0x00000000 to 0x00001101 (sequental)
writing 0x00000000 to 0x00001102 (sequental)
writing 0x00000000 to 0x00001103 (sequental)
writing 0x00000000 to 0x00001104 (sequental)
writing 0x00000000 to 0x00001105 (sequental)
writing 0x00000000 to 0x00001106 (sequental)
writing 0x00000000 to 0x00001107 (sequental)
writing 0x00000000 to 0x00001108 (sequental)
writing 0x00000000 to 0x00001109 (sequental)
writing 0x00000000 to 0x0000110A (sequental)
writing 0x00000000 to 0x0000110B (sequental)
writing 0x00000000 to 0x0000110C (sequental)
writing 0x00000000 to 0x0000110D (sequental)
writing 0x00000000 to 0x0000110E (sequental)
writing 0x00000000 to 0x0000110F (sequental)
<19:41:56> Status packet  ( 16 words BE)
<19:41:56> Control packet ( 19 words LE)
writing 0xAFADAFFF to 0x00000000: out of range, result:0xFFFFFB00 (sequental)
writing 0x00000FF0 to 0x00000001: out of range, result:0x00000500 (sequental)
writing 0x00000000 to 0x00000002 (sequental)
writing 0x00000000 to 0x00000003 (sequental)
writing 0x00000000 to 0x00000004 (sequental)
writing 0x00000000 to read only 0x00000005: forbidden
<19:42:30> Status packet  ( 16 words BE)
<19:42:30> Control packet ( 19 words LE)
writing 0xAFADAFFF to 0x00000000: out of range, result:0xFFFFFB00 (non-incrementing)
writing 0x00000FF0 to 0x00000000: out of range, result:0x00000500 (non-incrementing)
writing 0x00000000 to 0x00000000 (non-incrementing)
writing 0x00000000 to 0x00000000 (non-incrementing)
writing 0x00000000 to 0x00000000 (non-incrementing)
writing 0x00000000 to 0x00000000 (non-incrementing)
writing 0x00000000 to 0x00000000 (non-incrementing)
writing 0x00000000 to 0x00000000 (non-incrementing)
writing 0x00000000 to 0x00000000 (non-incrementing)
writing 0x00000000 to 0x00000000 (non-incrementing)
writing 0x00000000 to 0x00000000 (non-incrementing)
writing 0x00000000 to 0x00000000 (non-incrementing)
writing 0x00000000 to 0x00000000 (non-incrementing)
writing 0x00000000 to 0x00000000 (non-incrementing)
writing 0x00000000 to 0x00000000 (non-incrementing)
writing 0x00000000 to 0x00000000 (non-incrementing)
<19:42:44> Status packet  ( 16 words BE)
<19:42:44> Control packet ( 19 words LE)
writing 0xAFADAFFF to 0x00000000: out of range, result:0xFFFFFB00 (non-incrementing)
writing 0x00000FF0 to 0x00000000: out of range, result:0x00000500 (non-incrementing)
writing 0x00000000 to 0x00000000 (non-incrementing)
writing 0x00000000 to 0x00000000 (non-incrementing)
writing 0x00000000 to 0x00000000 (non-incrementing)
writing 0x00000000 to 0x00000000 (non-incrementing)
writing 0x00000000 to 0x00000000 (non-incrementing)
writing 0x00000000 to 0x00000000 (non-incrementing)
writing 0x00000000 to 0x00000000 (non-incrementing)
writing 0x00000000 to 0x00000000 (non-incrementing)
writing 0x00000000 to 0x00000000 (non-incrementing)
writing 0x00000000 to 0x00000000 (non-incrementing)
writing 0x00000000 to 0x00000000 (non-incrementing)
writing 0x00000000 to 0x00000000 (non-incrementing)
writing 0x00000000 to 0x00000000 (non-incrementing)
writing 0x00000000 to 0x00000000 (non-incrementing)
