<13:42:37> Status packet  ( 16 words BE)
<13:42:49> Status packet  ( 16 words BE)
<13:42:49> Control packet ( 27 words LE)
writing 0x000000BB to 0x00000000 (sequental)
writing 0x000DFDFD to 0x00000001: out of range, result:0x00000500 (sequental)
writing 0x000FDCDF to 0x00000002: out of range, result:0x00000400 (sequental)
writing 0x00002342 to 0x00000003 (sequental)
writing 0x00004353 to 0x00000004 (sequental)
writing 0x04534564 to read only 0x00000005: forbidden
<13:42:56> Status packet  ( 16 words BE)
<13:42:56> Control packet ( 27 words LE)
writing 0x000000BB to 0x00000000 (sequental)
writing 0x000DFDFD to 0x00000000: out of range, result:0x00000500 (sequental)
writing 0x000FDCDF to 0x00000000: out of range, result:0x00000500 (sequental)
writing 0x00002342 to 0x00000000: out of range, result:0x00000500 (sequental)
writing 0x00004353 to 0x00000000: out of range, result:0x00000500 (sequental)
writing 0x04534564 to 0x00000000: out of range, result:0x00000500 (sequental)
writing 0x00454356 to 0x00000000: out of range, result:0x00000500 (sequental)
writing 0x00000000 to 0x00000000 (sequental)
writing 0x000000DF to 0x00000000 (sequental)
writing 0x00000000 to 0x00000000 (sequental)
writing 0x0FFDFDDF to 0x00000000: out of range, result:0x00000500 (sequental)
writing 0x000DFDF0 to 0x00000000: out of range, result:0x00000500 (sequental)
writing 0x0000DFDF to 0x00000000: out of range, result:0x00000500 (sequental)
writing 0x0000000D to 0x00000000 (sequental)
writing 0xDADADAD0 to 0x00000000: out of range, result:0xFFFFFB00 (sequental)
writing 0x000CDCCD to 0x00000000: out of range, result:0x00000500 (sequental)
writing 0x00000000 to 0x00000000 (sequental)
writing 0xADAD00DA to 0x00000000: out of range, result:0xFFFFFB00 (sequental)
writing 0x00ADAD00 to 0x00000000: out of range, result:0x00000500 (sequental)
writing 0x00000000 to 0x00000000 (sequental)
writing 0xBBCCCCC0 to 0x00000000: out of range, result:0xFFFFFB00 (sequental)
writing 0x00035677 to 0x00000000: out of range, result:0x00000500 (sequental)
writing 0x8878643E to 0x00000000: out of range, result:0xFFFFFB00 (sequental)
writing 0x00000000 to 0x00000000 (sequental)
<13:43:35> Status packet  ( 16 words BE)
<13:43:35> Control packet (  7 words LE)
writing 0x000000BB to 0x00000000 (sequental)
writing 0x000DFDFD to 0x00000000: out of range, result:0x00000500 (sequental)
writing 0x000FDCDF to 0x00000000: out of range, result:0x00000500 (sequental)
writing 0x00002342 to 0x00000000: out of range, result:0x00000500 (sequental)
<13:43:44> Status packet  ( 16 words BE)
<13:43:44> Control packet (  7 words LE)
writing 0x000000BB to 0x00000005 (sequental)
<13:45:48> Status packet  ( 16 words BE)
<13:45:48> Control packet ( 11 words LE)
writing 0x000000BB to 0x00000005 (sequental)
writing 0x000DFDFD to 0x00000006 (sequental)
writing 0x000FDCDF to 0x00000007 (sequental)
writing 0x00002342 to 0x00000008 (sequental)
writing 0x00004353 to 0x00000009 (sequental)
writing 0x04534564 to 0x0000000A (sequental)
writing 0x00454356 to 0x0000000B (sequental)
writing 0x00000000 to 0x0000000C (sequental)
<13:46:02> Status packet  ( 16 words BE)
<13:46:02> Control packet ( 11 words LE)
writing 0x000000BB to read only 0x00000005: forbidden
<13:46:08> Status packet  ( 16 words BE)
<13:46:08> Control packet ( 11 words LE)
writing 0x000000BB to read only 0x00000005: forbidden
<13:46:12> Status packet  ( 16 words BE)
<13:46:12> Control packet ( 11 words LE)
writing 0x000000BB to 0x00000004 (non-incrementing)
writing 0x000DFDFD to 0x00000004 (non-incrementing)
writing 0x000FDCDF to 0x00000004 (non-incrementing)
writing 0x00002342 to 0x00000004 (non-incrementing)
writing 0x00004353 to 0x00000004 (non-incrementing)
writing 0x04534564 to 0x00000004 (non-incrementing)
writing 0x00454356 to 0x00000004 (non-incrementing)
writing 0x00000000 to 0x00000004 (non-incrementing)
<13:46:37> Status packet  ( 16 words BE)
<13:46:37> Control packet (  3 words LE)
reading   8 words from 0x00000005 (non-incrementing)
<13:46:41> Status packet  ( 16 words BE)
<13:46:41> Control packet (  3 words LE)
reading   8 words from 0x00000005 (sequental)
<13:47:41> Status packet  ( 16 words BE)
<13:47:41> Control packet ( 11 words LE)
writing 0x000000BB to 0x00000000 (sequental)
writing 0x000DFDFD to 0x00000001: out of range, result:0x00000500 (sequental)
writing 0x0000FFFF to 0x00000002: out of range, result:0x00000400 (sequental)
writing 0x000000FF to 0x00000003 (sequental)
writing 0x000000FF to 0x00000004 (sequental)
writing 0x0000FFFF to read only 0x00000005: forbidden
<13:48:04> Status packet  ( 16 words BE)
<13:48:04> Control packet (  3 words LE)
reading   1 words from 0x00000005 (sequental)
<13:48:18> Status packet  ( 16 words BE)
<13:48:18> Control packet (  3 words LE)
reading   1 words from 0x00000236 (sequental)
<13:48:29> Status packet  ( 16 words BE)
<13:48:29> Control packet (  3 words LE)
reading   1 words from 0x00000005 (sequental)
<13:48:30> Status packet  ( 16 words BE)
<13:48:30> Control packet (  3 words LE)
reading   1 words from 0x00000005 (sequental)
<13:48:31> Status packet  ( 16 words BE)
<13:48:31> Control packet (  3 words LE)
reading   1 words from 0x00000005 (sequental)
<13:48:32> Status packet  ( 16 words BE)
<13:48:32> Control packet (  3 words LE)
reading   1 words from 0x00000005 (sequental)
<13:48:33> Status packet  ( 16 words BE)
<13:48:33> Control packet (  3 words LE)
reading   1 words from 0x00000005 (sequental)
<13:48:34> Status packet  ( 16 words BE)
<13:48:34> Control packet (  3 words LE)
reading   1 words from 0x00000005 (sequental)
<13:48:35> Status packet  ( 16 words BE)
<13:48:35> Control packet (  3 words LE)
reading   1 words from 0x00000005 (sequental)
<13:48:36> Status packet  ( 16 words BE)
<13:48:36> Control packet (  3 words LE)
reading   1 words from 0x00000005 (sequental)
<13:48:37> Status packet  ( 16 words BE)
<13:48:37> Control packet (  3 words LE)
reading   1 words from 0x00000005 (sequental)
<13:48:38> Status packet  ( 16 words BE)
<13:48:38> Control packet (  3 words LE)
reading   1 words from 0x00000005 (sequental)
<13:48:39> Status packet  ( 16 words BE)
<13:48:39> Control packet (  3 words LE)
reading   1 words from 0x00000005 (sequental)
<13:48:40> Status packet  ( 16 words BE)
<13:48:40> Control packet (  3 words LE)
reading   1 words from 0x00000005 (sequental)
<13:48:41> Status packet  ( 16 words BE)
<13:48:41> Control packet (  3 words LE)
reading   1 words from 0x00000005 (sequental)
<13:48:42> Status packet  ( 16 words BE)
<13:48:42> Control packet (  3 words LE)
reading   1 words from 0x00000005 (sequental)
<13:48:43> Status packet  ( 16 words BE)
<13:48:43> Control packet (  3 words LE)
reading   1 words from 0x00000005 (sequental)
<13:48:44> Status packet  ( 16 words BE)
<13:48:44> Control packet (  3 words LE)
reading   1 words from 0x00000005 (sequental)
<13:48:45> Status packet  ( 16 words BE)
<13:48:45> Control packet (  3 words LE)
reading   1 words from 0x00000005 (sequental)
<13:48:46> Status packet  ( 16 words BE)
<13:48:46> Control packet (  3 words LE)
reading   1 words from 0x00000005 (sequental)
<13:48:47> Status packet  ( 16 words BE)
<13:48:47> Control packet (  3 words LE)
reading   1 words from 0x00000005 (sequental)
<13:48:48> Status packet  ( 16 words BE)
<13:48:48> Control packet (  3 words LE)
reading   1 words from 0x00000005 (sequental)
<13:48:49> Status packet  ( 16 words BE)
<13:48:49> Control packet (  3 words LE)
reading   1 words from 0x00000005 (sequental)
<13:48:50> Status packet  ( 16 words BE)
<13:48:50> Control packet (  3 words LE)
reading   1 words from 0x00000005 (sequental)
<13:48:51> Status packet  ( 16 words BE)
<13:48:51> Control packet (  3 words LE)
reading   1 words from 0x00000005 (sequental)
<13:48:52> Status packet  ( 16 words BE)
<13:48:52> Control packet (  3 words LE)
reading   1 words from 0x00000005 (sequental)
<13:48:53> Status packet  ( 16 words BE)
<13:48:53> Control packet (  3 words LE)
reading   1 words from 0x00000005 (sequental)
<13:48:54> Status packet  ( 16 words BE)
<13:48:54> Control packet (  3 words LE)
reading   1 words from 0x00000005 (sequental)
<13:48:55> Status packet  ( 16 words BE)
<13:48:55> Control packet (  3 words LE)
reading   1 words from 0x00000005 (sequental)
<13:48:56> Status packet  ( 16 words BE)
<13:48:56> Control packet (  3 words LE)
reading   1 words from 0x00000005 (sequental)
<13:48:59> Status packet  ( 16 words BE)
<13:48:59> Control packet (  3 words LE)
reading   1 words from 0x000002BC (sequental)
<13:49:00> Status packet  ( 16 words BE)
<13:49:00> Control packet (  3 words LE)
reading   1 words from 0x000002BC (sequental)
<13:49:01> Status packet  ( 16 words BE)
<13:49:01> Control packet (  3 words LE)
reading   1 words from 0x000002BC (sequental)
<13:49:02> Status packet  ( 16 words BE)
<13:49:02> Control packet (  3 words LE)
reading   1 words from 0x000002BC (sequental)
<13:49:03> Status packet  ( 16 words BE)
<13:49:03> Control packet (  3 words LE)
reading   1 words from 0x000002BC (sequental)
<13:49:04> Status packet  ( 16 words BE)
<13:49:04> Control packet (  3 words LE)
reading   1 words from 0x000002BC (sequental)
<13:49:05> Status packet  ( 16 words BE)
<13:49:05> Control packet (  3 words LE)
reading   1 words from 0x000002BC (sequental)
<13:49:06> Status packet  ( 16 words BE)
<13:49:06> Control packet (  3 words LE)
reading   1 words from 0x000002BC (sequental)
<13:49:07> Status packet  ( 16 words BE)
<13:49:07> Control packet (  3 words LE)
reading   1 words from 0x000002BC (sequental)
<13:49:08> Status packet  ( 16 words BE)
<13:49:08> Control packet (  3 words LE)
reading   1 words from 0x000002BC (sequental)
<13:49:09> Status packet  ( 16 words BE)
<13:49:09> Control packet (  3 words LE)
reading   1 words from 0x000002BC (sequental)
<13:49:10> Status packet  ( 16 words BE)
<13:49:10> Control packet (  3 words LE)
reading   1 words from 0x000002BC (sequental)
<13:49:15> Status packet  ( 16 words BE)
<13:49:15> Control packet (  3 words LE)
reading   1 words from 0x000002BC (sequental)
<13:49:18> Status packet  ( 16 words BE)
<13:49:18> Control packet (  3 words LE)
reading   1 words from 0x000002BC (sequental)
<13:49:19> Status packet  ( 16 words BE)
<13:49:19> Control packet (  3 words LE)
reading   1 words from 0x000002BC (sequental)
<13:49:21> Status packet  ( 16 words BE)
<13:49:21> Control packet (  3 words LE)
reading   1 words from 0x000002BC (sequental)
