<15:50:07> Status packet  ( 16 words BE)
<15:50:10> Status packet  ( 16 words BE)
<15:50:10> Control packet (  3 words LE)
reading  19 words from 0x00000050 (sequental)
<15:50:13> Status packet  ( 16 words BE)
<15:50:13> Control packet ( 22 words LE)
writing 0x00000000 to 0x00000050 (sequental)
writing 0x00000000 to 0x00000051 (sequental)
writing 0x00000000 to 0x00000052 (sequental)
writing 0x00000000 to 0x00000053 (sequental)
writing 0x00000000 to 0x00000054 (sequental)
writing 0x00000000 to 0x00000055 (sequental)
writing 0x00000000 to 0x00000056 (sequental)
writing 0x00000000 to 0x00000057 (sequental)
writing 0x00000000 to 0x00000058 (sequental)
writing 0x00000000 to 0x00000059 (sequental)
writing 0x00000000 to 0x0000005A (sequental)
writing 0x00000000 to 0x0000005B (sequental)
writing 0x00000000 to 0x0000005C (sequental)
writing 0x00000000 to 0x0000005D (sequental)
writing 0x00000000 to 0x0000005E (sequental)
writing 0x00000000 to 0x0000005F (sequental)
writing 0x00000000 to 0x00000060 (sequental)
writing 0x00000000 to 0x00000061 (sequental)
writing 0x00000000 to 0x00000062 (sequental)
