<10:18:31> Status packet  ( 16 words BE)
<10:19:07> Status packet  ( 16 words BE)
<10:19:07> Control packet ( 21 words LE)
writing 0x00050000 to 0x000000D8 (sequental)
writing 0x00000000 to 0x000000D9 (sequental)
writing 0x00000000 to 0x000000DA (sequental)
writing 0x00000000 to 0x000000DB (sequental)
writing 0x00000000 to 0x000000DC (sequental)
writing 0x00000000 to 0x000000DD (sequental)
writing 0x00000000 to 0x000000DE (sequental)
writing 0x00000000 to 0x000000DF (sequental)
writing 0x00000000 to 0x000000E0 (sequental)
writing 0x00000000 to 0x000000E1 (sequental)
writing 0x00000000 to 0x000000E2 (sequental)
writing 0xD5D25150 to 0x000000E3 (sequental)
writing 0xD5D25150 to 0x000000E4 (sequental)
writing 0x00000000 to 0x000000E5 (sequental)
writing 0x00000000 to 0x000000E6 (sequental)
writing 0x00000000 to 0x000000E7 (sequental)
writing 0x00000000 to read only 0x000000E8: forbidden
<10:19:52> Status packet  ( 16 words BE)
<10:19:52> Control packet (  3 words LE)
reading  18 words from 0x000000E8 (sequental)
<10:19:54> Status packet  ( 16 words BE)
<10:19:54> Control packet (  3 words LE)
reading  18 words from 0x000000E8 (sequental)
<10:20:00> Status packet  ( 16 words BE)
<10:20:00> Control packet (  3 words LE)
reading  18 words from 0x000000D8 (sequental)
<10:20:01> Status packet  ( 16 words BE)
<10:20:01> Control packet (  3 words LE)
reading  18 words from 0x000000D8 (sequental)
<10:20:02> Status packet  ( 16 words BE)
<10:20:02> Control packet (  3 words LE)
reading  18 words from 0x000000D8 (sequental)
<10:20:03> Status packet  ( 16 words BE)
<10:20:03> Control packet (  3 words LE)
reading  18 words from 0x000000D8 (sequental)
<10:20:08> Status packet  ( 16 words BE)
<10:20:08> Control packet (  3 words LE)
reading  18 words from 0x000000D8 (sequental)
