<15:48:04> Status packet  ( 16 words BE)
<15:50:14> Status packet  ( 16 words BE)
<15:50:14> Control packet ( 14 words LE)
writing 0xAFADAFFF to 0x00000000: out of range, result:0xFFFFFB00 (sequental)
writing 0x00000FF0 to 0x00000001: out of range, result:0x00000500 (sequental)
writing 0x000000AA to 0x00000002 (sequental)
writing 0x00000FFD to 0x00000003 (sequental)
writing 0x000000DD to 0x00000004 (sequental)
writing 0x000000CC to read only 0x00000005: forbidden
<15:51:04> Status packet  ( 16 words BE)
<15:51:04> Control packet ( 14 words LE)
writing 0xAFADAFFF to 0x00000000: out of range, result:0xFFFFFB00 (non-incrementing)
writing 0x00000FF0 to 0x00000000: out of range, result:0x00000500 (non-incrementing)
writing 0x000000AA to 0x00000000 (non-incrementing)
writing 0x00000FFD to 0x00000000: out of range, result:0x00000500 (non-incrementing)
writing 0x000000DD to 0x00000000 (non-incrementing)
writing 0x000000CC to 0x00000000 (non-incrementing)
writing 0x000000EE to 0x00000000 (non-incrementing)
writing 0x000000BB to 0x00000000 (non-incrementing)
writing 0x0000FFF0 to 0x00000000: out of range, result:0x00000500 (non-incrementing)
writing 0x00000000 to 0x00000000 (non-incrementing)
writing 0x000000EE to 0x00000000 (non-incrementing)
<15:51:49> Status packet  ( 16 words BE)
<15:51:49> Control packet (  3 words LE)
reading  11 words from 0x00000000 (non-incrementing)
<15:55:35> Status packet  ( 16 words BE)
<15:55:35> Control packet ( 14 words LE)
writing 0x0000000A to 0x00000000 (non-incrementing)
writing 0x00000000 to 0x00000000 (non-incrementing)
writing 0xD0000000 to 0x00000000: out of range, result:0xFFFFFB00 (non-incrementing)
writing 0x0000000A to 0x00000000 (non-incrementing)
writing 0x00000FFF to 0x00000000: out of range, result:0x00000500 (non-incrementing)
writing 0x00000000 to 0x00000000 (non-incrementing)
writing 0x00000000 to 0x00000000 (non-incrementing)
writing 0x00000000 to 0x00000000 (non-incrementing)
writing 0x00000000 to 0x00000000 (non-incrementing)
writing 0x00000000 to 0x00000000 (non-incrementing)
writing 0x00000DD0 to 0x00000000: out of range, result:0x00000500 (non-incrementing)
<15:55:43> Status packet  ( 16 words BE)
<15:55:43> Control packet (  3 words LE)
reading  11 words from 0x00000000 (non-incrementing)
<15:55:55> Status packet  ( 16 words BE)
<15:55:55> Control packet (  3 words LE)
reading  11 words from 0x00000000 (non-incrementing)
<15:56:38> Status packet  ( 16 words BE)
<15:56:38> Control packet ( 14 words LE)
writing 0x00000A00 to 0x00000000: out of range, result:0x00000500 (sequental)
writing 0x00000B00 to 0x00000001: out of range, result:0x00000500 (sequental)
writing 0x00000C00 to 0x00000002: out of range, result:0x00000400 (sequental)
writing 0x00000D00 to 0x00000003 (sequental)
writing 0x00000F00 to 0x00000004 (sequental)
writing 0x00000100 to read only 0x00000005: forbidden
<16:46:57> Status packet  ( 16 words BE)
<16:46:57> Control packet ( 14 words LE)
writing 0x00000A00 to 0x00000000: out of range, result:0x00000500 (sequental)
writing 0x00000B00 to 0x00000001: out of range, result:0x00000500 (sequental)
writing 0x00000C00 to 0x00000002: out of range, result:0x00000400 (sequental)
writing 0x00000D00 to 0x00000003 (sequental)
writing 0x00000F00 to 0x00000004 (sequental)
writing 0x00000100 to read only 0x00000005: forbidden
<16:48:08> Status packet  ( 16 words BE)
<16:48:08> Control packet ( 14 words LE)
writing 0x00000A00 to 0x00000000: out of range, result:0x00000500 (non-incrementing)
writing 0x00000B00 to 0x00000000: out of range, result:0x00000500 (non-incrementing)
writing 0x00000C00 to 0x00000000: out of range, result:0x00000500 (non-incrementing)
writing 0x00000D00 to 0x00000000: out of range, result:0x00000500 (non-incrementing)
writing 0x00000F00 to 0x00000000: out of range, result:0x00000500 (non-incrementing)
writing 0x00000100 to 0x00000000 (non-incrementing)
writing 0x00000200 to 0x00000000 (non-incrementing)
writing 0x00000300 to 0x00000000 (non-incrementing)
writing 0x00000400 to 0x00000000 (non-incrementing)
writing 0x00000500 to 0x00000000 (non-incrementing)
writing 0x00000600 to 0x00000000: out of range, result:0x00000500 (non-incrementing)
<18:10:18> Control packet (  4 words LE)
writing 0x00000001 to 0x00000000 (sequental)
<18:10:46> Control packet (  5 words LE)
writing 0x00000501 to 0x00000000: out of range, result:0x00000500
<18:10:59> Control packet (  4 words LE)
writing 0x00000001 to 0x00000000 (sequental)
<18:11:23> Control packet (  4 words LE)
writing 0x000004FF to 0x00000000
<18:11:34> Control packet (  4 words LE)
writing 0x00000500 to 0x00000000
<18:11:39> Control packet (  4 words LE)
writing 0x00000501 to 0x00000000: out of range, result:0x00000500
