<11:37:55> Status packet  ( 16 words BE)
<11:37:57> Status packet  ( 16 words BE)
<11:37:57> Control packet (  4 words LE)
writing 0x80000000 to 0x0000001B (sequental)
<11:38:06> Status packet  ( 16 words BE)
<11:38:06> Control packet (  3 words LE)
reading   2 words from 0x000002C0 (sequental)
<11:38:06> Status packet  ( 16 words BE)
<11:38:06> Control packet (  3 words LE)
reading   2 words from 0x000002C0 (sequental)
<11:38:07> Status packet  ( 16 words BE)
<11:38:07> Control packet (  3 words LE)
reading   2 words from 0x000002C0 (sequental)
<11:38:07> Status packet  ( 16 words BE)
<11:38:07> Control packet (  3 words LE)
reading   2 words from 0x000002C0 (sequental)
<11:38:07> Status packet  ( 16 words BE)
<11:38:07> Control packet (  3 words LE)
reading   2 words from 0x000002C0 (sequental)
<11:38:07> Status packet  ( 16 words BE)
<11:38:07> Control packet (  3 words LE)
reading   2 words from 0x000002C0 (sequental)
<11:38:08> Status packet  ( 16 words BE)
<11:38:08> Control packet (  3 words LE)
reading   2 words from 0x000002C0 (sequental)
<11:38:08> Status packet  ( 16 words BE)
<11:38:08> Control packet (  3 words LE)
reading   2 words from 0x000002C0 (sequental)
<11:38:09> Status packet  ( 16 words BE)
<11:38:09> Control packet (  3 words LE)
reading   2 words from 0x000002C0 (sequental)
<11:43:03> Status packet  ( 16 words BE)
<11:43:03> Control packet (  3 words LE)
reading   2 words from 0x000002C0 (sequental)
<11:43:04> Status packet  ( 16 words BE)
<11:43:04> Control packet (  3 words LE)
reading   2 words from 0x000002C0 (sequental)
<11:47:07> Status packet  ( 16 words BE)
<11:47:07> Control packet (  4 words LE)
writing 0x00000200 to 0x0000027F (sequental)
<11:47:15> Status packet  ( 16 words BE)
<11:47:15> Control packet (  3 words LE)
reading   2 words from 0x000002C0 (sequental)
<11:47:16> Status packet  ( 16 words BE)
<11:47:16> Control packet (  3 words LE)
reading   2 words from 0x000002C0 (sequental)
<11:47:17> Status packet  ( 16 words BE)
<11:47:17> Control packet (  3 words LE)
reading   2 words from 0x000002C0 (sequental)
<11:47:17> Status packet  ( 16 words BE)
<11:47:17> Control packet (  3 words LE)
reading   2 words from 0x000002C0 (sequental)
<11:47:17> Status packet  ( 16 words BE)
<11:47:17> Control packet (  3 words LE)
reading   2 words from 0x000002C0 (sequental)
<11:47:18> Status packet  ( 16 words BE)
<11:47:18> Control packet (  3 words LE)
reading   2 words from 0x000002C0 (sequental)
<11:47:18> Status packet  ( 16 words BE)
<11:47:18> Control packet (  3 words LE)
reading   2 words from 0x000002C0 (sequental)
<11:47:18> Status packet  ( 16 words BE)
<11:47:18> Control packet (  3 words LE)
reading   2 words from 0x000002C0 (sequental)
<11:47:39> Status packet  ( 16 words BE)
<11:47:39> Control packet (  4 words LE)
writing 0x00000019 to 0x0000001B (sequental)
<11:49:02> Status packet  ( 16 words BE)
<11:49:02> Control packet (  3 words LE)
reading   1 words from 0x000004C0 (sequental)
<11:49:03> Status packet  ( 16 words BE)
<11:49:03> Control packet (  3 words LE)
reading   1 words from 0x000004C0 (sequental)
<11:49:03> Status packet  ( 16 words BE)
<11:49:03> Control packet (  3 words LE)
reading   1 words from 0x000004C0 (sequental)
<11:49:07> Status packet  ( 16 words BE)
<11:49:07> Control packet (  3 words LE)
reading   1 words from 0x000002C0 (sequental)
<11:49:08> Status packet  ( 16 words BE)
<11:49:08> Control packet (  3 words LE)
reading   1 words from 0x000002C0 (sequental)
<11:49:08> Status packet  ( 16 words BE)
<11:49:08> Control packet (  3 words LE)
reading   1 words from 0x000002C0 (sequental)
<13:53:40> Status packet  ( 16 words BE)
<13:53:40> Control packet (  4 words LE)
writing 0x80000000 to 0x0000001B (sequental)
<13:53:46> Status packet  ( 16 words BE)
<13:53:46> Control packet (  3 words LE)
reading   2 words from 0x000002C0 (sequental)
<13:53:47> Status packet  ( 16 words BE)
<13:53:47> Control packet (  3 words LE)
reading   2 words from 0x000002C0 (sequental)
<13:53:48> Status packet  ( 16 words BE)
<13:53:48> Control packet (  3 words LE)
reading   2 words from 0x000002C0 (sequental)
<13:53:48> Status packet  ( 16 words BE)
<13:53:48> Control packet (  3 words LE)
reading   2 words from 0x000002C0 (sequental)
<13:53:49> Status packet  ( 16 words BE)
<13:53:49> Control packet (  3 words LE)
reading   2 words from 0x000002C0 (sequental)
<13:54:05> Status packet  ( 16 words BE)
<13:54:05> Control packet (  4 words LE)
writing 0x000003FF to 0x00000002 (sequental)
<13:54:12> Status packet  ( 16 words BE)
<13:54:12> Control packet (  3 words LE)
reading   2 words from 0x000002C0 (sequental)
<13:54:12> Status packet  ( 16 words BE)
<13:54:12> Control packet (  3 words LE)
reading   2 words from 0x000002C0 (sequental)
<13:54:14> Status packet  ( 16 words BE)
<13:54:14> Control packet (  3 words LE)
reading   2 words from 0x000002C0 (sequental)
<13:54:15> Status packet  ( 16 words BE)
<13:54:15> Control packet (  3 words LE)
reading   2 words from 0x000002C0 (sequental)
<13:54:15> Status packet  ( 16 words BE)
<13:54:16> Control packet (  3 words LE)
reading   2 words from 0x000002C0 (sequental)
<13:54:16> Status packet  ( 16 words BE)
<13:54:16> Control packet (  3 words LE)
reading   2 words from 0x000002C0 (sequental)
<13:54:17> Status packet  ( 16 words BE)
<13:54:17> Control packet (  3 words LE)
reading   2 words from 0x000002C0 (sequental)
<13:54:28> Status packet  ( 16 words BE)
<13:54:28> Control packet (  4 words LE)
writing 0x00000057 to 0x0000001B (sequental)
<13:54:36> Status packet  ( 16 words BE)
<13:54:36> Control packet (  3 words LE)
reading   2 words from 0x000002C0 (sequental)
<13:54:36> Status packet  ( 16 words BE)
<13:54:36> Control packet (  3 words LE)
reading   2 words from 0x000002C0 (sequental)
<13:54:37> Status packet  ( 16 words BE)
<13:54:37> Control packet (  3 words LE)
reading   2 words from 0x000002C0 (sequental)
<13:54:38> Status packet  ( 16 words BE)
<13:54:38> Control packet (  3 words LE)
reading   2 words from 0x000002C0 (sequental)
<13:54:40> Status packet  ( 16 words BE)
<13:54:40> Control packet (  3 words LE)
reading   2 words from 0x000002C0 (sequental)
<13:54:42> Status packet  ( 16 words BE)
<13:54:42> Control packet (  3 words LE)
reading   2 words from 0x000002C0 (sequental)
<13:54:53> Status packet  ( 16 words BE)
<13:54:53> Control packet (  3 words LE)
reading   2 words from 0x0000001B (sequental)
<13:54:54> Status packet  ( 16 words BE)
<13:54:54> Control packet (  3 words LE)
reading   2 words from 0x0000001B (sequental)
<13:54:55> Status packet  ( 16 words BE)
<13:54:55> Control packet (  3 words LE)
reading   2 words from 0x0000001B (sequental)
<13:55:00> Status packet  ( 16 words BE)
<13:55:00> Control packet (  5 words LE)
writing 0x80000000 to 0x0000001B (sequental)
writing 0x00000000 to 0x0000001C (sequental)
<13:55:06> Status packet  ( 16 words BE)
<13:55:06> Control packet (  3 words LE)
reading   1 words from 0x00000002 (sequental)
<13:55:14> Status packet  ( 16 words BE)
<13:55:14> Control packet (  4 words LE)
writing 0x00000010 to 0x00000002 (sequental)
<13:55:20> Status packet  ( 16 words BE)
<13:55:20> Control packet (  3 words LE)
reading   2 words from 0x000002C0 (sequental)
<13:55:21> Status packet  ( 16 words BE)
<13:55:21> Control packet (  3 words LE)
reading   2 words from 0x000002C0 (sequental)
<13:55:22> Status packet  ( 16 words BE)
<13:55:22> Control packet (  3 words LE)
reading   2 words from 0x000002C0 (sequental)
<13:55:22> Status packet  ( 16 words BE)
<13:55:22> Control packet (  3 words LE)
reading   2 words from 0x000002C0 (sequental)
<13:55:23> Status packet  ( 16 words BE)
<13:55:23> Control packet (  3 words LE)
reading   2 words from 0x000002C0 (sequental)
<13:55:23> Status packet  ( 16 words BE)
<13:55:23> Control packet (  3 words LE)
reading   2 words from 0x000002C0 (sequental)
<13:55:24> Status packet  ( 16 words BE)
<13:55:24> Control packet (  3 words LE)
reading   2 words from 0x000002C0 (sequental)
<13:55:56> Status packet  ( 16 words BE)
<13:55:56> Control packet (  4 words LE)
writing 0xFFFFFC11 to 0x00000002 (sequental)
<13:56:08> Status packet  ( 16 words BE)
<13:56:08> Control packet (  3 words LE)
reading   2 words from 0x000002C0 (sequental)
<13:56:09> Status packet  ( 16 words BE)
<13:56:09> Control packet (  3 words LE)
reading   2 words from 0x000002C0 (sequental)
<13:56:10> Status packet  ( 16 words BE)
<13:56:10> Control packet (  3 words LE)
reading   2 words from 0x000002C0 (sequental)
<13:56:11> Status packet  ( 16 words BE)
<13:56:11> Control packet (  3 words LE)
reading   2 words from 0x000002C0 (sequental)
<13:56:12> Status packet  ( 16 words BE)
<13:56:12> Control packet (  3 words LE)
reading   2 words from 0x000002C0 (sequental)
<13:56:12> Status packet  ( 16 words BE)
<13:56:12> Control packet (  3 words LE)
reading   2 words from 0x000002C0 (sequental)
<13:56:13> Status packet  ( 16 words BE)
<13:56:13> Control packet (  3 words LE)
reading   2 words from 0x000002C0 (sequental)
<14:42:10> Status packet  ( 16 words BE)
<14:42:10> Control packet (  3 words LE)
reading   1 words from 0x0000001A (sequental)
<14:42:12> Status packet  ( 16 words BE)
<14:42:12> Control packet (  3 words LE)
reading   1 words from 0x0000001A (sequental)
<14:42:24> Status packet  ( 16 words BE)
<14:42:24> Control packet (  4 words LE)
writing 0x80000000 to 0x0000001B (sequental)
<14:42:35> Status packet  ( 16 words BE)
<14:42:35> Control packet (  3 words LE)
reading   2 words from 0x000002C0 (sequental)
<14:42:36> Status packet  ( 16 words BE)
<14:42:36> Control packet (  3 words LE)
reading   2 words from 0x000002C0 (sequental)
<14:42:37> Status packet  ( 16 words BE)
<14:42:37> Control packet (  3 words LE)
reading   2 words from 0x000002C0 (sequental)
<14:42:40> Status packet  ( 16 words BE)
<14:42:40> Control packet (  3 words LE)
reading   7 words from 0x000002C0 (sequental)
<14:42:41> Status packet  ( 16 words BE)
<14:42:41> Control packet (  3 words LE)
reading   7 words from 0x000002C0 (sequental)
<14:42:43> Status packet  ( 16 words BE)
<14:42:43> Control packet (  3 words LE)
reading   7 words from 0x000002C0 (sequental)
<14:42:44> Status packet  ( 16 words BE)
<14:42:44> Control packet (  3 words LE)
reading   7 words from 0x000002C0 (sequental)
<14:42:45> Status packet  ( 16 words BE)
<14:42:45> Control packet (  3 words LE)
reading   7 words from 0x000002C0 (sequental)
<14:42:47> Status packet  ( 16 words BE)
<14:42:47> Control packet (  3 words LE)
reading   7 words from 0x000002C0 (sequental)
<14:42:48> Status packet  ( 16 words BE)
<14:42:48> Control packet (  3 words LE)
reading   7 words from 0x000002C0 (sequental)
<14:42:50> Status packet  ( 16 words BE)
<14:42:50> Control packet (  3 words LE)
reading   7 words from 0x000002C0 (sequental)
<14:42:51> Status packet  ( 16 words BE)
<14:42:51> Control packet (  3 words LE)
reading   7 words from 0x000002C0 (sequental)
<14:42:53> Status packet  ( 16 words BE)
<14:42:53> Control packet (  3 words LE)
reading   7 words from 0x000002C0 (sequental)
<14:42:55> Status packet  ( 16 words BE)
<14:42:55> Control packet (  3 words LE)
reading   7 words from 0x000002C0 (sequental)
<14:42:57> Status packet  ( 16 words BE)
<14:42:57> Control packet (  3 words LE)
reading   7 words from 0x000002C0 (sequental)
<14:42:57> Status packet  ( 16 words BE)
<14:42:57> Control packet (  3 words LE)
reading   7 words from 0x000002C0 (sequental)
<14:43:02> Status packet  ( 16 words BE)
<14:43:02> Control packet (  3 words LE)
reading   7 words from 0x000004C0 (sequental)
<14:43:02> Status packet  ( 16 words BE)
<14:43:02> Control packet (  3 words LE)
reading   7 words from 0x000004C0 (sequental)
<14:43:03> Status packet  ( 16 words BE)
<14:43:03> Control packet (  3 words LE)
reading   7 words from 0x000004C0 (sequental)
<14:43:03> Status packet  ( 16 words BE)
<14:43:03> Control packet (  3 words LE)
reading   7 words from 0x000004C0 (sequental)
<14:43:07> Status packet  ( 16 words BE)
<14:43:07> Control packet (  3 words LE)
reading   7 words from 0x000006C0 (sequental)
<14:43:08> Status packet  ( 16 words BE)
<14:43:08> Control packet (  3 words LE)
reading   7 words from 0x000006C0 (sequental)
<14:43:09> Status packet  ( 16 words BE)
<14:43:09> Control packet (  3 words LE)
reading   7 words from 0x000006C0 (sequental)
<14:43:09> Status packet  ( 16 words BE)
<14:43:09> Control packet (  3 words LE)
reading   7 words from 0x000006C0 (sequental)
<14:43:12> Status packet  ( 16 words BE)
<14:43:12> Control packet (  3 words LE)
reading   7 words from 0x000004C0 (sequental)
<14:43:13> Status packet  ( 16 words BE)
<14:43:13> Control packet (  3 words LE)
reading   7 words from 0x000004C0 (sequental)
<14:43:13> Status packet  ( 16 words BE)
<14:43:13> Control packet (  3 words LE)
reading   7 words from 0x000004C0 (sequental)
<14:43:17> Status packet  ( 16 words BE)
<14:43:17> Control packet (  3 words LE)
reading   7 words from 0x000002C0 (sequental)
<14:43:18> Status packet  ( 16 words BE)
<14:43:18> Control packet (  3 words LE)
reading   7 words from 0x000002C0 (sequental)
<14:43:31> Status packet  ( 16 words BE)
<14:43:31> Control packet (  3 words LE)
reading   1 words from 0x0000001A (sequental)
<14:43:36> Status packet  ( 16 words BE)
<14:43:36> Control packet (  4 words LE)
writing 0x90000001 to 0x0000001A (sequental)
<14:43:41> Status packet  ( 16 words BE)
<14:43:41> Control packet (  3 words LE)
reading   1 words from 0x0000001A (sequental)
<14:43:42> Status packet  ( 16 words BE)
<14:43:42> Control packet (  3 words LE)
reading   1 words from 0x0000001A (sequental)
<14:43:45> Status packet  ( 16 words BE)
<14:43:45> Control packet (  3 words LE)
reading   1 words from 0x0000001A (sequental)
<14:43:54> Status packet  ( 16 words BE)
<14:43:54> Control packet (  3 words LE)
reading   6 words from 0x000002C0 (sequental)
<14:43:54> Status packet  ( 16 words BE)
<14:43:54> Control packet (  3 words LE)
reading   6 words from 0x000002C0 (sequental)
<14:43:55> Status packet  ( 16 words BE)
<14:43:55> Control packet (  3 words LE)
reading   6 words from 0x000002C0 (sequental)
<14:43:55> Status packet  ( 16 words BE)
<14:43:55> Control packet (  3 words LE)
reading   6 words from 0x000002C0 (sequental)
<14:43:56> Status packet  ( 16 words BE)
<14:43:56> Control packet (  3 words LE)
reading   6 words from 0x000002C0 (sequental)
<14:44:01> Status packet  ( 16 words BE)
<14:44:01> Control packet (  3 words LE)
reading   6 words from 0x000004C0 (sequental)
<14:44:02> Status packet  ( 16 words BE)
<14:44:02> Control packet (  3 words LE)
reading   6 words from 0x000004C0 (sequental)
<14:44:03> Status packet  ( 16 words BE)
<14:44:03> Control packet (  3 words LE)
reading   6 words from 0x000004C0 (sequental)
<14:44:03> Status packet  ( 16 words BE)
<14:44:03> Control packet (  3 words LE)
reading   6 words from 0x000004C0 (sequental)
<14:44:04> Status packet  ( 16 words BE)
<14:44:04> Control packet (  3 words LE)
reading   6 words from 0x000004C0 (sequental)
<14:44:09> Status packet  ( 16 words BE)
<14:44:09> Control packet (  3 words LE)
reading   6 words from 0x000002C0 (sequental)
<14:44:10> Status packet  ( 16 words BE)
<14:44:10> Control packet (  3 words LE)
reading   6 words from 0x000002C0 (sequental)
<14:44:10> Status packet  ( 16 words BE)
<14:44:10> Control packet (  3 words LE)
reading   6 words from 0x000002C0 (sequental)
<14:44:11> Status packet  ( 16 words BE)
<14:44:11> Control packet (  3 words LE)
reading   6 words from 0x000002C0 (sequental)
<14:44:12> Status packet  ( 16 words BE)
<14:44:12> Control packet (  3 words LE)
reading   6 words from 0x000002C0 (sequental)
<14:44:12> Status packet  ( 16 words BE)
<14:44:12> Control packet (  3 words LE)
reading   6 words from 0x000002C0 (sequental)
<14:44:36> Status packet  ( 16 words BE)
<14:44:36> Control packet (  4 words LE)
writing 0x00000003 to 0x0000001A (sequental)
<14:44:37> Status packet  ( 16 words BE)
<14:44:37> Control packet (  3 words LE)
reading   1 words from 0x0000001A (sequental)
<14:44:38> Status packet  ( 16 words BE)
<14:44:38> Control packet (  3 words LE)
reading   1 words from 0x0000001A (sequental)
<14:44:39> Status packet  ( 16 words BE)
<14:44:39> Control packet (  3 words LE)
reading   1 words from 0x0000001A (sequental)
<14:44:48> Status packet  ( 16 words BE)
<14:44:48> Control packet (  3 words LE)
reading   5 words from 0x000002C0 (sequental)
<14:44:48> Status packet  ( 16 words BE)
<14:44:48> Control packet (  3 words LE)
reading   5 words from 0x000002C0 (sequental)
<14:44:48> Status packet  ( 16 words BE)
<14:44:48> Control packet (  3 words LE)
reading   5 words from 0x000002C0 (sequental)
<14:44:48> Status packet  ( 16 words BE)
<14:44:48> Control packet (  3 words LE)
reading   5 words from 0x000002C0 (sequental)
<14:44:49> Status packet  ( 16 words BE)
<14:44:49> Control packet (  3 words LE)
reading   5 words from 0x000002C0 (sequental)
<14:44:49> Status packet  ( 16 words BE)
<14:44:49> Control packet (  3 words LE)
reading   5 words from 0x000002C0 (sequental)
<14:44:55> Status packet  ( 16 words BE)
<14:44:55> Control packet (  3 words LE)
reading   5 words from 0x000004C0 (sequental)
<14:44:55> Status packet  ( 16 words BE)
<14:44:55> Control packet (  3 words LE)
reading   5 words from 0x000004C0 (sequental)
<14:44:56> Status packet  ( 16 words BE)
<14:44:56> Control packet (  3 words LE)
reading   5 words from 0x000004C0 (sequental)
<14:44:56> Status packet  ( 16 words BE)
<14:44:56> Control packet (  3 words LE)
reading   5 words from 0x000004C0 (sequental)
<14:44:57> Status packet  ( 16 words BE)
<14:44:57> Control packet (  3 words LE)
reading   5 words from 0x000004C0 (sequental)
<14:44:57> Status packet  ( 16 words BE)
<14:44:57> Control packet (  3 words LE)
reading   5 words from 0x000004C0 (sequental)
