<01:09:31> Status packet  ( 16 words BE)
<01:10:47> Status packet  ( 16 words BE)
<01:11:01> Status packet  ( 16 words BE)
<01:11:01> Control packet ( 27 words LE)
writing 0x00000000 to 0x00000200 (sequental)
writing 0x00000000 to 0x00000201 (sequental)
writing 0x00000000 to 0x00000202 (sequental)
writing 0x00000000 to 0x00000203 (sequental)
writing 0x00000000 to 0x00000204 (sequental)
writing 0x00000000 to 0x00000205 (sequental)
writing 0x00000000 to 0x00000206 (sequental)
writing 0x00000000 to 0x00000207 (sequental)
writing 0x00000000 to 0x00000208 (sequental)
writing 0x00000000 to 0x00000209 (sequental)
writing 0x00000000 to 0x0000020A (sequental)
writing 0x00000000 to 0x0000020B (sequental)
writing 0x00000000 to 0x0000020C (sequental)
writing 0x00000000 to 0x0000020D (sequental)
writing 0x00000000 to 0x0000020E (sequental)
writing 0x00000000 to 0x0000020F (sequental)
writing 0x00000000 to 0x00000210 (sequental)
writing 0x00000000 to 0x00000211 (sequental)
writing 0x00000000 to 0x00000212 (sequental)
writing 0x00000000 to 0x00000213 (sequental)
writing 0x00000000 to 0x00000214 (sequental)
writing 0x00000000 to 0x00000215 (sequental)
writing 0x00000000 to 0x00000216 (sequental)
writing 0x00000000 to 0x00000217 (sequental)
<01:13:20> Status packet  ( 16 words BE)
<01:13:20> Control packet ( 27 words LE)
writing 0x0000AAAA to 0x00000000 (sequental)
writing 0x0000FFDF to 0x00000001 (sequental)
writing 0x00003234 to 0x00000002 (sequental)
writing 0x000000EF to 0x00000003 (sequental)
writing 0x0000DFDF to 0x00000004 (sequental)
writing 0x00000DFD to 0x00000005 (sequental)
writing 0x00000DFD to 0x00000006 (sequental)
writing 0x00000000 to 0x00000007 (sequental)
writing 0x00000000 to 0x00000008 (sequental)
writing 0x00000000 to 0x00000009 (sequental)
writing 0x00000000 to 0x0000000A (sequental)
writing 0x00000000 to 0x0000000B (sequental)
writing 0x00000000 to 0x0000000C (sequental)
writing 0x00000000 to 0x0000000D (sequental)
writing 0x00000000 to 0x0000000E (sequental)
writing 0x00000000 to 0x0000000F (sequental)
writing 0x00000000 to 0x00000010 (sequental)
writing 0x00000000 to 0x00000011 (sequental)
writing 0x00000000 to 0x00000012 (sequental)
writing 0x00000000 to 0x00000013 (sequental)
writing 0x00000000 to 0x00000014 (sequental)
writing 0x00000000 to 0x00000015 (sequental)
writing 0x00000000 to 0x00000016 (sequental)
writing 0x00000000 to 0x00000017 (sequental)
<01:16:23> Status packet  ( 16 words BE)
<01:16:23> Control packet ( 27 words LE)
writing 0x00000000 to 0x00000000 (sequental)
writing 0x00000000 to 0x00000001 (sequental)
writing 0x00000000 to 0x00000002 (sequental)
writing 0x00000000 to 0x00000003 (sequental)
writing 0x00000000 to 0x00000004 (sequental)
writing 0x00000000 to 0x00000005 (sequental)
writing 0x00000000 to 0x00000006 (sequental)
writing 0x00000000 to 0x00000007 (sequental)
writing 0x00000000 to 0x00000008 (sequental)
writing 0x00000000 to 0x00000009 (sequental)
writing 0x00000000 to 0x0000000A (sequental)
writing 0x00000000 to 0x0000000B (sequental)
writing 0x00000000 to 0x0000000C (sequental)
writing 0x00000000 to 0x0000000D (sequental)
writing 0x00000000 to 0x0000000E (sequental)
writing 0x00000000 to 0x0000000F (sequental)
writing 0x00000000 to 0x00000010 (sequental)
writing 0x00000000 to 0x00000011 (sequental)
writing 0x00000000 to 0x00000012 (sequental)
writing 0x00000000 to 0x00000013 (sequental)
writing 0x00000000 to 0x00000014 (sequental)
writing 0x00000000 to 0x00000015 (sequental)
writing 0x00000000 to 0x00000016 (sequental)
writing 0x00000000 to 0x00000017 (sequental)
<12:58:45> Status packet  ( 16 words BE)
<12:59:11> Status packet  ( 16 words BE)
<12:59:11> Control packet ( 27 words LE)
writing 0x000000BB to 0x00000201 (sequental)
writing 0x000DFDFD to 0x00000202 (sequental)
writing 0x000FDCDF to 0x00000203 (sequental)
writing 0x00002342 to 0x00000204 (sequental)
writing 0x00004353 to 0x00000205 (sequental)
writing 0x04534564 to 0x00000206 (sequental)
writing 0x00454356 to 0x00000207 (sequental)
writing 0x00000000 to 0x00000208 (sequental)
writing 0x000000DF to 0x00000209 (sequental)
writing 0x00000000 to 0x0000020A (sequental)
writing 0x0FFDFDDF to 0x0000020B (sequental)
writing 0x000DFDF0 to 0x0000020C (sequental)
writing 0x0000DFDF to 0x0000020D (sequental)
writing 0x0000000D to 0x0000020E (sequental)
writing 0xDADADAD0 to 0x0000020F (sequental)
writing 0x000CDCCD to 0x00000210 (sequental)
writing 0x00000000 to 0x00000211 (sequental)
writing 0xADAD00DA to 0x00000212 (sequental)
writing 0x00ADAD00 to 0x00000213 (sequental)
writing 0x00000000 to 0x00000214 (sequental)
writing 0xBBCCCCC0 to 0x00000215 (sequental)
writing 0x00035677 to 0x00000216 (sequental)
writing 0x8878643E to 0x00000217 (sequental)
writing 0x00000000 to 0x00000218 (sequental)
<13:09:33> Status packet  ( 16 words BE)
<13:09:33> Control packet ( 27 words LE)
writing 0x000000BB to 0x00000000 (sequental)
writing 0x000DFDFD to 0x00000001 (sequental)
writing 0x000FDCDF to 0x00000002 (sequental)
writing 0x00002342 to 0x00000003 (sequental)
writing 0x00004353 to 0x00000004 (sequental)
writing 0x04534564 to 0x00000005 (sequental)
writing 0x00454356 to 0x00000006 (sequental)
writing 0x00000000 to 0x00000007 (sequental)
writing 0x000000DF to 0x00000008 (sequental)
writing 0x00000000 to 0x00000009 (sequental)
writing 0x0FFDFDDF to 0x0000000A (sequental)
writing 0x000DFDF0 to 0x0000000B (sequental)
writing 0x0000DFDF to 0x0000000C (sequental)
writing 0x0000000D to 0x0000000D (sequental)
writing 0xDADADAD0 to 0x0000000E (sequental)
writing 0x000CDCCD to 0x0000000F (sequental)
writing 0x00000000 to 0x00000010 (sequental)
writing 0xADAD00DA to 0x00000011 (sequental)
writing 0x00ADAD00 to 0x00000012 (sequental)
writing 0x00000000 to 0x00000013 (sequental)
writing 0xBBCCCCC0 to 0x00000014 (sequental)
writing 0x00035677 to 0x00000015 (sequental)
writing 0x8878643E to 0x00000016 (sequental)
writing 0x00000000 to 0x00000017 (sequental)
