<11:00:00> Status packet  ( 16 words BE)
<11:00:59> Status packet  ( 16 words BE)
<11:00:59> Control packet ( 27 words LE)
writing 0x80FFFFFF to 0x0000001B (sequental)
writing 0x00000000 to 0x0000001C (sequental)
writing 0x00000000 to 0x0000001D (sequental)
writing 0x00000000 to 0x0000001E (sequental)
writing 0x00000000 to 0x0000001F (sequental)
writing 0x00000000 to 0x00000020 (sequental)
writing 0x00000000 to 0x00000021 (sequental)
writing 0x00000000 to 0x00000022 (sequental)
writing 0x00000000 to 0x00000023 (sequental)
writing 0x00000000 to 0x00000024 (sequental)
writing 0x00000000 to 0x00000025 (sequental)
writing 0x00000000 to 0x00000026 (sequental)
writing 0x00000000 to 0x00000027 (sequental)
writing 0x00000000 to 0x00000028 (sequental)
writing 0x00000000 to 0x00000029 (sequental)
writing 0x00000000 to 0x0000002A (sequental)
writing 0x00000000 to 0x0000002B (sequental)
writing 0x00000000 to 0x0000002C (sequental)
writing 0x00000000 to 0x0000002D (sequental)
writing 0x00000000 to 0x0000002E (sequental)
writing 0x00000000 to 0x0000002F (sequental)
writing 0x00000000 to read only 0x00000030: forbidden
<11:01:05> Status packet  ( 16 words BE)
<11:01:05> Control packet (  4 words LE)
writing 0x80FFFFFF to 0x0000001B (sequental)
<11:01:16> Status packet  ( 16 words BE)
<11:01:16> Control packet (  3 words LE)
reading   1 words from 0x000002C0 (sequental)
<11:01:16> Status packet  ( 16 words BE)
<11:01:16> Control packet (  3 words LE)
reading   1 words from 0x000002C0 (sequental)
<11:01:17> Status packet  ( 16 words BE)
<11:01:17> Control packet (  3 words LE)
reading   1 words from 0x000002C0 (sequental)
<11:01:20> Status packet  ( 16 words BE)
<11:01:20> Control packet (  3 words LE)
reading  24 words from 0x000002C0 (sequental)
<11:01:22> Status packet  ( 16 words BE)
<11:01:22> Control packet (  3 words LE)
reading  24 words from 0x000002C0 (sequental)
<11:01:23> Status packet  ( 16 words BE)
<11:01:23> Control packet (  3 words LE)
reading  24 words from 0x000002C0 (sequental)
<11:01:24> Status packet  ( 16 words BE)
<11:01:24> Control packet (  3 words LE)
reading  24 words from 0x000002C0 (sequental)
<11:01:31> Status packet  ( 16 words BE)
<11:01:31> Control packet (  3 words LE)
reading  24 words from 0x000000B1 (sequental)
<11:01:34> Status packet  ( 16 words BE)
<11:01:34> Control packet (  3 words LE)
reading  24 words from 0x000000B1 (sequental)
<11:01:35> Status packet  ( 16 words BE)
<11:01:35> Control packet (  3 words LE)
reading  24 words from 0x000000B1 (sequental)
<11:01:35> Status packet  ( 16 words BE)
<11:01:35> Control packet (  3 words LE)
reading  24 words from 0x000000B1 (sequental)
<11:01:38> Status packet  ( 16 words BE)
<11:01:38> Control packet (  3 words LE)
reading   1 words from 0x000000B1 (sequental)
<11:01:50> Status packet  ( 16 words BE)
<11:01:50> Control packet (  3 words LE)
reading   1 words from 0x0000001B (sequental)
<11:02:32> Status packet  ( 16 words BE)
<11:02:32> Control packet (  3 words LE)
reading   1 words from 0x000002C0 (sequental)
<11:02:33> Status packet  ( 16 words BE)
<11:02:33> Control packet (  3 words LE)
reading   1 words from 0x000002C0 (sequental)
<11:02:33> Status packet  ( 16 words BE)
<11:02:33> Control packet (  3 words LE)
reading   1 words from 0x000002C0 (sequental)
<11:02:33> Status packet  ( 16 words BE)
<11:02:33> Control packet (  3 words LE)
reading   1 words from 0x000002C0 (sequental)
<11:02:33> Status packet  ( 16 words BE)
<11:02:33> Control packet (  3 words LE)
reading   1 words from 0x000002C0 (sequental)
<11:02:33> Status packet  ( 16 words BE)
<11:02:33> Control packet (  3 words LE)
reading   1 words from 0x000002C0 (sequental)
<11:02:33> Status packet  ( 16 words BE)
<11:02:33> Control packet (  3 words LE)
reading   1 words from 0x000002C0 (sequental)
<11:02:36> Status packet  ( 16 words BE)
<11:02:36> Control packet (  3 words LE)
reading  23 words from 0x000002C0 (sequental)
<11:02:36> Status packet  ( 16 words BE)
<11:02:36> Control packet (  3 words LE)
reading  23 words from 0x000002C0 (sequental)
<11:02:36> Status packet  ( 16 words BE)
<11:02:36> Control packet (  3 words LE)
reading  23 words from 0x000002C0 (sequental)
<11:02:37> Status packet  ( 16 words BE)
<11:02:37> Control packet (  3 words LE)
reading  23 words from 0x000002C0 (sequental)
<11:02:37> Status packet  ( 16 words BE)
<11:02:37> Control packet (  3 words LE)
reading  23 words from 0x000002C0 (sequental)
<11:02:37> Status packet  ( 16 words BE)
<11:02:37> Control packet (  3 words LE)
reading  23 words from 0x000002C0 (sequental)
<11:02:37> Status packet  ( 16 words BE)
<11:02:37> Control packet (  3 words LE)
reading  23 words from 0x000002C0 (sequental)
<11:02:37> Status packet  ( 16 words BE)
<11:02:37> Control packet (  3 words LE)
reading  23 words from 0x000002C0 (sequental)
<11:02:37> Status packet  ( 16 words BE)
<11:02:37> Control packet (  3 words LE)
reading  23 words from 0x000002C0 (sequental)
<11:02:38> Status packet  ( 16 words BE)
<11:02:38> Control packet (  3 words LE)
reading  23 words from 0x000002C0 (sequental)
<11:02:38> Status packet  ( 16 words BE)
<11:02:38> Control packet (  3 words LE)
reading  23 words from 0x000002C0 (sequental)
<11:02:38> Status packet  ( 16 words BE)
<11:02:38> Control packet (  3 words LE)
reading  23 words from 0x000002C0 (sequental)
<11:04:19> Status packet  ( 16 words BE)
<11:04:27> Status packet  ( 16 words BE)
<11:04:27> Control packet (  3 words LE)
reading  23 words from 0x000002C0 (sequental)
<11:04:40> Status packet  ( 16 words BE)
<11:04:40> Control packet ( 26 words LE)
writing 0x80000000 to 0x0000001B (sequental)
writing 0x00000000 to 0x0000001C (sequental)
writing 0x00000000 to 0x0000001D (sequental)
writing 0x00000000 to 0x0000001E (sequental)
writing 0x00000000 to 0x0000001F (sequental)
writing 0x00000000 to 0x00000020 (sequental)
writing 0x00000000 to 0x00000021 (sequental)
writing 0x00000000 to 0x00000022 (sequental)
writing 0x00000000 to 0x00000023 (sequental)
writing 0x00000000 to 0x00000024 (sequental)
writing 0x00000000 to 0x00000025 (sequental)
writing 0x00000000 to 0x00000026 (sequental)
writing 0x00000000 to 0x00000027 (sequental)
writing 0x00000000 to 0x00000028 (sequental)
writing 0x00000000 to 0x00000029 (sequental)
writing 0x00000000 to 0x0000002A (sequental)
writing 0x00000000 to 0x0000002B (sequental)
writing 0x00000000 to 0x0000002C (sequental)
writing 0x00000000 to 0x0000002D (sequental)
writing 0x00000000 to 0x0000002E (sequental)
writing 0x00000000 to 0x0000002F (sequental)
writing 0x00000000 to read only 0x00000030: forbidden
<11:07:03> Status packet  ( 16 words BE)
<11:07:03> Control packet ( 26 words LE)
writing 0x80000001 to 0x0000001B (sequental)
writing 0x00000000 to 0x0000001C (sequental)
writing 0x00000000 to 0x0000001D (sequental)
writing 0x00000000 to 0x0000001E (sequental)
writing 0x00000000 to 0x0000001F (sequental)
writing 0x00000000 to 0x00000020 (sequental)
writing 0x00000000 to 0x00000021 (sequental)
writing 0x00000000 to 0x00000022 (sequental)
writing 0x00000000 to 0x00000023 (sequental)
writing 0x00000000 to 0x00000024 (sequental)
writing 0x00000000 to 0x00000025 (sequental)
writing 0x00000000 to 0x00000026 (sequental)
writing 0x00000000 to 0x00000027 (sequental)
writing 0x00000000 to 0x00000028 (sequental)
writing 0x00000000 to 0x00000029 (sequental)
writing 0x00000000 to 0x0000002A (sequental)
writing 0x00000000 to 0x0000002B (sequental)
writing 0x00000000 to 0x0000002C (sequental)
writing 0x00000000 to 0x0000002D (sequental)
writing 0x00000000 to 0x0000002E (sequental)
writing 0x00000000 to 0x0000002F (sequental)
writing 0x00000000 to read only 0x00000030: forbidden
<11:18:08> Status packet  ( 16 words BE)
<11:18:08> Control packet (  4 words LE)
writing 0x80000001 to 0x0000001B (sequental)
<11:18:24> Status packet  ( 16 words BE)
<11:18:24> Control packet (  4 words LE)
writing 0x00000001 to 0x0000001B (sequental)
<11:18:41> Status packet  ( 16 words BE)
<11:18:41> Control packet (  4 words LE)
writing 0x80000001 to 0x0000001B (sequental)
<11:32:33> Status packet  ( 16 words BE)
<11:32:33> Control packet (  4 words LE)
writing 0x80000001 to 0x0000001B (sequental)
<11:32:43> Status packet  ( 16 words BE)
<11:32:43> Control packet (  3 words LE)
reading   1 words from 0x000002C0 (sequental)
<11:32:44> Status packet  ( 16 words BE)
<11:32:44> Control packet (  3 words LE)
reading   1 words from 0x000002C0 (sequental)
<11:32:45> Status packet  ( 16 words BE)
<11:32:45> Control packet (  3 words LE)
reading   1 words from 0x000002C0 (sequental)
<11:32:45> Status packet  ( 16 words BE)
<11:32:45> Control packet (  3 words LE)
reading   1 words from 0x000002C0 (sequental)
<11:32:46> Status packet  ( 16 words BE)
<11:32:46> Control packet (  3 words LE)
reading   1 words from 0x000002C0 (sequental)
<11:32:46> Status packet  ( 16 words BE)
<11:32:46> Control packet (  3 words LE)
reading   1 words from 0x000002C0 (sequental)
<11:32:47> Status packet  ( 16 words BE)
<11:32:47> Control packet (  3 words LE)
reading   1 words from 0x000002C0 (sequental)
<11:32:47> Status packet  ( 16 words BE)
<11:32:47> Control packet (  3 words LE)
reading   1 words from 0x000002C0 (sequental)
<11:32:47> Status packet  ( 16 words BE)
<11:32:47> Control packet (  3 words LE)
reading   1 words from 0x000002C0 (sequental)
<11:32:51> Status packet  ( 16 words BE)
<11:32:51> Control packet (  3 words LE)
reading   1 words from 0x000002C0 (sequental)
<11:32:52> Status packet  ( 16 words BE)
<11:32:52> Control packet (  3 words LE)
reading   1 words from 0x000002C0 (sequental)
<11:32:55> Status packet  ( 16 words BE)
<11:32:55> Control packet (  3 words LE)
reading  23 words from 0x000002C0 (sequental)
<11:34:13> Status packet  ( 16 words BE)
<11:34:13> Control packet ( 26 words LE)
writing 0x00000000 to 0x0000001B (sequental)
writing 0x00000000 to 0x0000001C (sequental)
writing 0x00000000 to 0x0000001D (sequental)
writing 0x00000000 to 0x0000001E (sequental)
writing 0x00000000 to 0x0000001F (sequental)
writing 0x00000000 to 0x00000020 (sequental)
writing 0x00000000 to 0x00000021 (sequental)
writing 0x00000000 to 0x00000022 (sequental)
writing 0x00000000 to 0x00000023 (sequental)
writing 0x00000000 to 0x00000024 (sequental)
writing 0x00000000 to 0x00000025 (sequental)
writing 0x00000000 to 0x00000026 (sequental)
writing 0x00000000 to 0x00000027 (sequental)
writing 0x00000000 to 0x00000028 (sequental)
writing 0x00000000 to 0x00000029 (sequental)
writing 0x00000000 to 0x0000002A (sequental)
writing 0x00000000 to 0x0000002B (sequental)
writing 0x00000000 to 0x0000002C (sequental)
writing 0x00000000 to 0x0000002D (sequental)
writing 0x00000000 to 0x0000002E (sequental)
writing 0x00000000 to 0x0000002F (sequental)
writing 0x00000000 to read only 0x00000030: forbidden
<11:34:39> Status packet  ( 16 words BE)
<11:34:39> Control packet (  3 words LE)
reading   2 words from 0x000002C0 (sequental)
<11:34:39> Status packet  ( 16 words BE)
<11:34:39> Control packet (  3 words LE)
reading   2 words from 0x000002C0 (sequental)
<11:34:40> Status packet  ( 16 words BE)
<11:34:40> Control packet (  3 words LE)
reading   2 words from 0x000002C0 (sequental)
<11:34:40> Status packet  ( 16 words BE)
<11:34:40> Control packet (  3 words LE)
reading   2 words from 0x000002C0 (sequental)
<11:34:41> Status packet  ( 16 words BE)
<11:34:41> Control packet (  3 words LE)
reading   2 words from 0x000002C0 (sequental)
<11:34:42> Status packet  ( 16 words BE)
<11:34:42> Control packet (  3 words LE)
reading   2 words from 0x000002C0 (sequental)
<11:34:44> Status packet  ( 16 words BE)
<11:34:44> Control packet (  3 words LE)
reading   2 words from 0x000002C0 (sequental)
<11:34:44> Status packet  ( 16 words BE)
<11:34:44> Control packet (  3 words LE)
reading   2 words from 0x000002C0 (sequental)
<11:34:45> Status packet  ( 16 words BE)
<11:34:45> Control packet (  3 words LE)
reading   2 words from 0x000002C0 (sequental)
<11:34:46> Status packet  ( 16 words BE)
<11:34:46> Control packet (  3 words LE)
reading   2 words from 0x000002C0 (sequental)
<11:34:46> Status packet  ( 16 words BE)
<11:34:46> Control packet (  3 words LE)
reading   2 words from 0x000002C0 (sequental)
<11:34:46> Status packet  ( 16 words BE)
<11:34:46> Control packet (  3 words LE)
reading   2 words from 0x000002C0 (sequental)
<11:34:47> Status packet  ( 16 words BE)
<11:34:47> Control packet (  3 words LE)
reading   2 words from 0x000002C0 (sequental)
<11:34:47> Status packet  ( 16 words BE)
<11:34:47> Control packet (  3 words LE)
reading   2 words from 0x000002C0 (sequental)
<11:34:47> Status packet  ( 16 words BE)
<11:34:47> Control packet (  3 words LE)
reading   2 words from 0x000002C0 (sequental)
<11:34:47> Status packet  ( 16 words BE)
<11:34:47> Control packet (  3 words LE)
reading   2 words from 0x000002C0 (sequental)
<11:34:47> Status packet  ( 16 words BE)
<11:34:47> Control packet (  3 words LE)
reading   2 words from 0x000002C0 (sequental)
<11:34:47> Status packet  ( 16 words BE)
<11:34:47> Control packet (  3 words LE)
reading   2 words from 0x000002C0 (sequental)
<11:34:48> Status packet  ( 16 words BE)
<11:34:48> Control packet (  3 words LE)
reading   2 words from 0x000002C0 (sequental)
<11:34:48> Status packet  ( 16 words BE)
<11:34:48> Control packet (  3 words LE)
reading   2 words from 0x000002C0 (sequental)
<11:34:48> Status packet  ( 16 words BE)
<11:34:48> Control packet (  3 words LE)
reading   2 words from 0x000002C0 (sequental)
<11:37:01> Status packet  ( 16 words BE)
<11:37:01> Control packet (  4 words LE)
writing 0x00000000 to 0x000000B1 (sequental)
<11:37:10> Status packet  ( 16 words BE)
<11:37:10> Control packet (  4 words LE)
writing 0x00000000 to 0x0000001B (sequental)
<11:37:31> Status packet  ( 16 words BE)
<11:37:31> Control packet (  4 words LE)
writing 0x80000001 to 0x0000001B (sequental)
<11:37:42> Status packet  ( 16 words BE)
<11:37:42> Control packet (  4 words LE)
writing 0x80000FFF to 0x0000001B (sequental)
<11:39:27> Status packet  ( 16 words BE)
<11:39:27> Control packet (  4 words LE)
writing 0x80000FFF to 0x0000001B (sequental)
<11:40:04> Status packet  ( 16 words BE)
<11:40:04> Control packet (  3 words LE)
reading   1 words from 0x000002C0 (sequental)
<11:40:05> Status packet  ( 16 words BE)
<11:40:05> Control packet (  3 words LE)
reading   1 words from 0x000002C0 (sequental)
<11:40:05> Status packet  ( 16 words BE)
<11:40:05> Control packet (  3 words LE)
reading   1 words from 0x000002C0 (sequental)
<11:40:05> Status packet  ( 16 words BE)
<11:40:05> Control packet (  3 words LE)
reading   1 words from 0x000002C0 (sequental)
<11:40:05> Status packet  ( 16 words BE)
<11:40:05> Control packet (  3 words LE)
reading   1 words from 0x000002C0 (sequental)
<11:40:06> Status packet  ( 16 words BE)
<11:40:06> Control packet (  3 words LE)
reading   1 words from 0x000002C0 (sequental)
<11:40:06> Status packet  ( 16 words BE)
<11:40:06> Control packet (  3 words LE)
reading   1 words from 0x000002C0 (sequental)
<11:40:06> Status packet  ( 16 words BE)
<11:40:06> Control packet (  3 words LE)
reading   1 words from 0x000002C0 (sequental)
<11:40:06> Status packet  ( 16 words BE)
<11:40:06> Control packet (  3 words LE)
reading   1 words from 0x000002C0 (sequental)
<11:40:06> Status packet  ( 16 words BE)
<11:40:06> Control packet (  3 words LE)
reading   1 words from 0x000002C0 (sequental)
<11:40:30> Status packet  ( 16 words BE)
<11:40:30> Control packet (  3 words LE)
reading   1 words from 0x0000001B (sequental)
<11:40:32> Status packet  ( 16 words BE)
<11:40:32> Control packet (  4 words LE)
writing 0x80000FFF to 0x0000001B (sequental)
<11:42:49> Status packet  ( 16 words BE)
<11:42:49> Control packet (  4 words LE)
writing 0x80000FFF to 0x0000001B (sequental)
<11:44:31> Status packet  ( 16 words BE)
<11:44:31> Control packet (  4 words LE)
writing 0x80000FFF to 0x0000001B (sequental)
<11:45:36> Status packet  ( 16 words BE)
<11:45:36> Control packet (  4 words LE)
writing 0x80000FFF to 0x0000001B (sequental)
<11:46:39> Status packet  ( 16 words BE)
<11:46:39> Control packet (  4 words LE)
writing 0x80000FFF to 0x0000001B (sequental)
<11:46:47> Status packet  ( 16 words BE)
<11:46:47> Control packet (  3 words LE)
reading   1 words from 0x000002C0 (sequental)
<11:46:48> Status packet  ( 16 words BE)
<11:46:48> Control packet (  3 words LE)
reading   1 words from 0x000002C0 (sequental)
<11:46:48> Status packet  ( 16 words BE)
<11:46:48> Control packet (  3 words LE)
reading   1 words from 0x000002C0 (sequental)
<11:46:49> Status packet  ( 16 words BE)
<11:46:49> Control packet (  3 words LE)
reading   1 words from 0x000002C0 (sequental)
<11:46:50> Status packet  ( 16 words BE)
<11:46:50> Control packet (  3 words LE)
reading   1 words from 0x000002C0 (sequental)
<11:46:50> Status packet  ( 16 words BE)
<11:46:50> Control packet (  3 words LE)
reading   1 words from 0x000002C0 (sequental)
<11:46:51> Status packet  ( 16 words BE)
<11:46:51> Control packet (  3 words LE)
reading   1 words from 0x000002C0 (sequental)
<11:46:51> Status packet  ( 16 words BE)
<11:46:51> Control packet (  3 words LE)
reading   1 words from 0x000002C0 (sequental)
<11:46:52> Status packet  ( 16 words BE)
<11:46:52> Control packet (  3 words LE)
reading   1 words from 0x000002C0 (sequental)
<11:46:52> Status packet  ( 16 words BE)
<11:46:52> Control packet (  3 words LE)
reading   1 words from 0x000002C0 (sequental)
<11:46:53> Status packet  ( 16 words BE)
<11:46:53> Control packet (  3 words LE)
reading   1 words from 0x000002C0 (sequental)
<11:46:53> Status packet  ( 16 words BE)
<11:46:53> Control packet (  3 words LE)
reading   1 words from 0x000002C0 (sequental)
<11:46:54> Status packet  ( 16 words BE)
<11:46:54> Control packet (  3 words LE)
reading   1 words from 0x000002C0 (sequental)
<11:46:55> Status packet  ( 16 words BE)
<11:46:55> Control packet (  3 words LE)
reading   1 words from 0x000002C0 (sequental)
<11:46:55> Status packet  ( 16 words BE)
<11:46:55> Control packet (  3 words LE)
reading   1 words from 0x000002C0 (sequental)
<11:46:56> Status packet  ( 16 words BE)
<11:46:56> Control packet (  3 words LE)
reading   1 words from 0x000002C0 (sequental)
<11:46:56> Status packet  ( 16 words BE)
<11:46:56> Control packet (  3 words LE)
reading   1 words from 0x000002C0 (sequental)
<11:46:57> Status packet  ( 16 words BE)
<11:46:57> Control packet (  3 words LE)
reading   1 words from 0x000002C0 (sequental)
<11:46:57> Status packet  ( 16 words BE)
<11:46:57> Control packet (  3 words LE)
reading   1 words from 0x000002C0 (sequental)
<11:46:57> Status packet  ( 16 words BE)
<11:46:57> Control packet (  3 words LE)
reading   1 words from 0x000002C0 (sequental)
<11:46:57> Status packet  ( 16 words BE)
<11:46:57> Control packet (  3 words LE)
reading   1 words from 0x000002C0 (sequental)
<11:46:57> Status packet  ( 16 words BE)
<11:46:57> Control packet (  3 words LE)
reading   1 words from 0x000002C0 (sequental)
<11:46:58> Status packet  ( 16 words BE)
<11:46:58> Control packet (  3 words LE)
reading   1 words from 0x000002C0 (sequental)
<11:46:58> Status packet  ( 16 words BE)
<11:46:58> Control packet (  3 words LE)
reading   1 words from 0x000002C0 (sequental)
<11:46:58> Status packet  ( 16 words BE)
<11:46:58> Control packet (  3 words LE)
reading   1 words from 0x000002C0 (sequental)
<11:49:03> Status packet  ( 16 words BE)
<11:49:03> Control packet (  4 words LE)
writing 0x8000FFFF to 0x0000001B (sequental)
<11:51:25> Status packet  ( 16 words BE)
<11:51:25> Control packet (  4 words LE)
writing 0x8000FFFF to 0x0000001B (sequental)
<11:51:32> Status packet  ( 16 words BE)
<11:51:32> Control packet (  4 words LE)
writing 0x0000FFFF to 0x0000001B (sequental)
<11:55:38> Status packet  ( 16 words BE)
<11:55:38> Control packet (  4 words LE)
writing 0x0000FFFF to 0x0000001B (sequental)
<11:56:32> Status packet  ( 16 words BE)
<11:56:32> Control packet (  4 words LE)
writing 0x8000FFFF to 0x0000001B (sequental)
<11:58:36> Status packet  ( 16 words BE)
<11:58:36> Control packet (  4 words LE)
writing 0x800FFFFF to 0x0000001B (sequental)
<11:58:48> Status packet  ( 16 words BE)
<11:58:48> Control packet (  3 words LE)
reading   1 words from 0x000002C0 (sequental)
<11:58:49> Status packet  ( 16 words BE)
<11:58:49> Control packet (  3 words LE)
reading   1 words from 0x000002C0 (sequental)
<11:58:49> Status packet  ( 16 words BE)
<11:58:49> Control packet (  3 words LE)
reading   1 words from 0x000002C0 (sequental)
<11:58:49> Status packet  ( 16 words BE)
<11:58:49> Control packet (  3 words LE)
reading   1 words from 0x000002C0 (sequental)
<11:58:50> Status packet  ( 16 words BE)
<11:58:50> Control packet (  3 words LE)
reading   1 words from 0x000002C0 (sequental)
<11:58:50> Status packet  ( 16 words BE)
<11:58:50> Control packet (  3 words LE)
reading   1 words from 0x000002C0 (sequental)
<11:58:52> Status packet  ( 16 words BE)
<11:58:52> Control packet (  3 words LE)
reading  24 words from 0x000002C0 (sequental)
<11:58:53> Status packet  ( 16 words BE)
<11:58:53> Control packet (  3 words LE)
reading  24 words from 0x000002C0 (sequental)
<11:58:53> Status packet  ( 16 words BE)
<11:58:53> Control packet (  3 words LE)
reading  24 words from 0x000002C0 (sequental)
<11:58:53> Status packet  ( 16 words BE)
<11:58:53> Control packet (  3 words LE)
reading  24 words from 0x000002C0 (sequental)
<11:58:53> Status packet  ( 16 words BE)
<11:58:53> Control packet (  3 words LE)
reading  24 words from 0x000002C0 (sequental)
<11:58:54> Status packet  ( 16 words BE)
<11:58:54> Control packet (  3 words LE)
reading  24 words from 0x000002C0 (sequental)
<11:58:54> Status packet  ( 16 words BE)
<11:58:54> Control packet (  3 words LE)
reading  24 words from 0x000002C0 (sequental)
<11:58:54> Status packet  ( 16 words BE)
<11:58:54> Control packet (  3 words LE)
reading  24 words from 0x000002C0 (sequental)
<11:58:54> Status packet  ( 16 words BE)
<11:58:54> Control packet (  3 words LE)
reading  24 words from 0x000002C0 (sequental)
<11:58:54> Status packet  ( 16 words BE)
<11:58:54> Control packet (  3 words LE)
reading  24 words from 0x000002C0 (sequental)
<11:58:55> Status packet  ( 16 words BE)
<11:58:55> Control packet (  3 words LE)
reading  24 words from 0x000002C0 (sequental)
<11:58:55> Status packet  ( 16 words BE)
<11:58:55> Control packet (  3 words LE)
reading  24 words from 0x000002C0 (sequental)
<11:58:55> Status packet  ( 16 words BE)
<11:58:55> Control packet (  3 words LE)
reading  24 words from 0x000002C0 (sequental)
<11:58:55> Status packet  ( 16 words BE)
<11:58:55> Control packet (  3 words LE)
reading  24 words from 0x000002C0 (sequental)
<11:58:55> Status packet  ( 16 words BE)
<11:58:55> Control packet (  3 words LE)
reading  24 words from 0x000002C0 (sequental)
<11:58:55> Status packet  ( 16 words BE)
<11:58:55> Control packet (  3 words LE)
reading  24 words from 0x000002C0 (sequental)
<11:58:56> Status packet  ( 16 words BE)
<11:58:56> Control packet (  3 words LE)
reading  24 words from 0x000002C0 (sequental)
<11:58:56> Status packet  ( 16 words BE)
<11:58:56> Control packet (  3 words LE)
reading  24 words from 0x000002C0 (sequental)
<11:58:56> Status packet  ( 16 words BE)
<11:58:56> Control packet (  3 words LE)
reading  24 words from 0x000002C0 (sequental)
<11:58:56> Status packet  ( 16 words BE)
<11:58:56> Control packet (  3 words LE)
reading  24 words from 0x000002C0 (sequental)
<11:58:56> Status packet  ( 16 words BE)
<11:58:56> Control packet (  3 words LE)
reading  24 words from 0x000002C0 (sequental)
<11:58:56> Status packet  ( 16 words BE)
<11:58:56> Control packet (  3 words LE)
reading  24 words from 0x000002C0 (sequental)
<11:58:57> Status packet  ( 16 words BE)
<11:58:57> Control packet (  3 words LE)
reading  24 words from 0x000002C0 (sequental)
<11:58:57> Status packet  ( 16 words BE)
<11:58:57> Control packet (  3 words LE)
reading  24 words from 0x000002C0 (sequental)
<11:58:57> Status packet  ( 16 words BE)
<11:58:57> Control packet (  3 words LE)
reading  24 words from 0x000002C0 (sequental)
<11:58:57> Status packet  ( 16 words BE)
<11:58:57> Control packet (  3 words LE)
reading  24 words from 0x000002C0 (sequental)
<11:58:57> Status packet  ( 16 words BE)
<11:58:57> Control packet (  3 words LE)
reading  24 words from 0x000002C0 (sequental)
<11:58:58> Status packet  ( 16 words BE)
<11:58:58> Control packet (  3 words LE)
reading  24 words from 0x000002C0 (sequental)
<11:58:58> Status packet  ( 16 words BE)
<11:58:58> Control packet (  3 words LE)
reading  24 words from 0x000002C0 (sequental)
<11:58:58> Status packet  ( 16 words BE)
<11:58:58> Control packet (  3 words LE)
reading  24 words from 0x000002C0 (sequental)
<11:58:58> Status packet  ( 16 words BE)
<11:58:58> Control packet (  3 words LE)
reading  24 words from 0x000002C0 (sequental)
<11:58:58> Status packet  ( 16 words BE)
<11:58:58> Control packet (  3 words LE)
reading  24 words from 0x000002C0 (sequental)
<11:58:58> Status packet  ( 16 words BE)
<11:58:58> Control packet (  3 words LE)
reading  24 words from 0x000002C0 (sequental)
<11:58:59> Status packet  ( 16 words BE)
<11:58:59> Control packet (  3 words LE)
reading  24 words from 0x000002C0 (sequental)
<11:58:59> Status packet  ( 16 words BE)
<11:58:59> Control packet (  3 words LE)
reading  24 words from 0x000002C0 (sequental)
<11:58:59> Status packet  ( 16 words BE)
<11:58:59> Control packet (  3 words LE)
reading  24 words from 0x000002C0 (sequental)
<11:58:59> Status packet  ( 16 words BE)
<11:58:59> Control packet (  3 words LE)
reading  24 words from 0x000002C0 (sequental)
<11:58:59> Status packet  ( 16 words BE)
<11:58:59> Control packet (  3 words LE)
reading  24 words from 0x000002C0 (sequental)
<11:58:59> Status packet  ( 16 words BE)
<11:58:59> Control packet (  3 words LE)
reading  24 words from 0x000002C0 (sequental)
<11:59:00> Status packet  ( 16 words BE)
<11:59:00> Control packet (  3 words LE)
reading  24 words from 0x000002C0 (sequental)
<11:59:00> Status packet  ( 16 words BE)
<11:59:00> Control packet (  3 words LE)
reading  24 words from 0x000002C0 (sequental)
<11:59:00> Status packet  ( 16 words BE)
<11:59:00> Control packet (  3 words LE)
reading  24 words from 0x000002C0 (sequental)
<11:59:00> Status packet  ( 16 words BE)
<11:59:00> Control packet (  3 words LE)
reading  24 words from 0x000002C0 (sequental)
<11:59:00> Status packet  ( 16 words BE)
<11:59:00> Control packet (  3 words LE)
reading  24 words from 0x000002C0 (sequental)
<11:59:00> Status packet  ( 16 words BE)
<11:59:00> Control packet (  3 words LE)
reading  24 words from 0x000002C0 (sequental)
<11:59:01> Status packet  ( 16 words BE)
<11:59:01> Control packet (  3 words LE)
reading  24 words from 0x000002C0 (sequental)
<11:59:01> Status packet  ( 16 words BE)
<11:59:01> Control packet (  3 words LE)
reading  24 words from 0x000002C0 (sequental)
<11:59:16> Status packet  ( 16 words BE)
<11:59:16> Control packet (  4 words LE)
<12:06:34> Status packet  ( 16 words BE)
<12:06:40> Status packet  ( 16 words BE)
<12:06:40> Control packet (  4 words LE)
writing 0x800000F0 to 0x0000001B (sequental)
<12:06:51> Status packet  ( 16 words BE)
<12:06:51> Control packet (  3 words LE)
reading   1 words from 0x000002C0 (sequental)
<12:06:51> Status packet  ( 16 words BE)
<12:06:51> Control packet (  3 words LE)
reading   1 words from 0x000002C0 (sequental)
<12:06:52> Status packet  ( 16 words BE)
<12:06:52> Control packet (  3 words LE)
reading   1 words from 0x000002C0 (sequental)
<12:06:53> Status packet  ( 16 words BE)
<12:06:53> Control packet (  3 words LE)
reading   1 words from 0x000002C0 (sequental)
<12:06:54> Status packet  ( 16 words BE)
<12:06:54> Control packet (  3 words LE)
reading   1 words from 0x000002C0 (sequental)
<12:06:54> Status packet  ( 16 words BE)
<12:06:54> Control packet (  3 words LE)
reading   1 words from 0x000002C0 (sequental)
<12:06:55> Status packet  ( 16 words BE)
<12:06:55> Control packet (  3 words LE)
reading   1 words from 0x000002C0 (sequental)
<12:06:56> Status packet  ( 16 words BE)
<12:06:56> Control packet (  3 words LE)
reading   1 words from 0x000002C0 (sequental)
<12:06:57> Status packet  ( 16 words BE)
<12:06:57> Control packet (  3 words LE)
reading   1 words from 0x000002C0 (sequental)
<12:06:58> Status packet  ( 16 words BE)
<12:06:58> Control packet (  3 words LE)
reading   1 words from 0x000002C0 (sequental)
<12:07:05> Status packet  ( 16 words BE)
<12:07:05> Control packet (  3 words LE)
reading   1 words from 0x0000001B (sequental)
<12:07:09> Status packet  ( 16 words BE)
<12:07:09> Control packet (  4 words LE)
writing 0x800000FF to 0x0000001B (sequental)
<12:07:18> Status packet  ( 16 words BE)
<12:07:18> Control packet (  3 words LE)
reading   1 words from 0x000002C0 (sequental)
<12:07:18> Status packet  ( 16 words BE)
<12:07:18> Control packet (  3 words LE)
reading   1 words from 0x000002C0 (sequental)
<12:07:19> Status packet  ( 16 words BE)
<12:07:19> Control packet (  3 words LE)
reading   1 words from 0x000002C0 (sequental)
<12:07:20> Status packet  ( 16 words BE)
<12:07:20> Control packet (  3 words LE)
reading   1 words from 0x000002C0 (sequental)
<12:07:30> Status packet  ( 16 words BE)
<12:07:30> Control packet (  3 words LE)
reading   1 words from 0x0000001B (sequental)
<12:07:34> Status packet  ( 16 words BE)
<12:07:34> Control packet (  4 words LE)
writing 0x800FFFFF to 0x0000001B (sequental)
<12:07:42> Status packet  ( 16 words BE)
<12:07:42> Control packet (  3 words LE)
reading   1 words from 0x000002C0 (sequental)
<12:07:43> Status packet  ( 16 words BE)
<12:07:43> Control packet (  3 words LE)
reading   1 words from 0x000002C0 (sequental)
<12:07:44> Status packet  ( 16 words BE)
<12:07:44> Control packet (  3 words LE)
reading   1 words from 0x000002C0 (sequental)
<12:07:45> Status packet  ( 16 words BE)
<12:07:45> Control packet (  3 words LE)
reading   1 words from 0x000002C0 (sequental)
<12:07:47> Status packet  ( 16 words BE)
<12:07:47> Control packet (  3 words LE)
reading   1 words from 0x000002C0 (sequental)
<12:07:48> Status packet  ( 16 words BE)
<12:07:48> Control packet (  3 words LE)
reading   1 words from 0x000002C0 (sequental)
<12:07:49> Status packet  ( 16 words BE)
<12:07:49> Control packet (  3 words LE)
reading   1 words from 0x000002C0 (sequental)
<12:07:50> Status packet  ( 16 words BE)
<12:07:50> Control packet (  3 words LE)
reading   1 words from 0x000002C0 (sequental)
<12:07:51> Status packet  ( 16 words BE)
<12:07:51> Control packet (  3 words LE)
reading   1 words from 0x000002C0 (sequental)
<12:07:52> Status packet  ( 16 words BE)
<12:07:52> Control packet (  3 words LE)
reading   1 words from 0x000002C0 (sequental)
<12:07:58> Status packet  ( 16 words BE)
<12:07:58> Control packet (  3 words LE)
reading   1 words from 0x0000001B (sequental)
<12:08:09> Status packet  ( 16 words BE)
<12:08:09> Control packet (  4 words LE)
writing 0x807FFFFF to 0x0000001B (sequental)
<12:08:19> Status packet  ( 16 words BE)
<12:08:19> Control packet (  3 words LE)
reading   1 words from 0x000002C0 (sequental)
<12:08:20> Status packet  ( 16 words BE)
<12:08:20> Control packet (  3 words LE)
reading   1 words from 0x000002C0 (sequental)
<12:08:20> Status packet  ( 16 words BE)
<12:08:20> Control packet (  3 words LE)
reading   1 words from 0x000002C0 (sequental)
<12:08:21> Status packet  ( 16 words BE)
<12:08:21> Control packet (  3 words LE)
reading   1 words from 0x000002C0 (sequental)
<12:08:22> Status packet  ( 16 words BE)
<12:08:22> Control packet (  3 words LE)
reading   1 words from 0x000002C0 (sequental)
<12:08:24> Status packet  ( 16 words BE)
<12:08:24> Control packet (  3 words LE)
reading   1 words from 0x000002C0 (sequental)
<12:08:25> Status packet  ( 16 words BE)
<12:08:25> Control packet (  3 words LE)
reading   1 words from 0x000002C0 (sequental)
<12:08:26> Status packet  ( 16 words BE)
<12:08:26> Control packet (  3 words LE)
reading   1 words from 0x000002C0 (sequental)
<12:08:27> Status packet  ( 16 words BE)
<12:08:27> Control packet (  3 words LE)
reading   1 words from 0x000002C0 (sequental)
<12:08:28> Status packet  ( 16 words BE)
<12:08:28> Control packet (  3 words LE)
reading   1 words from 0x000002C0 (sequental)
<12:08:29> Status packet  ( 16 words BE)
<12:08:29> Control packet (  3 words LE)
reading   1 words from 0x000002C0 (sequental)
<12:08:30> Status packet  ( 16 words BE)
<12:08:30> Control packet (  3 words LE)
reading   1 words from 0x000002C0 (sequental)
<12:08:31> Status packet  ( 16 words BE)
<12:08:31> Control packet (  3 words LE)
reading   1 words from 0x000002C0 (sequental)
<12:08:32> Status packet  ( 16 words BE)
<12:08:32> Control packet (  3 words LE)
reading   1 words from 0x000002C0 (sequental)
<12:08:33> Status packet  ( 16 words BE)
<12:08:33> Control packet (  3 words LE)
reading   1 words from 0x000002C0 (sequental)
<12:08:34> Status packet  ( 16 words BE)
<12:08:34> Control packet (  3 words LE)
reading   1 words from 0x000002C0 (sequental)
<12:08:35> Status packet  ( 16 words BE)
<12:08:35> Control packet (  3 words LE)
reading   1 words from 0x000002C0 (sequental)
<12:08:36> Status packet  ( 16 words BE)
<12:08:36> Control packet (  3 words LE)
reading   1 words from 0x000002C0 (sequental)
<12:08:37> Status packet  ( 16 words BE)
<12:08:37> Control packet (  3 words LE)
reading   1 words from 0x000002C0 (sequental)
<12:08:38> Status packet  ( 16 words BE)
<12:08:38> Control packet (  3 words LE)
reading   1 words from 0x000002C0 (sequental)
<12:08:39> Status packet  ( 16 words BE)
<12:08:39> Control packet (  3 words LE)
reading   1 words from 0x000002C0 (sequental)
<12:08:40> Status packet  ( 16 words BE)
<12:08:40> Control packet (  3 words LE)
reading   1 words from 0x000002C0 (sequental)
<12:08:41> Status packet  ( 16 words BE)
<12:08:41> Control packet (  3 words LE)
reading   1 words from 0x000002C0 (sequental)
<12:08:42> Status packet  ( 16 words BE)
<12:08:42> Control packet (  3 words LE)
reading   1 words from 0x000002C0 (sequental)
<12:08:43> Status packet  ( 16 words BE)
<12:08:43> Control packet (  3 words LE)
reading   1 words from 0x000002C0 (sequental)
<12:08:44> Status packet  ( 16 words BE)
<12:08:44> Control packet (  3 words LE)
reading   1 words from 0x000002C0 (sequental)
<12:08:45> Status packet  ( 16 words BE)
<12:08:45> Control packet (  3 words LE)
reading   1 words from 0x000002C0 (sequental)
<12:08:46> Status packet  ( 16 words BE)
<12:08:46> Control packet (  3 words LE)
reading   1 words from 0x000002C0 (sequental)
<12:08:47> Status packet  ( 16 words BE)
<12:08:47> Control packet (  3 words LE)
reading   1 words from 0x000002C0 (sequental)
<12:08:48> Status packet  ( 16 words BE)
<12:08:48> Control packet (  3 words LE)
reading   1 words from 0x000002C0 (sequental)
<12:08:49> Status packet  ( 16 words BE)
<12:08:49> Control packet (  3 words LE)
reading   1 words from 0x000002C0 (sequental)
<12:08:50> Status packet  ( 16 words BE)
<12:08:50> Control packet (  3 words LE)
reading   1 words from 0x000002C0 (sequental)
<12:08:51> Status packet  ( 16 words BE)
<12:08:51> Control packet (  3 words LE)
reading   1 words from 0x000002C0 (sequental)
<12:08:52> Status packet  ( 16 words BE)
<12:08:52> Control packet (  3 words LE)
reading   1 words from 0x000002C0 (sequental)
<12:08:53> Status packet  ( 16 words BE)
<12:08:53> Control packet (  3 words LE)
reading   1 words from 0x000002C0 (sequental)
<12:08:54> Status packet  ( 16 words BE)
<12:08:54> Control packet (  3 words LE)
reading   1 words from 0x000002C0 (sequental)
<12:08:55> Status packet  ( 16 words BE)
<12:08:55> Control packet (  3 words LE)
reading   1 words from 0x000002C0 (sequental)
<12:08:56> Status packet  ( 16 words BE)
<12:08:56> Control packet (  3 words LE)
reading   1 words from 0x000002C0 (sequental)
<12:08:57> Status packet  ( 16 words BE)
<12:08:57> Control packet (  3 words LE)
reading   1 words from 0x000002C0 (sequental)
<12:08:58> Status packet  ( 16 words BE)
<12:08:58> Control packet (  3 words LE)
reading   1 words from 0x000002C0 (sequental)
<12:08:59> Status packet  ( 16 words BE)
<12:08:59> Control packet (  3 words LE)
reading   1 words from 0x000002C0 (sequental)
<12:09:00> Status packet  ( 16 words BE)
<12:09:00> Control packet (  3 words LE)
reading   1 words from 0x000002C0 (sequental)
<12:09:01> Status packet  ( 16 words BE)
<12:09:01> Control packet (  3 words LE)
reading   1 words from 0x000002C0 (sequental)
<12:09:02> Status packet  ( 16 words BE)
<12:09:02> Control packet (  3 words LE)
reading   1 words from 0x000002C0 (sequental)
<12:09:03> Status packet  ( 16 words BE)
<12:09:03> Control packet (  3 words LE)
reading   1 words from 0x000002C0 (sequental)
<12:09:04> Status packet  ( 16 words BE)
<12:09:04> Control packet (  3 words LE)
reading   1 words from 0x000002C0 (sequental)
<12:09:05> Status packet  ( 16 words BE)
<12:09:05> Control packet (  3 words LE)
reading   1 words from 0x000002C0 (sequental)
<12:09:06> Status packet  ( 16 words BE)
<12:09:06> Control packet (  3 words LE)
reading   1 words from 0x000002C0 (sequental)
<12:09:07> Status packet  ( 16 words BE)
<12:09:07> Control packet (  3 words LE)
reading   1 words from 0x000002C0 (sequental)
<12:09:08> Status packet  ( 16 words BE)
<12:09:08> Control packet (  3 words LE)
reading   1 words from 0x000002C0 (sequental)
<12:09:09> Status packet  ( 16 words BE)
<12:09:09> Control packet (  3 words LE)
reading   1 words from 0x000002C0 (sequental)
<12:09:10> Status packet  ( 16 words BE)
<12:09:10> Control packet (  3 words LE)
reading   1 words from 0x000002C0 (sequental)
<12:09:11> Status packet  ( 16 words BE)
<12:09:11> Control packet (  3 words LE)
reading   1 words from 0x000002C0 (sequental)
<12:09:12> Status packet  ( 16 words BE)
<12:09:12> Control packet (  3 words LE)
reading   1 words from 0x000002C0 (sequental)
<12:09:13> Status packet  ( 16 words BE)
<12:09:13> Control packet (  3 words LE)
reading   1 words from 0x000002C0 (sequental)
<12:09:14> Status packet  ( 16 words BE)
<12:09:14> Control packet (  3 words LE)
reading   1 words from 0x000002C0 (sequental)
<12:09:15> Status packet  ( 16 words BE)
<12:09:15> Control packet (  3 words LE)
reading   1 words from 0x000002C0 (sequental)
<12:09:16> Status packet  ( 16 words BE)
<12:09:16> Control packet (  3 words LE)
reading   1 words from 0x000002C0 (sequental)
<12:09:17> Status packet  ( 16 words BE)
<12:09:17> Control packet (  3 words LE)
reading   1 words from 0x000002C0 (sequental)
<12:09:18> Status packet  ( 16 words BE)
<12:09:18> Control packet (  3 words LE)
reading   1 words from 0x000002C0 (sequental)
<12:09:19> Status packet  ( 16 words BE)
<12:09:19> Control packet (  3 words LE)
reading   1 words from 0x000002C0 (sequental)
<12:09:20> Status packet  ( 16 words BE)
<12:09:20> Control packet (  3 words LE)
reading   1 words from 0x000002C0 (sequental)
<12:09:21> Status packet  ( 16 words BE)
<12:09:21> Control packet (  3 words LE)
reading   1 words from 0x000002C0 (sequental)
<12:09:22> Status packet  ( 16 words BE)
<12:09:22> Control packet (  3 words LE)
reading   1 words from 0x000002C0 (sequental)
<12:09:23> Status packet  ( 16 words BE)
<12:09:23> Control packet (  3 words LE)
reading   1 words from 0x000002C0 (sequental)
<12:09:24> Status packet  ( 16 words BE)
<12:09:24> Control packet (  3 words LE)
reading   1 words from 0x000002C0 (sequental)
<12:09:25> Status packet  ( 16 words BE)
<12:09:25> Control packet (  3 words LE)
reading   1 words from 0x0000001B (sequental)
<12:09:28> Status packet  ( 16 words BE)
<12:09:28> Control packet (  3 words LE)
reading   1 words from 0x0000001B (sequental)
<12:09:33> Status packet  ( 16 words BE)
<12:09:33> Control packet (  4 words LE)
<12:12:42> Status packet  ( 16 words BE)
<12:12:47> Status packet  ( 16 words BE)
<12:12:47> Control packet (  4 words LE)
writing 0x8000FFFF to 0x0000001B (sequental)
<12:12:59> Status packet  ( 16 words BE)
<12:12:59> Control packet (  3 words LE)
reading   1 words from 0x000002C0 (sequental)
<12:13:00> Status packet  ( 16 words BE)
<12:13:00> Control packet (  3 words LE)
reading   1 words from 0x000002C0 (sequental)
<12:13:00> Status packet  ( 16 words BE)
<12:13:00> Control packet (  3 words LE)
reading   1 words from 0x000002C0 (sequental)
<12:13:00> Status packet  ( 16 words BE)
<12:13:00> Control packet (  3 words LE)
reading   1 words from 0x000002C0 (sequental)
<12:13:01> Status packet  ( 16 words BE)
<12:13:01> Control packet (  3 words LE)
reading   1 words from 0x000002C0 (sequental)
<12:13:01> Status packet  ( 16 words BE)
<12:13:01> Control packet (  3 words LE)
reading   1 words from 0x000002C0 (sequental)
<12:13:01> Status packet  ( 16 words BE)
<12:13:01> Control packet (  3 words LE)
reading   1 words from 0x000002C0 (sequental)
<12:13:07> Status packet  ( 16 words BE)
<12:13:07> Control packet (  3 words LE)
reading   1 words from 0x0000001B (sequental)
<12:13:08> Status packet  ( 16 words BE)
<12:13:08> Control packet (  3 words LE)
reading   1 words from 0x0000001B (sequental)
<12:13:08> Status packet  ( 16 words BE)
<12:13:08> Control packet (  3 words LE)
reading   1 words from 0x0000001B (sequental)
<12:13:12> Status packet  ( 16 words BE)
<12:13:12> Control packet (  4 words LE)
writing 0x80000000 to 0x0000001B (sequental)
<12:13:23> Status packet  ( 16 words BE)
<12:13:23> Control packet (  3 words LE)
reading   1 words from 0x000002C0 (sequental)
<12:13:23> Status packet  ( 16 words BE)
<12:13:23> Control packet (  3 words LE)
reading   1 words from 0x000002C0 (sequental)
<12:13:24> Status packet  ( 16 words BE)
<12:13:24> Control packet (  3 words LE)
reading   1 words from 0x000002C0 (sequental)
<12:13:25> Status packet  ( 16 words BE)
<12:13:25> Control packet (  3 words LE)
reading   1 words from 0x000002C0 (sequental)
<12:13:26> Status packet  ( 16 words BE)
<12:13:26> Control packet (  3 words LE)
reading   1 words from 0x000002C0 (sequental)
<12:13:27> Status packet  ( 16 words BE)
<12:13:27> Control packet (  3 words LE)
reading   1 words from 0x000002C0 (sequental)
<12:13:27> Status packet  ( 16 words BE)
<12:13:27> Control packet (  3 words LE)
reading   1 words from 0x000002C0 (sequental)
<12:13:29> Status packet  ( 16 words BE)
<12:13:29> Control packet (  3 words LE)
reading   1 words from 0x000002C0 (sequental)
<12:13:30> Status packet  ( 16 words BE)
<12:13:30> Control packet (  3 words LE)
reading   1 words from 0x000002C0 (sequental)
<12:13:31> Status packet  ( 16 words BE)
<12:13:31> Control packet (  3 words LE)
reading   1 words from 0x000002C0 (sequental)
<12:13:32> Status packet  ( 16 words BE)
<12:13:32> Control packet (  3 words LE)
reading   1 words from 0x000002C0 (sequental)
<12:13:33> Status packet  ( 16 words BE)
<12:13:33> Control packet (  3 words LE)
reading   1 words from 0x000002C0 (sequental)
<12:13:34> Status packet  ( 16 words BE)
<12:13:34> Control packet (  3 words LE)
reading   1 words from 0x000002C0 (sequental)
<12:13:35> Status packet  ( 16 words BE)
<12:13:35> Control packet (  3 words LE)
reading   1 words from 0x000002C0 (sequental)
<12:13:36> Status packet  ( 16 words BE)
<12:13:36> Control packet (  3 words LE)
reading   1 words from 0x000002C0 (sequental)
<12:13:37> Status packet  ( 16 words BE)
<12:13:37> Control packet (  3 words LE)
reading   1 words from 0x000002C0 (sequental)
<12:13:38> Status packet  ( 16 words BE)
<12:13:38> Control packet (  3 words LE)
reading   1 words from 0x000002C0 (sequental)
<12:13:39> Status packet  ( 16 words BE)
<12:13:39> Control packet (  3 words LE)
reading   1 words from 0x000002C0 (sequental)
<12:13:40> Status packet  ( 16 words BE)
<12:13:40> Control packet (  3 words LE)
reading   1 words from 0x000002C0 (sequental)
<12:13:41> Status packet  ( 16 words BE)
<12:13:41> Control packet (  3 words LE)
reading   1 words from 0x000002C0 (sequental)
<12:13:42> Status packet  ( 16 words BE)
<12:13:42> Control packet (  3 words LE)
reading   1 words from 0x000002C0 (sequental)
<12:13:43> Status packet  ( 16 words BE)
<12:13:43> Control packet (  3 words LE)
reading   1 words from 0x000002C0 (sequental)
<12:13:44> Status packet  ( 16 words BE)
<12:13:44> Control packet (  3 words LE)
reading   1 words from 0x000002C0 (sequental)
<12:13:45> Status packet  ( 16 words BE)
<12:13:45> Control packet (  3 words LE)
reading   1 words from 0x000002C0 (sequental)
<12:13:46> Status packet  ( 16 words BE)
<12:13:46> Control packet (  3 words LE)
reading   1 words from 0x000002C0 (sequental)
<12:13:47> Status packet  ( 16 words BE)
<12:13:47> Control packet (  3 words LE)
reading   1 words from 0x000002C0 (sequental)
<12:13:48> Status packet  ( 16 words BE)
<12:13:48> Control packet (  3 words LE)
reading   1 words from 0x000002C0 (sequental)
<12:13:49> Status packet  ( 16 words BE)
<12:13:49> Control packet (  3 words LE)
reading   1 words from 0x000002C0 (sequental)
<12:13:50> Status packet  ( 16 words BE)
<12:13:50> Control packet (  3 words LE)
reading   1 words from 0x000002C0 (sequental)
<12:13:51> Status packet  ( 16 words BE)
<12:13:51> Control packet (  3 words LE)
reading   1 words from 0x000002C0 (sequental)
<12:13:52> Status packet  ( 16 words BE)
<12:13:52> Control packet (  3 words LE)
reading   1 words from 0x000002C0 (sequental)
<12:13:53> Status packet  ( 16 words BE)
<12:13:53> Control packet (  3 words LE)
reading   1 words from 0x000002C0 (sequental)
<12:13:54> Status packet  ( 16 words BE)
<12:13:54> Control packet (  3 words LE)
reading   1 words from 0x000002C0 (sequental)
<12:13:55> Status packet  ( 16 words BE)
<12:13:55> Control packet (  3 words LE)
reading   1 words from 0x000002C0 (sequental)
<12:13:56> Status packet  ( 16 words BE)
<12:13:56> Control packet (  3 words LE)
reading   1 words from 0x000002C0 (sequental)
<12:13:57> Status packet  ( 16 words BE)
<12:13:57> Control packet (  3 words LE)
reading   1 words from 0x000002C0 (sequental)
<12:13:58> Status packet  ( 16 words BE)
<12:13:58> Control packet (  3 words LE)
reading   1 words from 0x000002C0 (sequental)
<12:13:59> Status packet  ( 16 words BE)
<12:13:59> Control packet (  3 words LE)
reading   1 words from 0x000002C0 (sequental)
<12:14:00> Status packet  ( 16 words BE)
<12:14:00> Control packet (  3 words LE)
reading   1 words from 0x000002C0 (sequental)
<12:14:01> Status packet  ( 16 words BE)
<12:14:01> Control packet (  3 words LE)
reading   1 words from 0x000002C0 (sequental)
<12:14:02> Status packet  ( 16 words BE)
<12:14:02> Control packet (  3 words LE)
reading   1 words from 0x000002C0 (sequental)
<12:14:03> Status packet  ( 16 words BE)
<12:14:03> Control packet (  3 words LE)
reading   1 words from 0x000002C0 (sequental)
<12:14:04> Status packet  ( 16 words BE)
<12:14:04> Control packet (  3 words LE)
reading   1 words from 0x000002C0 (sequental)
<12:14:05> Status packet  ( 16 words BE)
<12:14:05> Control packet (  3 words LE)
reading   1 words from 0x000002C0 (sequental)
<12:14:06> Status packet  ( 16 words BE)
<12:14:06> Control packet (  3 words LE)
reading   1 words from 0x000002C0 (sequental)
<12:14:07> Status packet  ( 16 words BE)
<12:14:07> Control packet (  3 words LE)
reading   1 words from 0x000002C0 (sequental)
<12:14:08> Status packet  ( 16 words BE)
<12:14:08> Control packet (  3 words LE)
reading   1 words from 0x000002C0 (sequental)
<12:14:09> Status packet  ( 16 words BE)
<12:14:09> Control packet (  3 words LE)
reading   1 words from 0x000002C0 (sequental)
<12:14:10> Status packet  ( 16 words BE)
<12:14:10> Control packet (  3 words LE)
reading   1 words from 0x000002C0 (sequental)
<12:14:11> Status packet  ( 16 words BE)
<12:14:11> Control packet (  3 words LE)
reading   1 words from 0x000002C0 (sequental)
<12:14:12> Status packet  ( 16 words BE)
<12:14:12> Control packet (  3 words LE)
reading   1 words from 0x000002C0 (sequental)
<12:14:13> Status packet  ( 16 words BE)
<12:14:13> Control packet (  3 words LE)
reading   1 words from 0x000002C0 (sequental)
<12:14:14> Status packet  ( 16 words BE)
<12:14:14> Control packet (  3 words LE)
reading   1 words from 0x000002C0 (sequental)
