<23:33:36> Status packet  ( 16 words BE)
<23:33:58> Status packet  ( 16 words BE)
<23:33:58> Control packet ( 27 words LE)
writing 0x000000E4 to 0x00000000 (sequental)
writing 0x00000000 to 0x00000001 (sequental)
writing 0x000003BA to 0x00000002 (sequental)
writing 0x00000000 to 0x00000003 (sequental)
writing 0x000003BA to 0x00000004 (sequental)
writing 0x00000000 to read only 0x00000005: forbidden
<23:34:27> Status packet  ( 16 words BE)
<23:34:27> Control packet ( 27 words LE)
writing 0x000000E4 to 0x00000000 (sequental)
writing 0x00000000 to 0x00000001 (sequental)
writing 0x000003BA to 0x00000002 (sequental)
writing 0x00000000 to 0x00000003 (sequental)
writing 0x000003BA to 0x00000004 (sequental)
writing 0x00000000 to read only 0x00000005: forbidden
<23:34:31> Status packet  ( 16 words BE)
<23:34:31> Control packet (  3 words LE)
reading  24 words from 0x00000000 (sequental)
<23:38:33> Status packet  ( 16 words BE)
<23:38:39> Status packet  ( 16 words BE)
<23:38:39> Control packet ( 27 words LE)
writing 0x000000E4 to 0x00000000 (sequental)
writing 0x00000000 to 0x00000001 (sequental)
writing 0x000003BA to 0x00000002 (sequental)
writing 0x00000000 to 0x00000003 (sequental)
writing 0x0000000A to 0x00000004 (sequental)
writing 0x000000EC to 0x00000005 (sequental)
writing 0x00000000 to 0x00000006 (sequental)
writing 0x00000000 to 0x00000007 (sequental)
writing 0x00000000 to 0x00000008 (sequental)
writing 0x00000000 to 0x00000009 (sequental)
writing 0x00000000 to 0x0000000A (sequental)
writing 0x00000000 to 0x0000000B (sequental)
writing 0x00000000 to 0x0000000C (sequental)
writing 0x00000000 to 0x0000000D (sequental)
writing 0x00000000 to 0x0000000E (sequental)
writing 0x00000000 to 0x0000000F (sequental)
writing 0xD5D25150 to 0x00000010 (sequental)
writing 0xD5D25150 to 0x00000011 (sequental)
writing 0x00000000 to 0x00000012 (sequental)
writing 0x00000000 to 0x00000013 (sequental)
writing 0x00000000 to 0x00000014 (sequental)
writing 0x00000000 to 0x00000015 (sequental)
writing 0x00000000 to 0x00000016 (sequental)
writing 0x00000000 to 0x00000017 (sequental)
<23:39:25> Status packet  ( 16 words BE)
<23:39:25> Control packet (  3 words LE)
reading  18 words from 0x00000005 (sequental)
