<12:06:59> Status packet  ( 16 words BE)
<12:07:03> Status packet  ( 16 words BE)
<12:07:29> Status packet  ( 16 words BE)
<12:07:29> Control packet (  4 words LE)
writing 0x80000000 to 0x0000001B (sequental)
<12:08:57> Status packet  ( 16 words BE)
<12:08:57> Control packet (  4 words LE)
writing 0x00000100 to 0x0000007F (sequental)
<12:12:06> Status packet  ( 16 words BE)
<12:12:06> Control packet (  4 words LE)
writing 0x80000000 to 0x0000001B (sequental)
<12:12:12> Status packet  ( 16 words BE)
<12:12:12> Control packet (  3 words LE)
reading   1 words from 0x000002C0 (sequental)
<12:12:12> Status packet  ( 16 words BE)
<12:12:12> Control packet (  3 words LE)
reading   1 words from 0x000002C0 (sequental)
<12:12:12> Status packet  ( 16 words BE)
<12:12:12> Control packet (  3 words LE)
reading   1 words from 0x000002C0 (sequental)
<12:12:13> Status packet  ( 16 words BE)
<12:12:13> Control packet (  3 words LE)
reading   1 words from 0x000002C0 (sequental)
<12:12:13> Status packet  ( 16 words BE)
<12:12:13> Control packet (  3 words LE)
reading   1 words from 0x000002C0 (sequental)
<12:12:13> Status packet  ( 16 words BE)
<12:12:13> Control packet (  3 words LE)
reading   1 words from 0x000002C0 (sequental)
<12:12:13> Status packet  ( 16 words BE)
<12:12:13> Control packet (  3 words LE)
reading   1 words from 0x000002C0 (sequental)
<12:12:13> Status packet  ( 16 words BE)
<12:12:13> Control packet (  3 words LE)
reading   1 words from 0x000002C0 (sequental)
<12:12:14> Status packet  ( 16 words BE)
<12:12:14> Control packet (  3 words LE)
reading   1 words from 0x000002C0 (sequental)
<12:12:14> Status packet  ( 16 words BE)
<12:12:14> Control packet (  3 words LE)
reading   1 words from 0x000002C0 (sequental)
<12:12:15> Status packet  ( 16 words BE)
<12:12:15> Control packet (  3 words LE)
reading   1 words from 0x000002C0 (sequental)
<12:12:15> Status packet  ( 16 words BE)
<12:12:15> Control packet (  3 words LE)
reading   1 words from 0x000002C0 (sequental)
<12:12:15> Status packet  ( 16 words BE)
<12:12:15> Control packet (  3 words LE)
reading   1 words from 0x000002C0 (sequental)
<12:12:16> Status packet  ( 16 words BE)
<12:12:16> Control packet (  3 words LE)
reading   1 words from 0x000002C0 (sequental)
<12:12:16> Status packet  ( 16 words BE)
<12:12:16> Control packet (  3 words LE)
reading   1 words from 0x000002C0 (sequental)
<12:12:17> Status packet  ( 16 words BE)
<12:12:17> Control packet (  3 words LE)
reading   1 words from 0x000002C0 (sequental)
<12:12:17> Status packet  ( 16 words BE)
<12:12:17> Control packet (  3 words LE)
reading   1 words from 0x000002C0 (sequental)
<12:12:18> Status packet  ( 16 words BE)
<12:12:18> Control packet (  3 words LE)
reading   1 words from 0x000002C0 (sequental)
<12:12:18> Status packet  ( 16 words BE)
<12:12:18> Control packet (  3 words LE)
reading   1 words from 0x000002C0 (sequental)
<12:12:18> Status packet  ( 16 words BE)
<12:12:18> Control packet (  3 words LE)
reading   1 words from 0x000002C0 (sequental)
<12:12:18> Status packet  ( 16 words BE)
<12:12:18> Control packet (  3 words LE)
reading   1 words from 0x000002C0 (sequental)
<12:12:18> Status packet  ( 16 words BE)
<12:12:18> Control packet (  3 words LE)
reading   1 words from 0x000002C0 (sequental)
<12:12:19> Status packet  ( 16 words BE)
<12:12:19> Control packet (  3 words LE)
reading   1 words from 0x000002C0 (sequental)
<12:12:19> Status packet  ( 16 words BE)
<12:12:19> Control packet (  3 words LE)
reading   1 words from 0x000002C0 (sequental)
<12:12:19> Status packet  ( 16 words BE)
<12:12:19> Control packet (  3 words LE)
reading   1 words from 0x000002C0 (sequental)
<12:12:37> Status packet  ( 16 words BE)
<12:12:37> Control packet (  4 words LE)
writing 0x00000100 to 0x0000007F (sequental)
<12:12:56> Status packet  ( 16 words BE)
<12:12:56> Control packet (  3 words LE)
reading   1 words from 0x0000007F (sequental)
<12:12:57> Status packet  ( 16 words BE)
<12:12:57> Control packet (  3 words LE)
reading   1 words from 0x0000007F (sequental)
<12:12:57> Status packet  ( 16 words BE)
<12:12:57> Control packet (  3 words LE)
reading   1 words from 0x0000007F (sequental)
<12:13:11> Status packet  ( 16 words BE)
<12:13:11> Control packet (  4 words LE)
writing 0x00000100 to 0x0000027F (sequental)
<12:13:19> Status packet  ( 16 words BE)
<12:13:19> Control packet (  3 words LE)
reading   1 words from 0x0000027F (sequental)
<12:13:20> Status packet  ( 16 words BE)
<12:13:20> Control packet (  3 words LE)
reading   1 words from 0x0000027F (sequental)
<12:13:21> Status packet  ( 16 words BE)
<12:13:21> Control packet (  3 words LE)
reading   1 words from 0x0000027F (sequental)
<12:13:21> Status packet  ( 16 words BE)
<12:13:21> Control packet (  3 words LE)
reading   1 words from 0x0000027F (sequental)
<12:13:21> Status packet  ( 16 words BE)
<12:13:21> Control packet (  3 words LE)
reading   1 words from 0x0000027F (sequental)
<12:13:22> Status packet  ( 16 words BE)
<12:13:22> Control packet (  3 words LE)
reading   1 words from 0x0000027F (sequental)
<12:13:22> Status packet  ( 16 words BE)
<12:13:22> Control packet (  3 words LE)
reading   1 words from 0x0000027F (sequental)
<12:13:24> Status packet  ( 16 words BE)
<12:13:24> Control packet (  3 words LE)
reading   1 words from 0x0000027F (sequental)
<12:13:38> Status packet  ( 16 words BE)
<12:13:38> Control packet (  4 words LE)
writing 0x00000200 to 0x0000027F (sequental)
<12:13:43> Status packet  ( 16 words BE)
<12:13:43> Control packet (  3 words LE)
reading   1 words from 0x0000027F (sequental)
<12:26:53> Status packet  ( 16 words BE)
<12:26:53> Control packet (  4 words LE)
writing 0x80000000 to 0x0000001B (sequental)
<12:27:16> Status packet  ( 16 words BE)
<12:27:16> Control packet (  4 words LE)
writing 0x80000FFF to 0x0000001B (sequental)
<12:27:34> Status packet  ( 16 words BE)
<12:27:34> Control packet (  4 words LE)
writing 0x80000000 to 0x0000001B (sequental)
<12:47:27> Status packet  ( 16 words BE)
<12:47:27> Control packet (  4 words LE)
writing 0x80000000 to 0x0000001B (sequental)
<12:47:44> Status packet  ( 16 words BE)
<12:47:44> Control packet (  4 words LE)
writing 0x80000000 to 0x0000001B (sequental)
<12:47:56> Status packet  ( 16 words BE)
<12:47:56> Control packet (  4 words LE)
writing 0x80000FFF to 0x0000001B (sequental)
<12:48:19> Status packet  ( 16 words BE)
<12:48:19> Control packet (  3 words LE)
reading   1 words from 0x0000001B (sequental)
<12:48:20> Status packet  ( 16 words BE)
<12:48:20> Control packet (  4 words LE)
writing 0x80000FFF to 0x0000001B (sequental)
<12:53:34> Status packet  ( 16 words BE)
<12:53:34> Control packet (  4 words LE)
writing 0x80000FFF to 0x0000001B (sequental)
<12:55:10> Status packet  ( 16 words BE)
<12:55:10> Control packet (  4 words LE)
writing 0x80000FFF to 0x0000001B (sequental)
<13:18:29> Status packet  ( 16 words BE)
<13:18:29> Control packet (  4 words LE)
writing 0x80000FFF to 0x0000001B (sequental)
<13:18:40> Status packet  ( 16 words BE)
<13:18:40> Control packet (  4 words LE)
writing 0x80000000 to 0x0000001B (sequental)
<13:19:12> Status packet  ( 16 words BE)
<13:19:12> Control packet (  4 words LE)
writing 0x00000200 to 0x0000007F (sequental)
<13:19:17> Status packet  ( 16 words BE)
<13:19:17> Control packet (  4 words LE)
writing 0x00000200 to 0x0000027F (sequental)
<13:19:38> Status packet  ( 16 words BE)
<13:19:38> Control packet (  4 words LE)
writing 0x00000200 to 0x0000047F (sequental)
<16:16:49> Status packet  ( 16 words BE)
<16:16:49> Control packet (  4 words LE)
writing 0x80000000 to 0x0000001B (sequental)
<16:18:03> Status packet  ( 16 words BE)
<16:18:03> Control packet (  3 words LE)
reading   1 words from 0x00000010 (sequental)
<16:18:04> Status packet  ( 16 words BE)
<16:18:04> Control packet (  3 words LE)
reading   1 words from 0x00000010 (sequental)
<16:18:05> Status packet  ( 16 words BE)
<16:18:05> Control packet (  3 words LE)
reading   1 words from 0x00000010 (sequental)
<16:18:06> Status packet  ( 16 words BE)
<16:18:06> Control packet (  3 words LE)
reading   1 words from 0x00000010 (sequental)
<16:18:07> Status packet  ( 16 words BE)
<16:18:07> Control packet (  3 words LE)
reading   1 words from 0x00000010 (sequental)
<16:18:08> Status packet  ( 16 words BE)
<16:18:08> Control packet (  3 words LE)
reading   1 words from 0x00000010 (sequental)
<16:18:09> Status packet  ( 16 words BE)
<16:18:09> Control packet (  3 words LE)
reading   1 words from 0x00000005 (sequental)
<16:18:10> Status packet  ( 16 words BE)
<16:18:10> Control packet (  3 words LE)
reading   1 words from 0x00000005 (sequental)
<16:18:11> Status packet  ( 16 words BE)
<16:18:11> Control packet (  3 words LE)
reading   1 words from 0x00000005 (sequental)
<16:18:12> Status packet  ( 16 words BE)
<16:18:12> Control packet (  3 words LE)
reading   1 words from 0x00000005 (sequental)
<16:18:13> Status packet  ( 16 words BE)
<16:18:13> Control packet (  3 words LE)
reading   1 words from 0x00000005 (sequental)
<16:18:14> Status packet  ( 16 words BE)
<16:18:14> Control packet (  3 words LE)
reading   1 words from 0x00000005 (sequental)
<16:18:15> Status packet  ( 16 words BE)
<16:18:15> Control packet (  3 words LE)
reading   1 words from 0x00000005 (sequental)
<16:18:16> Status packet  ( 16 words BE)
<16:18:16> Control packet (  3 words LE)
reading   1 words from 0x00000005 (sequental)
<16:18:17> Status packet  ( 16 words BE)
<16:18:17> Control packet (  3 words LE)
reading   1 words from 0x00000005 (sequental)
<16:18:18> Status packet  ( 16 words BE)
<16:18:18> Control packet (  3 words LE)
reading   1 words from 0x00000005 (sequental)
<16:18:19> Status packet  ( 16 words BE)
<16:18:19> Control packet (  3 words LE)
reading   1 words from 0x00000005 (sequental)
<16:18:20> Status packet  ( 16 words BE)
<16:18:20> Control packet (  3 words LE)
reading   1 words from 0x00000005 (sequental)
<16:18:21> Status packet  ( 16 words BE)
<16:18:21> Control packet (  3 words LE)
reading   1 words from 0x00000005 (sequental)
<16:18:22> Status packet  ( 16 words BE)
<16:18:22> Control packet (  3 words LE)
reading   1 words from 0x00000005 (sequental)
<16:18:23> Status packet  ( 16 words BE)
<16:18:23> Control packet (  3 words LE)
reading   1 words from 0x00000005 (sequental)
<16:18:24> Status packet  ( 16 words BE)
<16:18:24> Control packet (  3 words LE)
reading   1 words from 0x00000005 (sequental)
<16:18:25> Status packet  ( 16 words BE)
<16:18:25> Control packet (  3 words LE)
reading   1 words from 0x00000005 (sequental)
<16:18:26> Status packet  ( 16 words BE)
<16:18:26> Control packet (  3 words LE)
reading   1 words from 0x00000005 (sequental)
<16:18:27> Status packet  ( 16 words BE)
<16:18:27> Control packet (  3 words LE)
reading   1 words from 0x00000005 (sequental)
<16:18:28> Status packet  ( 16 words BE)
<16:18:28> Control packet (  3 words LE)
reading   1 words from 0x00000005 (sequental)
<16:18:29> Status packet  ( 16 words BE)
<16:18:29> Control packet (  3 words LE)
reading   1 words from 0x00000005 (sequental)
<16:18:30> Status packet  ( 16 words BE)
<16:18:30> Control packet (  3 words LE)
reading   1 words from 0x00000005 (sequental)
<16:18:31> Status packet  ( 16 words BE)
<16:18:31> Control packet (  3 words LE)
reading   1 words from 0x00000005 (sequental)
<16:18:32> Status packet  ( 16 words BE)
<16:18:32> Control packet (  3 words LE)
reading   1 words from 0x00000005 (sequental)
<16:18:33> Status packet  ( 16 words BE)
<16:18:33> Control packet (  3 words LE)
reading   1 words from 0x00000005 (sequental)
<16:18:34> Status packet  ( 16 words BE)
<16:18:34> Control packet (  3 words LE)
reading   1 words from 0x00000005 (sequental)
<16:18:35> Status packet  ( 16 words BE)
<16:18:35> Control packet (  3 words LE)
reading   1 words from 0x00000005 (sequental)
<16:18:36> Status packet  ( 16 words BE)
<16:18:36> Control packet (  3 words LE)
reading   1 words from 0x00000005 (sequental)
<16:18:37> Status packet  ( 16 words BE)
<16:18:37> Control packet (  3 words LE)
reading   1 words from 0x00000005 (sequental)
<16:18:38> Status packet  ( 16 words BE)
<16:18:38> Control packet (  3 words LE)
reading   1 words from 0x00000005 (sequental)
<16:18:39> Status packet  ( 16 words BE)
<16:18:39> Control packet (  3 words LE)
reading   1 words from 0x00000005 (sequental)
<16:18:40> Status packet  ( 16 words BE)
<16:18:40> Control packet (  3 words LE)
reading   1 words from 0x00000005 (sequental)
<16:18:41> Status packet  ( 16 words BE)
<16:18:41> Control packet (  3 words LE)
reading   1 words from 0x00000005 (sequental)
<16:18:42> Status packet  ( 16 words BE)
<16:18:42> Control packet (  3 words LE)
reading   1 words from 0x00000005 (sequental)
<16:18:43> Status packet  ( 16 words BE)
<16:18:43> Control packet (  3 words LE)
reading   1 words from 0x00000005 (sequental)
<16:18:44> Status packet  ( 16 words BE)
<16:18:44> Control packet (  3 words LE)
reading   1 words from 0x00000005 (sequental)
<16:18:45> Status packet  ( 16 words BE)
<16:18:45> Control packet (  3 words LE)
reading   1 words from 0x00000005 (sequental)
<16:18:46> Status packet  ( 16 words BE)
<16:18:46> Control packet (  3 words LE)
reading   1 words from 0x00000005 (sequental)
<16:18:47> Status packet  ( 16 words BE)
<16:18:47> Control packet (  3 words LE)
reading   1 words from 0x00000005 (sequental)
<16:18:48> Status packet  ( 16 words BE)
<16:18:48> Control packet (  3 words LE)
reading   1 words from 0x00000005 (sequental)
<16:18:49> Status packet  ( 16 words BE)
<16:18:49> Control packet (  3 words LE)
reading   1 words from 0x00000005 (sequental)
<16:18:50> Status packet  ( 16 words BE)
<16:18:50> Control packet (  3 words LE)
reading   1 words from 0x00000005 (sequental)
<16:18:51> Status packet  ( 16 words BE)
<16:18:51> Control packet (  3 words LE)
reading   1 words from 0x00000005 (sequental)
<16:18:52> Status packet  ( 16 words BE)
<16:18:52> Control packet (  3 words LE)
reading   1 words from 0x00000005 (sequental)
<16:18:53> Status packet  ( 16 words BE)
<16:18:53> Control packet (  3 words LE)
reading   1 words from 0x00000005 (sequental)
<16:18:54> Status packet  ( 16 words BE)
<16:18:54> Control packet (  3 words LE)
reading   1 words from 0x00000005 (sequental)
<16:18:55> Status packet  ( 16 words BE)
<16:18:55> Control packet (  3 words LE)
reading   1 words from 0x00000005 (sequental)
<16:18:56> Status packet  ( 16 words BE)
<16:18:56> Control packet (  3 words LE)
reading   1 words from 0x00000005 (sequental)
<16:18:57> Status packet  ( 16 words BE)
<16:18:57> Control packet (  3 words LE)
reading   1 words from 0x00000005 (sequental)
<16:18:58> Status packet  ( 16 words BE)
<16:18:58> Control packet (  3 words LE)
reading   1 words from 0x00000005 (sequental)
<16:18:59> Status packet  ( 16 words BE)
<16:18:59> Control packet (  3 words LE)
reading   1 words from 0x00000005 (sequental)
<16:19:00> Status packet  ( 16 words BE)
<16:19:00> Control packet (  3 words LE)
reading   1 words from 0x00000005 (sequental)
<16:19:01> Status packet  ( 16 words BE)
<16:19:01> Control packet (  3 words LE)
reading   1 words from 0x00000005 (sequental)
<16:21:36> Status packet  ( 16 words BE)
<16:21:36> Control packet (  4 words LE)
writing 0x80000000 to 0x0000001B (sequental)
<16:23:48> Status packet  ( 16 words BE)
<16:23:48> Control packet (  4 words LE)
writing 0x80000000 to 0x0000001B (sequental)
<16:24:00> Status packet  ( 16 words BE)
<16:24:00> Control packet (  3 words LE)
reading   1 words from 0x00000005 (sequental)
<16:24:01> Status packet  ( 16 words BE)
<16:24:01> Control packet (  3 words LE)
reading   1 words from 0x00000005 (sequental)
<16:24:02> Status packet  ( 16 words BE)
<16:24:02> Control packet (  3 words LE)
reading   1 words from 0x00000005 (sequental)
<16:24:03> Status packet  ( 16 words BE)
<16:24:03> Control packet (  3 words LE)
reading   1 words from 0x00000005 (sequental)
<16:24:04> Status packet  ( 16 words BE)
<16:24:04> Control packet (  3 words LE)
reading   1 words from 0x00000005 (sequental)
<16:24:05> Status packet  ( 16 words BE)
<16:24:05> Control packet (  3 words LE)
reading   1 words from 0x00000005 (sequental)
<16:24:06> Status packet  ( 16 words BE)
<16:24:06> Control packet (  3 words LE)
reading   1 words from 0x00000005 (sequental)
<16:24:07> Status packet  ( 16 words BE)
<16:24:07> Control packet (  3 words LE)
reading   1 words from 0x00000005 (sequental)
<16:24:08> Status packet  ( 16 words BE)
<16:24:08> Control packet (  3 words LE)
reading   1 words from 0x00000005 (sequental)
<16:24:09> Status packet  ( 16 words BE)
<16:24:09> Control packet (  3 words LE)
reading   1 words from 0x00000005 (sequental)
<16:24:10> Status packet  ( 16 words BE)
<16:24:10> Control packet (  3 words LE)
reading   1 words from 0x00000005 (sequental)
<16:24:11> Status packet  ( 16 words BE)
<16:24:11> Control packet (  3 words LE)
reading   1 words from 0x00000005 (sequental)
<16:24:12> Status packet  ( 16 words BE)
<16:24:12> Control packet (  3 words LE)
reading   1 words from 0x00000005 (sequental)
<16:24:13> Status packet  ( 16 words BE)
<16:24:13> Control packet (  3 words LE)
reading   1 words from 0x00000005 (sequental)
<16:24:14> Status packet  ( 16 words BE)
<16:24:14> Control packet (  3 words LE)
reading   1 words from 0x00000005 (sequental)
<16:24:15> Status packet  ( 16 words BE)
<16:24:15> Control packet (  3 words LE)
reading   1 words from 0x00000005 (sequental)
<16:24:16> Status packet  ( 16 words BE)
<16:24:16> Control packet (  3 words LE)
reading   1 words from 0x00000005 (sequental)
<16:24:17> Status packet  ( 16 words BE)
<16:24:17> Control packet (  3 words LE)
reading   1 words from 0x00000005 (sequental)
<16:24:18> Status packet  ( 16 words BE)
<16:24:18> Control packet (  3 words LE)
reading   1 words from 0x00000005 (sequental)
<16:24:19> Status packet  ( 16 words BE)
<16:24:19> Control packet (  3 words LE)
reading   1 words from 0x00000005 (sequental)
<16:24:20> Status packet  ( 16 words BE)
<16:24:20> Control packet (  3 words LE)
reading   1 words from 0x00000005 (sequental)
<16:24:21> Status packet  ( 16 words BE)
<16:24:21> Control packet (  3 words LE)
reading   1 words from 0x00000005 (sequental)
<16:24:22> Status packet  ( 16 words BE)
<16:24:22> Control packet (  3 words LE)
reading   1 words from 0x00000005 (sequental)
<16:24:23> Status packet  ( 16 words BE)
<16:24:23> Control packet (  3 words LE)
reading   1 words from 0x00000005 (sequental)
<16:24:24> Status packet  ( 16 words BE)
<16:24:24> Control packet (  3 words LE)
reading   1 words from 0x00000005 (sequental)
<16:24:25> Status packet  ( 16 words BE)
<16:24:25> Control packet (  3 words LE)
reading   1 words from 0x00000005 (sequental)
<16:24:26> Status packet  ( 16 words BE)
<16:24:26> Control packet (  3 words LE)
reading   1 words from 0x00000005 (sequental)
<16:24:27> Status packet  ( 16 words BE)
<16:24:27> Control packet (  3 words LE)
reading   1 words from 0x00000005 (sequental)
<16:24:28> Status packet  ( 16 words BE)
<16:24:28> Control packet (  3 words LE)
reading   1 words from 0x00000005 (sequental)
<16:24:29> Status packet  ( 16 words BE)
<16:24:29> Control packet (  3 words LE)
reading   1 words from 0x00000005 (sequental)
<16:24:30> Status packet  ( 16 words BE)
<16:24:30> Control packet (  3 words LE)
reading   1 words from 0x00000005 (sequental)
<16:24:31> Status packet  ( 16 words BE)
<16:24:31> Control packet (  3 words LE)
reading   1 words from 0x00000005 (sequental)
<16:24:32> Status packet  ( 16 words BE)
<16:24:32> Control packet (  3 words LE)
reading   1 words from 0x00000005 (sequental)
<16:24:33> Status packet  ( 16 words BE)
<16:24:33> Control packet (  3 words LE)
reading   1 words from 0x00000005 (sequental)
<16:24:34> Status packet  ( 16 words BE)
<16:24:34> Control packet (  3 words LE)
reading   1 words from 0x00000005 (sequental)
<16:24:35> Status packet  ( 16 words BE)
<16:24:35> Control packet (  3 words LE)
reading   1 words from 0x00000005 (sequental)
<16:24:36> Status packet  ( 16 words BE)
<16:24:36> Control packet (  3 words LE)
reading   1 words from 0x00000005 (sequental)
<16:24:37> Status packet  ( 16 words BE)
<16:24:37> Control packet (  3 words LE)
reading   1 words from 0x00000005 (sequental)
<16:24:38> Status packet  ( 16 words BE)
<16:24:38> Control packet (  3 words LE)
reading   1 words from 0x00000005 (sequental)
<16:24:39> Status packet  ( 16 words BE)
<16:24:39> Control packet (  3 words LE)
reading   1 words from 0x00000005 (sequental)
<16:24:40> Status packet  ( 16 words BE)
<16:24:40> Control packet (  3 words LE)
reading   1 words from 0x00000005 (sequental)
<16:24:41> Status packet  ( 16 words BE)
<16:24:41> Control packet (  3 words LE)
reading   1 words from 0x00000005 (sequental)
<16:24:42> Status packet  ( 16 words BE)
<16:24:42> Control packet (  3 words LE)
reading   1 words from 0x00000005 (sequental)
<16:24:43> Status packet  ( 16 words BE)
<16:24:43> Control packet (  3 words LE)
reading   1 words from 0x00000005 (sequental)
<16:24:44> Status packet  ( 16 words BE)
<16:24:44> Control packet (  3 words LE)
reading   1 words from 0x00000005 (sequental)
<16:24:45> Status packet  ( 16 words BE)
<16:24:45> Control packet (  3 words LE)
reading   1 words from 0x00000005 (sequental)
<16:24:46> Status packet  ( 16 words BE)
<16:24:46> Control packet (  3 words LE)
reading   1 words from 0x00000005 (sequental)
<16:24:47> Status packet  ( 16 words BE)
<16:24:47> Control packet (  3 words LE)
reading   1 words from 0x00000005 (sequental)
<16:24:48> Status packet  ( 16 words BE)
<16:24:48> Control packet (  3 words LE)
reading   1 words from 0x00000005 (sequental)
<16:24:49> Status packet  ( 16 words BE)
<16:24:49> Control packet (  3 words LE)
reading   1 words from 0x00000005 (sequental)
<16:24:50> Status packet  ( 16 words BE)
<16:24:50> Control packet (  3 words LE)
reading   1 words from 0x00000005 (sequental)
<16:24:51> Status packet  ( 16 words BE)
<16:24:51> Control packet (  3 words LE)
reading   1 words from 0x00000005 (sequental)
<16:24:52> Status packet  ( 16 words BE)
<16:24:52> Control packet (  3 words LE)
reading   1 words from 0x00000005 (sequental)
<16:24:53> Status packet  ( 16 words BE)
<16:24:53> Control packet (  3 words LE)
reading   1 words from 0x00000005 (sequental)
<16:24:54> Status packet  ( 16 words BE)
<16:24:54> Control packet (  3 words LE)
reading   1 words from 0x00000005 (sequental)
<16:24:55> Status packet  ( 16 words BE)
<16:24:55> Control packet (  3 words LE)
reading   1 words from 0x00000005 (sequental)
<16:24:56> Status packet  ( 16 words BE)
<16:24:56> Control packet (  3 words LE)
reading   1 words from 0x00000005 (sequental)
<16:24:57> Status packet  ( 16 words BE)
<16:24:57> Control packet (  3 words LE)
reading   1 words from 0x00000005 (sequental)
<16:24:58> Status packet  ( 16 words BE)
<16:24:58> Control packet (  3 words LE)
reading   1 words from 0x00000005 (sequental)
<16:29:41> Status packet  ( 16 words BE)
<16:29:41> Status packet  ( 16 words BE)
<16:29:41> Control packet (  3 words LE)
reading   1 words from 0x00000005 (sequental)
<16:29:42> Status packet  ( 16 words BE)
<16:29:42> Control packet (  3 words LE)
reading   1 words from 0x00000005 (sequental)
<16:29:43> Status packet  ( 16 words BE)
<16:29:43> Control packet (  3 words LE)
reading   1 words from 0x00000005 (sequental)
<16:29:44> Status packet  ( 16 words BE)
<16:29:44> Control packet (  3 words LE)
reading   1 words from 0x00000005 (sequental)
<16:29:45> Status packet  ( 16 words BE)
<16:29:45> Control packet (  3 words LE)
reading   1 words from 0x00000005 (sequental)
<16:29:46> Status packet  ( 16 words BE)
<16:29:46> Control packet (  3 words LE)
reading   1 words from 0x00000005 (sequental)
<16:29:47> Status packet  ( 16 words BE)
<16:29:47> Control packet (  3 words LE)
reading   1 words from 0x00000005 (sequental)
<16:29:48> Status packet  ( 16 words BE)
<16:29:48> Control packet (  3 words LE)
reading   1 words from 0x00000005 (sequental)
<16:29:49> Status packet  ( 16 words BE)
<16:29:49> Control packet (  3 words LE)
reading   1 words from 0x00000005 (sequental)
<16:29:50> Status packet  ( 16 words BE)
<16:29:50> Control packet (  3 words LE)
reading   1 words from 0x00000005 (sequental)
<16:29:51> Status packet  ( 16 words BE)
<16:29:51> Control packet (  3 words LE)
reading   1 words from 0x00000005 (sequental)
<16:29:52> Status packet  ( 16 words BE)
<16:29:52> Control packet (  3 words LE)
reading   1 words from 0x00000005 (sequental)
<16:29:53> Status packet  ( 16 words BE)
<16:29:53> Control packet (  3 words LE)
reading   1 words from 0x00000005 (sequental)
<16:29:54> Status packet  ( 16 words BE)
<16:29:54> Control packet (  3 words LE)
reading   1 words from 0x00000005 (sequental)
<16:29:55> Status packet  ( 16 words BE)
<16:29:55> Control packet (  3 words LE)
reading   1 words from 0x00000005 (sequental)
<16:29:56> Status packet  ( 16 words BE)
<16:29:56> Control packet (  3 words LE)
reading   1 words from 0x00000005 (sequental)
<16:29:57> Status packet  ( 16 words BE)
<16:29:57> Control packet (  3 words LE)
reading   1 words from 0x00000005 (sequental)
<16:29:58> Status packet  ( 16 words BE)
<16:29:58> Control packet (  3 words LE)
reading   1 words from 0x00000005 (sequental)
<16:29:59> Status packet  ( 16 words BE)
<16:29:59> Control packet (  3 words LE)
reading   1 words from 0x00000005 (sequental)
<16:30:00> Status packet  ( 16 words BE)
<16:30:00> Control packet (  3 words LE)
reading   1 words from 0x00000005 (sequental)
<16:30:01> Status packet  ( 16 words BE)
<16:30:01> Control packet (  3 words LE)
reading   1 words from 0x00000005 (sequental)
<16:30:02> Status packet  ( 16 words BE)
<16:30:02> Control packet (  3 words LE)
reading   1 words from 0x00000005 (sequental)
<16:30:03> Status packet  ( 16 words BE)
<16:30:03> Control packet (  3 words LE)
reading   1 words from 0x00000005 (sequental)
<16:30:04> Status packet  ( 16 words BE)
<16:30:04> Control packet (  3 words LE)
reading   1 words from 0x00000005 (sequental)
<16:30:05> Status packet  ( 16 words BE)
<16:30:05> Control packet (  3 words LE)
reading   1 words from 0x00000005 (sequental)
<16:30:06> Status packet  ( 16 words BE)
<16:30:06> Control packet (  3 words LE)
reading   1 words from 0x00000005 (sequental)
<16:30:07> Status packet  ( 16 words BE)
<16:30:07> Control packet (  3 words LE)
reading   1 words from 0x00000005 (sequental)
<16:30:08> Status packet  ( 16 words BE)
<16:30:08> Control packet (  3 words LE)
reading   1 words from 0x00000005 (sequental)
<16:30:09> Status packet  ( 16 words BE)
<16:30:09> Control packet (  3 words LE)
reading   1 words from 0x00000005 (sequental)
<16:30:10> Status packet  ( 16 words BE)
<16:30:10> Control packet (  3 words LE)
reading   1 words from 0x00000005 (sequental)
<16:30:11> Status packet  ( 16 words BE)
<16:30:11> Control packet (  3 words LE)
reading   1 words from 0x00000005 (sequental)
<16:30:12> Status packet  ( 16 words BE)
<16:30:12> Control packet (  3 words LE)
reading   1 words from 0x00000005 (sequental)
<16:30:13> Status packet  ( 16 words BE)
<16:30:13> Control packet (  3 words LE)
reading   1 words from 0x00000005 (sequental)
<16:30:14> Status packet  ( 16 words BE)
<16:30:14> Control packet (  3 words LE)
reading   1 words from 0x00000005 (sequental)
<16:30:15> Status packet  ( 16 words BE)
<16:30:15> Control packet (  3 words LE)
reading   1 words from 0x00000005 (sequental)
<16:30:16> Status packet  ( 16 words BE)
<16:30:16> Control packet (  3 words LE)
reading   1 words from 0x00000005 (sequental)
<16:30:17> Status packet  ( 16 words BE)
<16:30:17> Control packet (  3 words LE)
reading   1 words from 0x00000005 (sequental)
<16:30:18> Status packet  ( 16 words BE)
<16:30:18> Control packet (  3 words LE)
reading   1 words from 0x00000005 (sequental)
<16:30:19> Status packet  ( 16 words BE)
<16:30:19> Control packet (  3 words LE)
reading   1 words from 0x00000005 (sequental)
<16:30:20> Status packet  ( 16 words BE)
<16:30:20> Control packet (  3 words LE)
reading   1 words from 0x00000005 (sequental)
<16:30:21> Status packet  ( 16 words BE)
<16:30:21> Control packet (  3 words LE)
reading   1 words from 0x00000005 (sequental)
<16:30:22> Status packet  ( 16 words BE)
<16:30:22> Control packet (  3 words LE)
reading   1 words from 0x00000005 (sequental)
<16:30:23> Status packet  ( 16 words BE)
<16:30:23> Control packet (  3 words LE)
reading   1 words from 0x00000005 (sequental)
<16:30:24> Status packet  ( 16 words BE)
<16:30:24> Control packet (  3 words LE)
reading   1 words from 0x00000005 (sequental)
<16:30:25> Status packet  ( 16 words BE)
<16:30:25> Control packet (  3 words LE)
reading   1 words from 0x00000005 (sequental)
<16:30:26> Status packet  ( 16 words BE)
<16:30:26> Control packet (  3 words LE)
reading   1 words from 0x00000005 (sequental)
<16:30:27> Status packet  ( 16 words BE)
<16:30:27> Control packet (  3 words LE)
reading   1 words from 0x00000005 (sequental)
<16:30:28> Status packet  ( 16 words BE)
<16:30:28> Control packet (  3 words LE)
reading   1 words from 0x00000005 (sequental)
<16:30:29> Status packet  ( 16 words BE)
<16:30:29> Control packet (  3 words LE)
reading   1 words from 0x00000005 (sequental)
<16:30:30> Status packet  ( 16 words BE)
<16:30:30> Control packet (  3 words LE)
reading   1 words from 0x00000005 (sequental)
<16:30:31> Status packet  ( 16 words BE)
<16:30:31> Control packet (  3 words LE)
reading   1 words from 0x00000005 (sequental)
<16:30:32> Status packet  ( 16 words BE)
<16:30:32> Control packet (  3 words LE)
reading   1 words from 0x00000005 (sequental)
<16:30:33> Status packet  ( 16 words BE)
<16:30:33> Control packet (  3 words LE)
reading   1 words from 0x00000005 (sequental)
<16:30:34> Status packet  ( 16 words BE)
<16:30:34> Control packet (  3 words LE)
reading   1 words from 0x00000005 (sequental)
<16:30:35> Status packet  ( 16 words BE)
<16:30:35> Control packet (  3 words LE)
reading   1 words from 0x00000005 (sequental)
<16:30:36> Status packet  ( 16 words BE)
<16:30:36> Control packet (  3 words LE)
reading   1 words from 0x00000005 (sequental)
<16:30:37> Status packet  ( 16 words BE)
<16:30:37> Control packet (  3 words LE)
reading   1 words from 0x00000005 (sequental)
<16:30:38> Status packet  ( 16 words BE)
<16:30:38> Control packet (  3 words LE)
reading   1 words from 0x00000005 (sequental)
<16:30:39> Status packet  ( 16 words BE)
<16:30:39> Control packet (  3 words LE)
reading   1 words from 0x00000005 (sequental)
<16:30:40> Status packet  ( 16 words BE)
<16:30:40> Control packet (  3 words LE)
reading   1 words from 0x00000005 (sequental)
<16:30:41> Status packet  ( 16 words BE)
<16:30:41> Control packet (  3 words LE)
reading   1 words from 0x00000005 (sequental)
<16:30:42> Status packet  ( 16 words BE)
<16:30:42> Control packet (  3 words LE)
reading   1 words from 0x00000005 (sequental)
<16:30:43> Status packet  ( 16 words BE)
<16:30:43> Control packet (  3 words LE)
reading   1 words from 0x00000005 (sequental)
<16:30:44> Status packet  ( 16 words BE)
<16:30:44> Control packet (  3 words LE)
reading   1 words from 0x00000005 (sequental)
<16:30:45> Status packet  ( 16 words BE)
<16:30:45> Control packet (  3 words LE)
reading   1 words from 0x00000005 (sequental)
<16:30:46> Status packet  ( 16 words BE)
<16:30:46> Control packet (  3 words LE)
reading   1 words from 0x00000005 (sequental)
<16:30:47> Status packet  ( 16 words BE)
<16:30:47> Control packet (  3 words LE)
reading   1 words from 0x00000005 (sequental)
<16:30:48> Status packet  ( 16 words BE)
<16:30:48> Control packet (  3 words LE)
reading   1 words from 0x00000005 (sequental)
<16:30:49> Status packet  ( 16 words BE)
<16:30:49> Control packet (  3 words LE)
reading   1 words from 0x00000005 (sequental)
<16:30:50> Status packet  ( 16 words BE)
<16:30:50> Control packet (  3 words LE)
reading   1 words from 0x00000005 (sequental)
<16:30:51> Status packet  ( 16 words BE)
<16:30:51> Control packet (  3 words LE)
reading   1 words from 0x00000005 (sequental)
<16:30:52> Status packet  ( 16 words BE)
<16:30:52> Control packet (  3 words LE)
reading   1 words from 0x00000005 (sequental)
<16:30:53> Status packet  ( 16 words BE)
<16:30:53> Control packet (  3 words LE)
reading   1 words from 0x00000005 (sequental)
<16:30:54> Status packet  ( 16 words BE)
<16:30:54> Control packet (  3 words LE)
reading   1 words from 0x00000005 (sequental)
<16:30:55> Status packet  ( 16 words BE)
<16:30:55> Control packet (  3 words LE)
reading   1 words from 0x00000005 (sequental)
<16:30:56> Status packet  ( 16 words BE)
<16:30:56> Control packet (  3 words LE)
reading   1 words from 0x00000005 (sequental)
<16:30:57> Status packet  ( 16 words BE)
<16:30:57> Control packet (  3 words LE)
reading   1 words from 0x00000005 (sequental)
<16:30:58> Status packet  ( 16 words BE)
<16:30:58> Control packet (  3 words LE)
reading   1 words from 0x00000005 (sequental)
<16:30:59> Status packet  ( 16 words BE)
<16:30:59> Control packet (  3 words LE)
reading   1 words from 0x00000005 (sequental)
<16:31:00> Status packet  ( 16 words BE)
<16:31:00> Control packet (  3 words LE)
reading   1 words from 0x00000005 (sequental)
<16:31:01> Status packet  ( 16 words BE)
<16:31:01> Control packet (  3 words LE)
reading   1 words from 0x00000005 (sequental)
<16:31:02> Status packet  ( 16 words BE)
<16:31:02> Control packet (  3 words LE)
reading   1 words from 0x00000005 (sequental)
<16:31:03> Status packet  ( 16 words BE)
<16:31:03> Control packet (  3 words LE)
reading   1 words from 0x00000005 (sequental)
<16:31:04> Status packet  ( 16 words BE)
<16:31:04> Control packet (  3 words LE)
reading   1 words from 0x00000005 (sequental)
<16:31:05> Status packet  ( 16 words BE)
<16:31:05> Control packet (  3 words LE)
reading   1 words from 0x00000005 (sequental)
<16:31:06> Status packet  ( 16 words BE)
<16:31:06> Control packet (  3 words LE)
reading   1 words from 0x00000005 (sequental)
<16:31:07> Status packet  ( 16 words BE)
<16:31:07> Control packet (  3 words LE)
reading   1 words from 0x00000005 (sequental)
<16:31:08> Status packet  ( 16 words BE)
<16:31:08> Control packet (  3 words LE)
reading   1 words from 0x00000005 (sequental)
<16:31:09> Status packet  ( 16 words BE)
<16:31:09> Control packet (  3 words LE)
reading   1 words from 0x00000005 (sequental)
<16:31:10> Status packet  ( 16 words BE)
<16:31:10> Control packet (  3 words LE)
reading   1 words from 0x00000005 (sequental)
<16:31:11> Status packet  ( 16 words BE)
<16:31:11> Control packet (  3 words LE)
reading   1 words from 0x00000005 (sequental)
<16:31:12> Status packet  ( 16 words BE)
<16:31:12> Control packet (  3 words LE)
reading   1 words from 0x00000005 (sequental)
<16:31:13> Status packet  ( 16 words BE)
<16:31:13> Control packet (  3 words LE)
reading   1 words from 0x00000005 (sequental)
<16:31:14> Status packet  ( 16 words BE)
<16:31:14> Control packet (  3 words LE)
reading   1 words from 0x00000005 (sequental)
<16:31:15> Status packet  ( 16 words BE)
<16:31:15> Control packet (  3 words LE)
reading   1 words from 0x00000005 (sequental)
<16:31:16> Status packet  ( 16 words BE)
<16:31:16> Control packet (  3 words LE)
reading   1 words from 0x00000005 (sequental)
<16:31:17> Status packet  ( 16 words BE)
<16:31:17> Control packet (  3 words LE)
reading   1 words from 0x00000005 (sequental)
<16:31:18> Status packet  ( 16 words BE)
<16:31:18> Control packet (  3 words LE)
reading   1 words from 0x00000005 (sequental)
<16:31:19> Status packet  ( 16 words BE)
<16:31:19> Control packet (  3 words LE)
reading   1 words from 0x00000005 (sequental)
<16:31:20> Status packet  ( 16 words BE)
<16:31:20> Control packet (  3 words LE)
reading   1 words from 0x00000005 (sequental)
<16:31:21> Status packet  ( 16 words BE)
<16:31:21> Control packet (  3 words LE)
reading   1 words from 0x00000005 (sequental)
<16:31:22> Status packet  ( 16 words BE)
<16:31:22> Control packet (  3 words LE)
reading   1 words from 0x00000005 (sequental)
<16:31:23> Status packet  ( 16 words BE)
<16:31:23> Control packet (  3 words LE)
reading   1 words from 0x00000005 (sequental)
<16:31:24> Status packet  ( 16 words BE)
<16:31:24> Control packet (  3 words LE)
reading   1 words from 0x00000005 (sequental)
<16:31:25> Status packet  ( 16 words BE)
<16:31:25> Control packet (  3 words LE)
reading   1 words from 0x00000005 (sequental)
<16:31:26> Status packet  ( 16 words BE)
<16:31:26> Control packet (  3 words LE)
reading   1 words from 0x00000005 (sequental)
<16:31:27> Status packet  ( 16 words BE)
<16:31:27> Control packet (  3 words LE)
reading   1 words from 0x00000005 (sequental)
<16:31:28> Status packet  ( 16 words BE)
<16:31:28> Control packet (  3 words LE)
reading   1 words from 0x00000005 (sequental)
<16:31:29> Status packet  ( 16 words BE)
<16:31:29> Control packet (  3 words LE)
reading   1 words from 0x00000005 (sequental)
<16:31:30> Status packet  ( 16 words BE)
<16:31:30> Control packet (  3 words LE)
reading   1 words from 0x00000005 (sequental)
<16:31:31> Status packet  ( 16 words BE)
<16:31:31> Control packet (  3 words LE)
reading   1 words from 0x00000005 (sequental)
<16:31:32> Status packet  ( 16 words BE)
<16:31:32> Control packet (  3 words LE)
reading   1 words from 0x00000005 (sequental)
<16:31:33> Status packet  ( 16 words BE)
<16:31:33> Control packet (  3 words LE)
reading   1 words from 0x00000005 (sequental)
<16:31:34> Status packet  ( 16 words BE)
<16:31:34> Control packet (  3 words LE)
reading   1 words from 0x00000005 (sequental)
<16:31:35> Status packet  ( 16 words BE)
<16:31:35> Control packet (  3 words LE)
reading   1 words from 0x00000005 (sequental)
<16:31:36> Status packet  ( 16 words BE)
<16:31:36> Control packet (  3 words LE)
reading   1 words from 0x00000005 (sequental)
<16:31:37> Status packet  ( 16 words BE)
<16:31:37> Control packet (  3 words LE)
reading   1 words from 0x00000005 (sequental)
<16:31:38> Status packet  ( 16 words BE)
<16:31:38> Control packet (  3 words LE)
reading   1 words from 0x00000005 (sequental)
<16:31:39> Status packet  ( 16 words BE)
<16:31:39> Control packet (  3 words LE)
reading   1 words from 0x00000005 (sequental)
<16:31:40> Status packet  ( 16 words BE)
<16:31:40> Control packet (  3 words LE)
reading   1 words from 0x00000005 (sequental)
<16:31:41> Status packet  ( 16 words BE)
<16:31:41> Control packet (  3 words LE)
reading   1 words from 0x00000005 (sequental)
<16:31:42> Status packet  ( 16 words BE)
<16:31:42> Control packet (  3 words LE)
reading   1 words from 0x00000005 (sequental)
<16:31:43> Status packet  ( 16 words BE)
<16:31:43> Control packet (  3 words LE)
reading   1 words from 0x00000005 (sequental)
<16:31:44> Status packet  ( 16 words BE)
<16:31:44> Control packet (  3 words LE)
reading   1 words from 0x00000005 (sequental)
<16:31:45> Status packet  ( 16 words BE)
<16:31:45> Control packet (  3 words LE)
reading   1 words from 0x00000005 (sequental)
<16:31:46> Status packet  ( 16 words BE)
<16:31:46> Control packet (  3 words LE)
reading   1 words from 0x00000005 (sequental)
<16:31:47> Status packet  ( 16 words BE)
<16:31:47> Control packet (  3 words LE)
reading   1 words from 0x00000005 (sequental)
<16:31:48> Status packet  ( 16 words BE)
<16:31:48> Control packet (  3 words LE)
reading   1 words from 0x00000005 (sequental)
<16:33:53> Status packet  ( 16 words BE)
<16:33:53> Status packet  ( 16 words BE)
<16:33:53> Control packet (  3 words LE)
reading   1 words from 0x00000005 (sequental)
<16:33:54> Status packet  ( 16 words BE)
<16:33:54> Control packet (  3 words LE)
reading   1 words from 0x00000005 (sequental)
<16:33:55> Status packet  ( 16 words BE)
<16:33:55> Control packet (  3 words LE)
reading   1 words from 0x00000005 (sequental)
<16:33:56> Status packet  ( 16 words BE)
<16:33:56> Control packet (  3 words LE)
reading   1 words from 0x00000005 (sequental)
<16:33:57> Status packet  ( 16 words BE)
<16:33:57> Control packet (  3 words LE)
reading   1 words from 0x00000005 (sequental)
<16:33:58> Status packet  ( 16 words BE)
<16:33:58> Control packet (  3 words LE)
reading   1 words from 0x00000005 (sequental)
<16:33:59> Status packet  ( 16 words BE)
<16:33:59> Control packet (  3 words LE)
reading   1 words from 0x00000005 (sequental)
<16:34:00> Status packet  ( 16 words BE)
<16:34:00> Control packet (  3 words LE)
reading   1 words from 0x00000005 (sequental)
<16:34:01> Status packet  ( 16 words BE)
<16:34:01> Control packet (  3 words LE)
reading   1 words from 0x00000005 (sequental)
<16:34:02> Status packet  ( 16 words BE)
<16:34:02> Control packet (  3 words LE)
reading   1 words from 0x00000005 (sequental)
<16:34:03> Status packet  ( 16 words BE)
<16:34:03> Control packet (  3 words LE)
reading   1 words from 0x00000005 (sequental)
<16:34:04> Status packet  ( 16 words BE)
<16:34:04> Control packet (  3 words LE)
reading   1 words from 0x00000005 (sequental)
<16:34:05> Status packet  ( 16 words BE)
<16:34:05> Control packet (  3 words LE)
reading   1 words from 0x00000005 (sequental)
<16:34:06> Status packet  ( 16 words BE)
<16:34:06> Control packet (  3 words LE)
reading   1 words from 0x00000005 (sequental)
<16:34:07> Status packet  ( 16 words BE)
<16:34:07> Control packet (  3 words LE)
reading   1 words from 0x00000005 (sequental)
<16:34:08> Status packet  ( 16 words BE)
<16:34:08> Control packet (  3 words LE)
reading   1 words from 0x00000005 (sequental)
<16:34:09> Status packet  ( 16 words BE)
<16:34:09> Control packet (  3 words LE)
reading   1 words from 0x00000005 (sequental)
<16:34:10> Status packet  ( 16 words BE)
<16:34:10> Control packet (  3 words LE)
reading   1 words from 0x00000005 (sequental)
<16:34:11> Status packet  ( 16 words BE)
<16:34:11> Control packet (  3 words LE)
reading   1 words from 0x00000005 (sequental)
<16:34:12> Status packet  ( 16 words BE)
<16:34:12> Control packet (  3 words LE)
reading   1 words from 0x00000005 (sequental)
<16:34:13> Status packet  ( 16 words BE)
<16:34:13> Control packet (  3 words LE)
reading   1 words from 0x00000005 (sequental)
<16:34:14> Status packet  ( 16 words BE)
<16:34:14> Control packet (  3 words LE)
reading   1 words from 0x00000005 (sequental)
<16:34:15> Status packet  ( 16 words BE)
<16:34:15> Control packet (  3 words LE)
reading   1 words from 0x00000005 (sequental)
<16:34:16> Status packet  ( 16 words BE)
<16:34:16> Control packet (  3 words LE)
reading   1 words from 0x00000005 (sequental)
<16:34:17> Status packet  ( 16 words BE)
<16:34:17> Control packet (  3 words LE)
reading   1 words from 0x00000005 (sequental)
<16:34:18> Status packet  ( 16 words BE)
<16:34:18> Control packet (  3 words LE)
reading   1 words from 0x00000005 (sequental)
<16:34:19> Status packet  ( 16 words BE)
<16:34:19> Control packet (  3 words LE)
reading   1 words from 0x00000005 (sequental)
<16:34:20> Status packet  ( 16 words BE)
<16:34:20> Control packet (  3 words LE)
reading   1 words from 0x00000005 (sequental)
<16:34:21> Status packet  ( 16 words BE)
<16:34:21> Control packet (  3 words LE)
reading   1 words from 0x00000005 (sequental)
<16:34:22> Status packet  ( 16 words BE)
<16:34:22> Control packet (  3 words LE)
reading   1 words from 0x00000005 (sequental)
<16:34:23> Status packet  ( 16 words BE)
<16:34:23> Control packet (  3 words LE)
reading   1 words from 0x00000005 (sequental)
<16:34:24> Status packet  ( 16 words BE)
<16:34:24> Control packet (  3 words LE)
reading   1 words from 0x00000005 (sequental)
<16:34:25> Status packet  ( 16 words BE)
<16:34:25> Control packet (  3 words LE)
reading   1 words from 0x00000005 (sequental)
<16:34:26> Status packet  ( 16 words BE)
<16:34:26> Control packet (  3 words LE)
reading   1 words from 0x00000005 (sequental)
<16:34:27> Status packet  ( 16 words BE)
<16:34:27> Control packet (  3 words LE)
reading   1 words from 0x00000005 (sequental)
<16:34:28> Status packet  ( 16 words BE)
<16:34:28> Control packet (  3 words LE)
reading   1 words from 0x00000005 (sequental)
<16:34:29> Status packet  ( 16 words BE)
<16:34:29> Control packet (  3 words LE)
reading   1 words from 0x00000005 (sequental)
<16:34:30> Status packet  ( 16 words BE)
<16:34:30> Control packet (  3 words LE)
reading   1 words from 0x00000005 (sequental)
<16:34:31> Status packet  ( 16 words BE)
<16:34:31> Control packet (  3 words LE)
reading   1 words from 0x00000005 (sequental)
<16:34:32> Status packet  ( 16 words BE)
<16:34:32> Control packet (  3 words LE)
reading   1 words from 0x00000005 (sequental)
<16:34:33> Status packet  ( 16 words BE)
<16:34:33> Control packet (  3 words LE)
reading   1 words from 0x00000005 (sequental)
<16:34:34> Status packet  ( 16 words BE)
<16:34:34> Control packet (  3 words LE)
reading   1 words from 0x00000005 (sequental)
<16:34:35> Status packet  ( 16 words BE)
<16:34:35> Control packet (  3 words LE)
reading   1 words from 0x00000005 (sequental)
<16:34:36> Status packet  ( 16 words BE)
<16:34:36> Control packet (  3 words LE)
reading   1 words from 0x00000005 (sequental)
<16:34:37> Status packet  ( 16 words BE)
<16:34:37> Control packet (  3 words LE)
reading   1 words from 0x00000005 (sequental)
<16:34:38> Status packet  ( 16 words BE)
<16:34:38> Control packet (  3 words LE)
reading   1 words from 0x00000005 (sequental)
<16:34:39> Status packet  ( 16 words BE)
<16:34:39> Control packet (  3 words LE)
reading   1 words from 0x00000005 (sequental)
<16:34:40> Status packet  ( 16 words BE)
<16:34:40> Control packet (  3 words LE)
reading   1 words from 0x00000005 (sequental)
<16:34:41> Status packet  ( 16 words BE)
<16:34:41> Control packet (  3 words LE)
reading   1 words from 0x00000005 (sequental)
<16:34:42> Status packet  ( 16 words BE)
<16:34:42> Control packet (  3 words LE)
reading   1 words from 0x00000005 (sequental)
<16:34:43> Status packet  ( 16 words BE)
<16:34:43> Control packet (  3 words LE)
reading   1 words from 0x00000005 (sequental)
<16:34:44> Status packet  ( 16 words BE)
<16:34:44> Control packet (  3 words LE)
reading   1 words from 0x00000005 (sequental)
<16:34:45> Status packet  ( 16 words BE)
<16:34:45> Control packet (  3 words LE)
reading   1 words from 0x00000005 (sequental)
<16:34:46> Status packet  ( 16 words BE)
<16:34:46> Control packet (  3 words LE)
reading   1 words from 0x00000005 (sequental)
<16:34:47> Status packet  ( 16 words BE)
<16:34:47> Control packet (  3 words LE)
reading   1 words from 0x00000005 (sequental)
<16:34:48> Status packet  ( 16 words BE)
<16:34:48> Control packet (  3 words LE)
reading   1 words from 0x00000005 (sequental)
<16:34:49> Status packet  ( 16 words BE)
<16:34:49> Control packet (  3 words LE)
reading   1 words from 0x00000005 (sequental)
<16:34:50> Status packet  ( 16 words BE)
<16:34:50> Control packet (  3 words LE)
reading   1 words from 0x00000005 (sequental)
<16:34:51> Status packet  ( 16 words BE)
<16:34:51> Control packet (  3 words LE)
reading   1 words from 0x00000005 (sequental)
<16:34:52> Status packet  ( 16 words BE)
<16:34:52> Control packet (  3 words LE)
reading   1 words from 0x00000005 (sequental)
<16:34:53> Status packet  ( 16 words BE)
<16:34:53> Control packet (  3 words LE)
reading   1 words from 0x00000005 (sequental)
<16:34:54> Status packet  ( 16 words BE)
<16:34:54> Control packet (  3 words LE)
reading   1 words from 0x00000005 (sequental)
<16:34:55> Status packet  ( 16 words BE)
<16:34:55> Control packet (  3 words LE)
reading   1 words from 0x00000005 (sequental)
<16:34:56> Status packet  ( 16 words BE)
<16:34:56> Control packet (  3 words LE)
reading   1 words from 0x00000005 (sequental)
<16:34:57> Status packet  ( 16 words BE)
<16:34:57> Control packet (  3 words LE)
reading   1 words from 0x00000005 (sequental)
<16:34:58> Status packet  ( 16 words BE)
<16:34:58> Control packet (  3 words LE)
reading   1 words from 0x00000005 (sequental)
<16:34:59> Status packet  ( 16 words BE)
<16:34:59> Control packet (  3 words LE)
reading   1 words from 0x00000005 (sequental)
<16:35:00> Status packet  ( 16 words BE)
<16:35:00> Control packet (  3 words LE)
reading   1 words from 0x00000005 (sequental)
<16:35:01> Status packet  ( 16 words BE)
<16:35:01> Control packet (  3 words LE)
reading   1 words from 0x00000005 (sequental)
<16:35:02> Status packet  ( 16 words BE)
<16:35:02> Control packet (  3 words LE)
reading   1 words from 0x00000005 (sequental)
<16:35:03> Status packet  ( 16 words BE)
<16:35:03> Control packet (  3 words LE)
reading   1 words from 0x00000005 (sequental)
<16:35:04> Status packet  ( 16 words BE)
<16:35:04> Control packet (  3 words LE)
reading   1 words from 0x00000005 (sequental)
<16:35:05> Status packet  ( 16 words BE)
<16:35:05> Control packet (  3 words LE)
reading   1 words from 0x00000005 (sequental)
<16:35:06> Status packet  ( 16 words BE)
<16:35:06> Control packet (  3 words LE)
reading   1 words from 0x00000005 (sequental)
<16:35:07> Status packet  ( 16 words BE)
<16:35:07> Control packet (  3 words LE)
reading   1 words from 0x00000005 (sequental)
<16:35:08> Status packet  ( 16 words BE)
<16:35:08> Control packet (  3 words LE)
reading   1 words from 0x00000005 (sequental)
<16:35:09> Status packet  ( 16 words BE)
<16:35:09> Control packet (  3 words LE)
reading   1 words from 0x00000005 (sequental)
<16:35:10> Status packet  ( 16 words BE)
<16:35:10> Control packet (  3 words LE)
reading   1 words from 0x00000005 (sequental)
<17:01:08> Status packet  ( 16 words BE)
<17:01:09> Status packet  ( 16 words BE)
<17:01:09> Control packet (  3 words LE)
reading   1 words from 0x00000005 (sequental)
<17:01:10> Status packet  ( 16 words BE)
<17:01:10> Control packet (  3 words LE)
reading   1 words from 0x00000005 (sequental)
<17:01:11> Status packet  ( 16 words BE)
<17:01:11> Control packet (  3 words LE)
reading   1 words from 0x00000005 (sequental)
<17:01:12> Status packet  ( 16 words BE)
<17:01:12> Control packet (  3 words LE)
reading   1 words from 0x00000005 (sequental)
<17:01:13> Status packet  ( 16 words BE)
<17:01:13> Control packet (  3 words LE)
reading   1 words from 0x00000005 (sequental)
<17:01:14> Status packet  ( 16 words BE)
<17:01:14> Control packet (  3 words LE)
reading   1 words from 0x00000005 (sequental)
<17:01:15> Status packet  ( 16 words BE)
<17:01:15> Control packet (  3 words LE)
reading   1 words from 0x00000005 (sequental)
<17:01:16> Status packet  ( 16 words BE)
<17:01:16> Control packet (  3 words LE)
reading   1 words from 0x00000005 (sequental)
<17:01:17> Status packet  ( 16 words BE)
<17:01:17> Control packet (  3 words LE)
reading   1 words from 0x00000005 (sequental)
<17:01:18> Status packet  ( 16 words BE)
<17:01:18> Control packet (  3 words LE)
reading   1 words from 0x00000005 (sequental)
<17:01:19> Status packet  ( 16 words BE)
<17:01:19> Control packet (  3 words LE)
reading   1 words from 0x00000005 (sequental)
<17:01:20> Status packet  ( 16 words BE)
<17:01:20> Control packet (  3 words LE)
reading   1 words from 0x00000005 (sequental)
<17:01:21> Status packet  ( 16 words BE)
<17:01:21> Control packet (  3 words LE)
reading   1 words from 0x00000005 (sequental)
<17:01:22> Status packet  ( 16 words BE)
<17:01:22> Control packet (  3 words LE)
reading   1 words from 0x00000005 (sequental)
<17:01:23> Status packet  ( 16 words BE)
<17:01:23> Control packet (  3 words LE)
reading   1 words from 0x00000005 (sequental)
<17:01:24> Status packet  ( 16 words BE)
<17:01:24> Control packet (  3 words LE)
reading   1 words from 0x00000005 (sequental)
<17:01:25> Status packet  ( 16 words BE)
<17:01:25> Control packet (  3 words LE)
reading   1 words from 0x00000005 (sequental)
<17:01:26> Status packet  ( 16 words BE)
<17:01:26> Control packet (  3 words LE)
reading   1 words from 0x00000005 (sequental)
<17:01:27> Status packet  ( 16 words BE)
<17:01:27> Control packet (  3 words LE)
reading   1 words from 0x00000005 (sequental)
<17:01:28> Status packet  ( 16 words BE)
<17:01:28> Control packet (  3 words LE)
reading   1 words from 0x00000005 (sequental)
<17:01:29> Status packet  ( 16 words BE)
<17:01:29> Control packet (  3 words LE)
reading   1 words from 0x00000005 (sequental)
<17:01:30> Status packet  ( 16 words BE)
<17:01:30> Control packet (  3 words LE)
reading   1 words from 0x00000005 (sequental)
<17:01:31> Status packet  ( 16 words BE)
<17:01:31> Control packet (  3 words LE)
reading   1 words from 0x00000005 (sequental)
<17:01:32> Status packet  ( 16 words BE)
<17:01:32> Control packet (  3 words LE)
reading   1 words from 0x00000005 (sequental)
<17:01:33> Status packet  ( 16 words BE)
<17:01:33> Control packet (  3 words LE)
reading   1 words from 0x00000005 (sequental)
<17:01:34> Status packet  ( 16 words BE)
<17:01:34> Control packet (  3 words LE)
reading   1 words from 0x00000005 (sequental)
<17:01:35> Status packet  ( 16 words BE)
<17:01:35> Control packet (  3 words LE)
reading   1 words from 0x00000005 (sequental)
<17:01:36> Status packet  ( 16 words BE)
<17:01:36> Control packet (  3 words LE)
reading   1 words from 0x00000005 (sequental)
<17:01:37> Status packet  ( 16 words BE)
<17:01:37> Control packet (  3 words LE)
reading   1 words from 0x00000005 (sequental)
<17:01:38> Status packet  ( 16 words BE)
<17:01:38> Control packet (  3 words LE)
reading   1 words from 0x00000005 (sequental)
<17:01:39> Status packet  ( 16 words BE)
<17:01:39> Control packet (  3 words LE)
reading   1 words from 0x00000005 (sequental)
<17:01:40> Status packet  ( 16 words BE)
<17:01:40> Control packet (  3 words LE)
reading   1 words from 0x00000005 (sequental)
<17:01:41> Status packet  ( 16 words BE)
<17:01:41> Control packet (  3 words LE)
reading   1 words from 0x00000005 (sequental)
<17:01:42> Status packet  ( 16 words BE)
<17:01:42> Control packet (  3 words LE)
reading   1 words from 0x00000005 (sequental)
<17:01:43> Status packet  ( 16 words BE)
<17:01:43> Control packet (  3 words LE)
reading   1 words from 0x00000005 (sequental)
<17:01:44> Status packet  ( 16 words BE)
<17:01:44> Control packet (  3 words LE)
reading   1 words from 0x00000005 (sequental)
<17:01:45> Status packet  ( 16 words BE)
<17:01:45> Control packet (  3 words LE)
reading   1 words from 0x00000005 (sequental)
<17:01:46> Status packet  ( 16 words BE)
<17:01:46> Control packet (  3 words LE)
reading   1 words from 0x00000005 (sequental)
<17:01:47> Status packet  ( 16 words BE)
<17:01:47> Control packet (  3 words LE)
reading   1 words from 0x00000005 (sequental)
<17:01:48> Status packet  ( 16 words BE)
<17:01:48> Control packet (  3 words LE)
reading   1 words from 0x00000005 (sequental)
<17:01:49> Status packet  ( 16 words BE)
<17:01:49> Control packet (  3 words LE)
reading   1 words from 0x00000005 (sequental)
<17:01:50> Status packet  ( 16 words BE)
<17:01:50> Control packet (  3 words LE)
reading   1 words from 0x00000005 (sequental)
<17:01:51> Status packet  ( 16 words BE)
<17:01:51> Control packet (  3 words LE)
reading   1 words from 0x00000005 (sequental)
<17:01:52> Status packet  ( 16 words BE)
<17:01:52> Control packet (  3 words LE)
reading   1 words from 0x00000005 (sequental)
<17:01:53> Status packet  ( 16 words BE)
<17:01:53> Control packet (  3 words LE)
reading   1 words from 0x00000005 (sequental)
<17:01:54> Status packet  ( 16 words BE)
<17:01:54> Control packet (  3 words LE)
reading   1 words from 0x00000005 (sequental)
<17:01:55> Status packet  ( 16 words BE)
<17:01:55> Control packet (  3 words LE)
reading   1 words from 0x00000005 (sequental)
<17:01:56> Status packet  ( 16 words BE)
<17:01:56> Control packet (  3 words LE)
reading   1 words from 0x00000005 (sequental)
