<17:21:36> Status packet  ( 16 words BE)
<17:21:40> Status packet  ( 16 words BE)
<17:21:40> Control packet (  4 words LE)
writing 0xFFFFFFFF to read only 0x000000D8: forbidden
<17:25:19> Status packet  ( 16 words BE)
<17:25:19> Control packet (  4 words LE)
writing 0xFFFFFFFF to 0x000000D8 (sequental)
<17:25:57> Status packet  ( 16 words BE)
<17:25:57> Control packet (  3 words LE)
reading   2 words from 0x000000E9 (sequental)
<17:25:58> Status packet  ( 16 words BE)
<17:25:58> Control packet (  3 words LE)
reading   2 words from 0x000000E9 (sequental)
<17:25:58> Status packet  ( 16 words BE)
<17:25:58> Control packet (  3 words LE)
reading   2 words from 0x000000E9 (sequental)
<17:25:59> Status packet  ( 16 words BE)
<17:25:59> Control packet (  3 words LE)
reading   2 words from 0x000000E9 (sequental)
<17:26:00> Status packet  ( 16 words BE)
<17:26:00> Control packet (  3 words LE)
reading   2 words from 0x000000E9 (sequental)
<17:26:01> Status packet  ( 16 words BE)
<17:26:01> Control packet (  3 words LE)
reading   2 words from 0x000000E9 (sequental)
<17:26:02> Status packet  ( 16 words BE)
<17:26:02> Control packet (  3 words LE)
reading   2 words from 0x000000E9 (sequental)
<17:26:08> Status packet  ( 16 words BE)
<17:26:08> Control packet (  3 words LE)
reading   2 words from 0x000000E9 (sequental)
<17:26:09> Status packet  ( 16 words BE)
<17:26:09> Control packet (  3 words LE)
reading   2 words from 0x000000E9 (sequental)
<17:26:09> Status packet  ( 16 words BE)
<17:26:09> Control packet (  3 words LE)
reading   2 words from 0x000000E9 (sequental)
<17:26:10> Status packet  ( 16 words BE)
<17:26:10> Control packet (  3 words LE)
reading   2 words from 0x000000E9 (sequental)
<17:26:10> Status packet  ( 16 words BE)
<17:26:10> Control packet (  3 words LE)
reading   2 words from 0x000000E9 (sequental)
<17:26:11> Status packet  ( 16 words BE)
<17:26:11> Control packet (  3 words LE)
reading   2 words from 0x000000E9 (sequental)
<17:26:11> Status packet  ( 16 words BE)
<17:26:11> Control packet (  3 words LE)
reading   2 words from 0x000000E9 (sequental)
<17:26:11> Status packet  ( 16 words BE)
<17:26:11> Control packet (  3 words LE)
reading   2 words from 0x000000E9 (sequental)
<17:29:58> Status packet  ( 16 words BE)
<17:29:58> Control packet (  5 words LE)
writing 0xFFFFFFFF to 0x000000D8 (sequental)
writing 0x00000000 to 0x000000D9 (sequental)
<17:30:25> Status packet  ( 16 words BE)
<17:30:25> Control packet (  3 words LE)
reading   2 words from 0x000000E9 (sequental)
<17:30:26> Status packet  ( 16 words BE)
<17:30:26> Control packet (  3 words LE)
reading   2 words from 0x000000E9 (sequental)
<17:30:27> Status packet  ( 16 words BE)
<17:30:27> Control packet (  3 words LE)
reading   2 words from 0x000000E9 (sequental)
<17:31:49> Status packet  ( 16 words BE)
<17:31:49> Control packet (  4 words LE)
writing 0x0FFFFFFF to 0x000000D8 (sequental)
<17:33:41> Status packet  ( 16 words BE)
<17:33:41> Control packet (  4 words LE)
writing 0x0FFFFFFF to 0x000000D8 (sequental)
<17:33:52> Status packet  ( 16 words BE)
<17:33:52> Control packet (  3 words LE)
reading   2 words from 0x000000E9 (sequental)
<17:33:53> Status packet  ( 16 words BE)
<17:33:53> Control packet (  3 words LE)
reading   2 words from 0x000000E9 (sequental)
<17:33:53> Status packet  ( 16 words BE)
<17:33:53> Control packet (  3 words LE)
reading   2 words from 0x000000E9 (sequental)
<17:33:54> Status packet  ( 16 words BE)
<17:33:54> Control packet (  3 words LE)
reading   2 words from 0x000000E9 (sequental)
<17:33:55> Status packet  ( 16 words BE)
<17:33:55> Control packet (  3 words LE)
reading   2 words from 0x000000E9 (sequental)
<17:33:56> Status packet  ( 16 words BE)
<17:33:56> Control packet (  3 words LE)
reading   2 words from 0x000000E9 (sequental)
<17:33:56> Status packet  ( 16 words BE)
<17:33:56> Control packet (  3 words LE)
reading   2 words from 0x000000E9 (sequental)
<17:33:57> Status packet  ( 16 words BE)
<17:33:57> Control packet (  3 words LE)
reading   2 words from 0x000000E9 (sequental)
<17:33:58> Status packet  ( 16 words BE)
<17:33:58> Control packet (  3 words LE)
reading   2 words from 0x000000E9 (sequental)
<17:34:00> Status packet  ( 16 words BE)
<17:34:00> Control packet (  3 words LE)
reading   2 words from 0x000000E9 (sequental)
<17:34:01> Status packet  ( 16 words BE)
<17:34:01> Control packet (  3 words LE)
reading   2 words from 0x000000E9 (sequental)
<17:34:02> Status packet  ( 16 words BE)
<17:34:02> Control packet (  3 words LE)
reading   2 words from 0x000000E9 (sequental)
<17:34:03> Status packet  ( 16 words BE)
<17:34:03> Control packet (  3 words LE)
reading   2 words from 0x000000E9 (sequental)
<17:34:04> Status packet  ( 16 words BE)
<17:34:04> Control packet (  3 words LE)
reading   2 words from 0x000000E9 (sequental)
<17:34:05> Status packet  ( 16 words BE)
<17:34:05> Control packet (  3 words LE)
reading   2 words from 0x000000E9 (sequental)
<17:34:06> Status packet  ( 16 words BE)
<17:34:06> Control packet (  3 words LE)
reading   2 words from 0x000000E9 (sequental)
<17:34:07> Status packet  ( 16 words BE)
<17:34:07> Control packet (  3 words LE)
reading   2 words from 0x000000E9 (sequental)
<17:34:08> Status packet  ( 16 words BE)
<17:34:08> Control packet (  3 words LE)
reading   2 words from 0x000000E9 (sequental)
<17:34:09> Status packet  ( 16 words BE)
<17:34:09> Control packet (  3 words LE)
reading   2 words from 0x000000E9 (sequental)
<17:34:10> Status packet  ( 16 words BE)
<17:34:10> Control packet (  3 words LE)
reading   2 words from 0x000000E9 (sequental)
<17:34:11> Status packet  ( 16 words BE)
<17:34:11> Control packet (  3 words LE)
reading   2 words from 0x000000E9 (sequental)
<17:34:12> Status packet  ( 16 words BE)
<17:34:12> Control packet (  3 words LE)
reading   2 words from 0x000000E9 (sequental)
<17:34:13> Status packet  ( 16 words BE)
<17:34:13> Control packet (  3 words LE)
reading   2 words from 0x000000E9 (sequental)
<17:34:14> Status packet  ( 16 words BE)
<17:34:14> Control packet (  3 words LE)
reading   2 words from 0x000000E9 (sequental)
<17:34:15> Status packet  ( 16 words BE)
<17:34:15> Control packet (  3 words LE)
reading   2 words from 0x000000E9 (sequental)
<17:34:16> Status packet  ( 16 words BE)
<17:34:16> Control packet (  3 words LE)
reading   2 words from 0x000000E9 (sequental)
<17:34:17> Status packet  ( 16 words BE)
<17:34:17> Control packet (  3 words LE)
reading   2 words from 0x000000E9 (sequental)
<17:34:18> Status packet  ( 16 words BE)
<17:34:18> Control packet (  3 words LE)
reading   2 words from 0x000000E9 (sequental)
<17:34:19> Status packet  ( 16 words BE)
<17:34:19> Control packet (  3 words LE)
reading   2 words from 0x000000E9 (sequental)
<17:34:20> Status packet  ( 16 words BE)
<17:34:20> Control packet (  3 words LE)
reading   2 words from 0x000000E9 (sequental)
<17:34:21> Status packet  ( 16 words BE)
<17:34:21> Control packet (  3 words LE)
reading   2 words from 0x000000E9 (sequental)
<17:34:22> Status packet  ( 16 words BE)
<17:34:22> Control packet (  3 words LE)
reading   2 words from 0x000000E9 (sequental)
<17:34:23> Status packet  ( 16 words BE)
<17:34:23> Control packet (  3 words LE)
reading   2 words from 0x000000E9 (sequental)
<17:34:24> Status packet  ( 16 words BE)
<17:34:24> Control packet (  3 words LE)
reading   2 words from 0x000000E9 (sequental)
<17:34:25> Status packet  ( 16 words BE)
<17:34:25> Control packet (  3 words LE)
reading   2 words from 0x000000E9 (sequental)
<17:34:26> Status packet  ( 16 words BE)
<17:34:26> Control packet (  3 words LE)
reading   2 words from 0x000000E9 (sequental)
<17:34:27> Status packet  ( 16 words BE)
<17:34:27> Control packet (  3 words LE)
reading   2 words from 0x000000E9 (sequental)
<17:34:28> Status packet  ( 16 words BE)
<17:34:28> Control packet (  3 words LE)
reading   2 words from 0x000000E9 (sequental)
<17:34:29> Status packet  ( 16 words BE)
<17:34:29> Control packet (  3 words LE)
reading   2 words from 0x000000E9 (sequental)
<17:34:46> Status packet  ( 16 words BE)
<17:34:46> Control packet (  3 words LE)
reading   2 words from 0x000002E9 (sequental)
<17:34:47> Status packet  ( 16 words BE)
<17:34:47> Control packet (  3 words LE)
reading   2 words from 0x000002E9 (sequental)
<17:34:48> Status packet  ( 16 words BE)
<17:34:48> Control packet (  3 words LE)
reading   2 words from 0x000002E9 (sequental)
<17:34:49> Status packet  ( 16 words BE)
<17:34:49> Control packet (  3 words LE)
reading   2 words from 0x000002E9 (sequental)
<17:35:04> Status packet  ( 16 words BE)
<17:35:04> Control packet (  5 words LE)
writing 0x0FFFFFFF to 0x000002D8 (sequental)
writing 0x00000000 to 0x000002D9 (sequental)
<17:35:10> Status packet  ( 16 words BE)
<17:35:10> Control packet (  3 words LE)
reading   2 words from 0x000002E9 (sequental)
<17:35:11> Status packet  ( 16 words BE)
<17:35:11> Control packet (  3 words LE)
reading   2 words from 0x000002E9 (sequental)
<17:35:13> Status packet  ( 16 words BE)
<17:35:13> Control packet (  3 words LE)
reading   2 words from 0x000002E9 (sequental)
<17:35:14> Status packet  ( 16 words BE)
<17:35:14> Control packet (  3 words LE)
reading   2 words from 0x000002E9 (sequental)
<17:35:15> Status packet  ( 16 words BE)
<17:35:15> Control packet (  3 words LE)
reading   2 words from 0x000002E9 (sequental)
<17:35:16> Status packet  ( 16 words BE)
<17:35:16> Control packet (  3 words LE)
reading   2 words from 0x000002E9 (sequental)
<17:35:17> Status packet  ( 16 words BE)
<17:35:17> Control packet (  3 words LE)
reading   2 words from 0x000002E9 (sequental)
<17:35:18> Status packet  ( 16 words BE)
<17:35:18> Control packet (  3 words LE)
reading   2 words from 0x000002E9 (sequental)
<17:35:19> Status packet  ( 16 words BE)
<17:35:19> Control packet (  3 words LE)
reading   2 words from 0x000002E9 (sequental)
<17:35:20> Status packet  ( 16 words BE)
<17:35:20> Control packet (  3 words LE)
reading   2 words from 0x000002E9 (sequental)
<17:35:21> Status packet  ( 16 words BE)
<17:35:21> Control packet (  3 words LE)
reading   2 words from 0x000002E9 (sequental)
<17:35:22> Status packet  ( 16 words BE)
<17:35:22> Control packet (  3 words LE)
reading   2 words from 0x000002E9 (sequental)
<17:35:23> Status packet  ( 16 words BE)
<17:35:23> Control packet (  3 words LE)
reading   2 words from 0x000002E9 (sequental)
<17:35:24> Status packet  ( 16 words BE)
<17:35:24> Control packet (  3 words LE)
reading   2 words from 0x000002E9 (sequental)
<17:35:25> Status packet  ( 16 words BE)
<17:35:25> Control packet (  3 words LE)
reading   2 words from 0x000002E9 (sequental)
<17:35:26> Status packet  ( 16 words BE)
<17:35:26> Control packet (  3 words LE)
reading   2 words from 0x000002E9 (sequental)
<17:35:27> Status packet  ( 16 words BE)
<17:35:27> Control packet (  3 words LE)
reading   2 words from 0x000002E9 (sequental)
<17:35:28> Status packet  ( 16 words BE)
<17:35:28> Control packet (  3 words LE)
reading   2 words from 0x000002E9 (sequental)
<17:35:29> Status packet  ( 16 words BE)
<17:35:29> Control packet (  3 words LE)
reading   2 words from 0x000002E9 (sequental)
<17:35:30> Status packet  ( 16 words BE)
<17:35:30> Control packet (  3 words LE)
reading   2 words from 0x000002E9 (sequental)
<17:35:31> Status packet  ( 16 words BE)
<17:35:31> Control packet (  3 words LE)
reading   2 words from 0x000002E9 (sequental)
<17:35:32> Status packet  ( 16 words BE)
<17:35:32> Control packet (  3 words LE)
reading   2 words from 0x000002E9 (sequental)
<17:35:33> Status packet  ( 16 words BE)
<17:35:33> Control packet (  3 words LE)
reading   2 words from 0x000002E9 (sequental)
<17:35:34> Status packet  ( 16 words BE)
<17:35:34> Control packet (  3 words LE)
reading   2 words from 0x000002E9 (sequental)
<17:35:35> Status packet  ( 16 words BE)
<17:35:35> Control packet (  3 words LE)
reading   2 words from 0x000002E9 (sequental)
<17:35:36> Status packet  ( 16 words BE)
<17:35:36> Control packet (  3 words LE)
reading   2 words from 0x000002E9 (sequental)
<17:35:37> Status packet  ( 16 words BE)
<17:35:37> Control packet (  3 words LE)
reading   2 words from 0x000002E9 (sequental)
<17:35:38> Status packet  ( 16 words BE)
<17:35:38> Control packet (  3 words LE)
reading   2 words from 0x000002E9 (sequental)
<17:35:39> Status packet  ( 16 words BE)
<17:35:39> Control packet (  3 words LE)
reading   2 words from 0x000002E9 (sequental)
<17:35:40> Status packet  ( 16 words BE)
<17:35:40> Control packet (  3 words LE)
reading   2 words from 0x000002E9 (sequental)
<17:35:41> Status packet  ( 16 words BE)
<17:35:41> Control packet (  3 words LE)
reading   2 words from 0x000002E9 (sequental)
<17:35:42> Status packet  ( 16 words BE)
<17:35:42> Control packet (  3 words LE)
reading   2 words from 0x000002E9 (sequental)
<17:35:43> Status packet  ( 16 words BE)
<17:35:43> Control packet (  3 words LE)
reading   2 words from 0x000002E9 (sequental)
<17:35:44> Status packet  ( 16 words BE)
<17:35:44> Control packet (  3 words LE)
reading   2 words from 0x000002E9 (sequental)
<17:35:45> Status packet  ( 16 words BE)
<17:35:45> Control packet (  3 words LE)
reading   2 words from 0x000002E9 (sequental)
<17:35:46> Status packet  ( 16 words BE)
<17:35:46> Control packet (  3 words LE)
reading   2 words from 0x000002E9 (sequental)
<17:35:47> Status packet  ( 16 words BE)
<17:35:47> Control packet (  3 words LE)
reading   2 words from 0x000002E9 (sequental)
<17:35:48> Status packet  ( 16 words BE)
<17:35:48> Control packet (  3 words LE)
reading   2 words from 0x000002E9 (sequental)
<17:35:49> Status packet  ( 16 words BE)
<17:35:49> Control packet (  3 words LE)
reading   2 words from 0x000002E9 (sequental)
<17:35:50> Status packet  ( 16 words BE)
<17:35:50> Control packet (  3 words LE)
reading   2 words from 0x000002E9 (sequental)
<17:35:51> Status packet  ( 16 words BE)
<17:35:51> Control packet (  3 words LE)
reading   2 words from 0x000002E9 (sequental)
<17:35:52> Status packet  ( 16 words BE)
<17:35:52> Control packet (  3 words LE)
reading   2 words from 0x000002E9 (sequental)
<17:35:53> Status packet  ( 16 words BE)
<17:35:53> Control packet (  3 words LE)
reading   2 words from 0x000002E9 (sequental)
<17:35:54> Status packet  ( 16 words BE)
<17:35:54> Control packet (  3 words LE)
reading   2 words from 0x000002E9 (sequental)
<17:35:55> Status packet  ( 16 words BE)
<17:35:55> Control packet (  3 words LE)
reading   2 words from 0x000002E9 (sequental)
<17:35:56> Status packet  ( 16 words BE)
<17:35:56> Control packet (  3 words LE)
reading   2 words from 0x000002E9 (sequental)
<17:35:57> Status packet  ( 16 words BE)
<17:35:57> Control packet (  3 words LE)
reading   2 words from 0x000002E9 (sequental)
<17:35:58> Status packet  ( 16 words BE)
<17:35:58> Control packet (  3 words LE)
reading   2 words from 0x000002E9 (sequental)
<17:35:59> Status packet  ( 16 words BE)
<17:35:59> Control packet (  3 words LE)
reading   2 words from 0x000002E9 (sequental)
<17:36:00> Status packet  ( 16 words BE)
<17:36:00> Control packet (  3 words LE)
reading   2 words from 0x000002E9 (sequental)
<17:36:01> Status packet  ( 16 words BE)
<17:36:01> Control packet (  3 words LE)
reading   2 words from 0x000002E9 (sequental)
<17:36:02> Status packet  ( 16 words BE)
<17:36:02> Control packet (  3 words LE)
reading   2 words from 0x000002E9 (sequental)
<17:36:03> Status packet  ( 16 words BE)
<17:36:03> Control packet (  3 words LE)
reading   2 words from 0x000002E9 (sequental)
<17:36:04> Status packet  ( 16 words BE)
<17:36:04> Control packet (  3 words LE)
reading   2 words from 0x000002E9 (sequental)
<17:36:05> Status packet  ( 16 words BE)
<17:36:05> Control packet (  3 words LE)
reading   2 words from 0x000002E9 (sequental)
<17:36:06> Status packet  ( 16 words BE)
<17:36:06> Control packet (  3 words LE)
reading   2 words from 0x000002E9 (sequental)
<17:36:07> Status packet  ( 16 words BE)
<17:36:07> Control packet (  3 words LE)
reading   2 words from 0x000002E9 (sequental)
<17:36:08> Status packet  ( 16 words BE)
<17:36:08> Control packet (  3 words LE)
reading   2 words from 0x000002E9 (sequental)
<17:36:09> Status packet  ( 16 words BE)
<17:36:09> Control packet (  3 words LE)
reading   2 words from 0x000002E9 (sequental)
<17:36:10> Status packet  ( 16 words BE)
<17:36:10> Control packet (  3 words LE)
reading   2 words from 0x000002E9 (sequental)
<17:36:11> Status packet  ( 16 words BE)
<17:36:11> Control packet (  3 words LE)
reading   2 words from 0x000002E9 (sequental)
<17:36:12> Status packet  ( 16 words BE)
<17:36:12> Control packet (  3 words LE)
reading   2 words from 0x000002E9 (sequental)
<17:36:13> Status packet  ( 16 words BE)
<17:36:13> Control packet (  3 words LE)
reading   2 words from 0x000002E9 (sequental)
<17:36:14> Status packet  ( 16 words BE)
<17:36:14> Control packet (  3 words LE)
reading   2 words from 0x000002E9 (sequental)
<17:36:15> Status packet  ( 16 words BE)
<17:36:15> Control packet (  3 words LE)
reading   2 words from 0x000002E9 (sequental)
<17:36:16> Status packet  ( 16 words BE)
<17:36:16> Control packet (  3 words LE)
reading   2 words from 0x000002E9 (sequental)
<17:36:17> Status packet  ( 16 words BE)
<17:36:17> Control packet (  3 words LE)
reading   2 words from 0x000002E9 (sequental)
<17:36:18> Status packet  ( 16 words BE)
<17:36:18> Control packet (  3 words LE)
reading   2 words from 0x000002E9 (sequental)
<17:36:19> Status packet  ( 16 words BE)
<17:36:19> Control packet (  3 words LE)
reading   2 words from 0x000002E9 (sequental)
<17:36:20> Status packet  ( 16 words BE)
<17:36:20> Control packet (  3 words LE)
reading   2 words from 0x000002E9 (sequental)
<17:36:21> Status packet  ( 16 words BE)
<17:36:21> Control packet (  3 words LE)
reading   2 words from 0x000002E9 (sequental)
<17:36:22> Status packet  ( 16 words BE)
<17:36:22> Control packet (  3 words LE)
reading   2 words from 0x000002E9 (sequental)
<17:36:23> Status packet  ( 16 words BE)
<17:36:23> Control packet (  3 words LE)
reading   2 words from 0x000002E9 (sequental)
<17:36:24> Status packet  ( 16 words BE)
<17:36:24> Control packet (  3 words LE)
reading   2 words from 0x000002E9 (sequental)
<17:36:25> Status packet  ( 16 words BE)
<17:36:25> Control packet (  3 words LE)
reading   2 words from 0x000002E9 (sequental)
<17:36:26> Status packet  ( 16 words BE)
<17:36:26> Control packet (  3 words LE)
reading   2 words from 0x000002E9 (sequental)
<17:36:36> Status packet  ( 16 words BE)
<17:36:36> Control packet (  3 words LE)
reading   2 words from 0x000000E9 (sequental)
<17:36:37> Status packet  ( 16 words BE)
<17:36:37> Control packet (  3 words LE)
reading   2 words from 0x000000E9 (sequental)
<17:36:38> Status packet  ( 16 words BE)
<17:36:38> Control packet (  3 words LE)
reading   2 words from 0x000000E9 (sequental)
<17:36:39> Status packet  ( 16 words BE)
<17:36:39> Control packet (  3 words LE)
reading   2 words from 0x000000E9 (sequental)
<17:36:40> Status packet  ( 16 words BE)
<17:36:40> Control packet (  3 words LE)
reading   2 words from 0x000000E9 (sequental)
<17:36:41> Status packet  ( 16 words BE)
<17:36:41> Control packet (  3 words LE)
reading   2 words from 0x000000E9 (sequental)
<17:36:42> Status packet  ( 16 words BE)
<17:36:42> Control packet (  3 words LE)
reading   2 words from 0x000000E9 (sequental)
<17:36:43> Status packet  ( 16 words BE)
<17:36:43> Control packet (  3 words LE)
reading   2 words from 0x000000E9 (sequental)
<17:36:44> Status packet  ( 16 words BE)
<17:36:44> Control packet (  3 words LE)
reading   2 words from 0x000000E9 (sequental)
<17:36:45> Status packet  ( 16 words BE)
<17:36:45> Control packet (  3 words LE)
reading   2 words from 0x000000E9 (sequental)
<17:36:46> Status packet  ( 16 words BE)
<17:36:46> Control packet (  3 words LE)
reading   2 words from 0x000000E9 (sequental)
<17:36:47> Status packet  ( 16 words BE)
<17:36:47> Control packet (  3 words LE)
reading   2 words from 0x000000E9 (sequental)
<17:36:48> Status packet  ( 16 words BE)
<17:36:48> Control packet (  3 words LE)
reading   2 words from 0x000000E9 (sequental)
<17:36:49> Status packet  ( 16 words BE)
<17:36:49> Control packet (  3 words LE)
reading   2 words from 0x000000E9 (sequental)
<17:36:50> Status packet  ( 16 words BE)
<17:36:50> Control packet (  3 words LE)
reading   2 words from 0x000000E9 (sequental)
<17:36:51> Status packet  ( 16 words BE)
<17:36:51> Control packet (  3 words LE)
reading   2 words from 0x000000E9 (sequental)
<17:36:52> Status packet  ( 16 words BE)
<17:36:52> Control packet (  3 words LE)
reading   2 words from 0x000000E9 (sequental)
<17:36:53> Status packet  ( 16 words BE)
<17:36:53> Control packet (  3 words LE)
reading   2 words from 0x000000E9 (sequental)
<17:36:54> Status packet  ( 16 words BE)
<17:36:54> Control packet (  3 words LE)
reading   2 words from 0x000000E9 (sequental)
<17:36:55> Status packet  ( 16 words BE)
<17:36:55> Control packet (  3 words LE)
reading   2 words from 0x000000E9 (sequental)
<17:36:56> Status packet  ( 16 words BE)
<17:36:56> Control packet (  3 words LE)
reading   2 words from 0x000000E9 (sequental)
<17:36:57> Status packet  ( 16 words BE)
<17:36:57> Control packet (  3 words LE)
reading   2 words from 0x000000E9 (sequental)
<17:36:58> Status packet  ( 16 words BE)
<17:36:58> Control packet (  3 words LE)
reading   2 words from 0x000000E9 (sequental)
<17:36:59> Status packet  ( 16 words BE)
<17:36:59> Control packet (  3 words LE)
reading   2 words from 0x000000E9 (sequental)
<18:03:19> Status packet  ( 16 words BE)
<18:03:20> Status packet  ( 16 words BE)
<18:03:20> Control packet (  3 words LE)
reading   2 words from 0x000000D8 (sequental)
<18:03:21> Status packet  ( 16 words BE)
<18:03:21> Control packet (  3 words LE)
reading   2 words from 0x000000D8 (sequental)
<18:03:27> Status packet  ( 16 words BE)
<18:03:27> Control packet (  5 words LE)
writing 0x00FFFFFF to 0x000000D8 (sequental)
writing 0x00000000 to 0x000000D9 (sequental)
<18:04:57> Status packet  ( 16 words BE)
<18:04:57> Control packet (  3 words LE)
reading   2 words from 0x000000E9 (sequental)
<18:04:58> Status packet  ( 16 words BE)
<18:04:58> Control packet (  3 words LE)
reading   2 words from 0x000000E9 (sequental)
<18:04:59> Status packet  ( 16 words BE)
<18:04:59> Control packet (  3 words LE)
reading   2 words from 0x000000E9 (sequental)
<18:05:01> Status packet  ( 16 words BE)
<18:05:01> Control packet (  3 words LE)
reading   2 words from 0x000000E9 (sequental)
<18:05:02> Status packet  ( 16 words BE)
<18:05:02> Control packet (  3 words LE)
reading   2 words from 0x000000E9 (sequental)
<18:05:03> Status packet  ( 16 words BE)
<18:05:03> Control packet (  3 words LE)
reading   2 words from 0x000000E9 (sequental)
<18:05:04> Status packet  ( 16 words BE)
<18:05:04> Control packet (  3 words LE)
reading   2 words from 0x000000E9 (sequental)
<18:05:05> Status packet  ( 16 words BE)
<18:05:05> Control packet (  3 words LE)
reading   2 words from 0x000000E9 (sequental)
<18:05:08> Status packet  ( 16 words BE)
<18:05:08> Control packet (  3 words LE)
reading   2 words from 0x000000E9 (sequental)
<18:05:09> Status packet  ( 16 words BE)
<18:05:09> Control packet (  3 words LE)
reading   2 words from 0x000000E9 (sequental)
<18:05:10> Status packet  ( 16 words BE)
<18:05:10> Control packet (  3 words LE)
reading   2 words from 0x000000E9 (sequental)
<18:05:12> Status packet  ( 16 words BE)
<18:05:12> Control packet (  3 words LE)
reading   2 words from 0x000000E9 (sequental)
<18:05:13> Status packet  ( 16 words BE)
<18:05:13> Control packet (  3 words LE)
reading   2 words from 0x000000E9 (sequental)
<18:05:14> Status packet  ( 16 words BE)
<18:05:14> Control packet (  3 words LE)
reading   2 words from 0x000000E9 (sequental)
<18:05:15> Status packet  ( 16 words BE)
<18:05:15> Control packet (  3 words LE)
reading   2 words from 0x000000E9 (sequental)
<18:05:21> Status packet  ( 16 words BE)
<18:05:21> Control packet (  3 words LE)
reading   2 words from 0x000002E9 (sequental)
<18:05:22> Status packet  ( 16 words BE)
<18:05:22> Control packet (  3 words LE)
reading   2 words from 0x000002E9 (sequental)
<18:05:23> Status packet  ( 16 words BE)
<18:05:23> Control packet (  3 words LE)
reading   2 words from 0x000002E9 (sequental)
<18:05:24> Status packet  ( 16 words BE)
<18:05:24> Control packet (  3 words LE)
reading   2 words from 0x000002E9 (sequental)
<18:05:25> Status packet  ( 16 words BE)
<18:05:25> Control packet (  3 words LE)
reading   2 words from 0x000002E9 (sequental)
<18:05:32> Status packet  ( 16 words BE)
<18:05:32> Control packet (  5 words LE)
writing 0x00FFFFFF to 0x000002D8 (sequental)
writing 0x00000000 to 0x000002D9 (sequental)
<18:05:48> Status packet  ( 16 words BE)
<18:05:48> Control packet (  3 words LE)
reading   2 words from 0x000002E9 (sequental)
<18:05:49> Status packet  ( 16 words BE)
<18:05:49> Control packet (  3 words LE)
reading   2 words from 0x000002E9 (sequental)
<18:05:50> Status packet  ( 16 words BE)
<18:05:50> Control packet (  3 words LE)
reading   2 words from 0x000002E9 (sequental)
<18:05:51> Status packet  ( 16 words BE)
<18:05:51> Control packet (  3 words LE)
reading   2 words from 0x000002E9 (sequental)
<18:05:52> Status packet  ( 16 words BE)
<18:05:52> Control packet (  3 words LE)
reading   2 words from 0x000002E9 (sequental)
<18:05:53> Status packet  ( 16 words BE)
<18:05:53> Control packet (  3 words LE)
reading   2 words from 0x000002E9 (sequental)
<18:05:54> Status packet  ( 16 words BE)
<18:05:54> Control packet (  3 words LE)
reading   2 words from 0x000002E9 (sequental)
<18:06:00> Status packet  ( 16 words BE)
<18:06:00> Control packet (  3 words LE)
reading   2 words from 0x000004E9 (sequental)
<18:06:00> Status packet  ( 16 words BE)
<18:06:00> Control packet (  3 words LE)
reading   2 words from 0x000004E9 (sequental)
<18:06:01> Status packet  ( 16 words BE)
<18:06:01> Control packet (  3 words LE)
reading   2 words from 0x000004E9 (sequental)
<18:06:01> Status packet  ( 16 words BE)
<18:06:01> Control packet (  3 words LE)
reading   2 words from 0x000004E9 (sequental)
<18:06:01> Status packet  ( 16 words BE)
<18:06:01> Control packet (  3 words LE)
reading   2 words from 0x000004E9 (sequental)
<18:06:07> Status packet  ( 16 words BE)
<18:06:07> Control packet (  5 words LE)
writing 0x0FFFFFFF to 0x000004D8 (sequental)
writing 0x00000000 to 0x000004D9 (sequental)
<18:06:16> Status packet  ( 16 words BE)
<18:06:16> Control packet (  3 words LE)
reading   2 words from 0x000004E9 (sequental)
<18:06:17> Status packet  ( 16 words BE)
<18:06:17> Control packet (  3 words LE)
reading   2 words from 0x000004E9 (sequental)
<18:06:18> Status packet  ( 16 words BE)
<18:06:18> Control packet (  3 words LE)
reading   2 words from 0x000004E9 (sequental)
<18:06:19> Status packet  ( 16 words BE)
<18:06:19> Control packet (  3 words LE)
reading   2 words from 0x000004E9 (sequental)
<18:06:19> Status packet  ( 16 words BE)
<18:06:19> Control packet (  3 words LE)
reading   2 words from 0x000004E9 (sequental)
<18:06:20> Status packet  ( 16 words BE)
<18:06:20> Control packet (  3 words LE)
reading   2 words from 0x000004E9 (sequental)
<18:06:20> Status packet  ( 16 words BE)
<18:06:20> Control packet (  3 words LE)
reading   2 words from 0x000004E9 (sequental)
<18:06:21> Status packet  ( 16 words BE)
<18:06:21> Control packet (  3 words LE)
reading   2 words from 0x000004E9 (sequental)
<18:06:21> Status packet  ( 16 words BE)
<18:06:21> Control packet (  3 words LE)
reading   2 words from 0x000004E9 (sequental)
<18:06:22> Status packet  ( 16 words BE)
<18:06:22> Control packet (  3 words LE)
reading   2 words from 0x000004E9 (sequental)
<18:06:22> Status packet  ( 16 words BE)
<18:06:22> Control packet (  3 words LE)
reading   2 words from 0x000004E9 (sequental)
<18:06:23> Status packet  ( 16 words BE)
<18:06:23> Control packet (  3 words LE)
reading   2 words from 0x000004E9 (sequental)
<18:06:23> Status packet  ( 16 words BE)
<18:06:23> Control packet (  3 words LE)
reading   2 words from 0x000004E9 (sequental)
<18:06:24> Status packet  ( 16 words BE)
<18:06:24> Control packet (  3 words LE)
reading   2 words from 0x000004E9 (sequental)
<18:17:23> Status packet  ( 16 words BE)
<18:17:23> Control packet (  4 words LE)
writing 0xFFFFFFFF to 0x000000D8 (sequental)
<18:17:24> Status packet  ( 16 words BE)
<18:17:24> Control packet (  3 words LE)
reading   1 words from 0x000000D8 (sequental)
<18:17:31> Status packet  ( 16 words BE)
<18:17:31> Control packet (  5 words LE)
writing 0x00000000 to read only 0x000000E9: forbidden
<18:17:32> Status packet  ( 16 words BE)
<18:17:32> Control packet (  5 words LE)
writing 0x00000000 to read only 0x000000E9: forbidden
<18:17:35> Status packet  ( 16 words BE)
<18:17:35> Control packet (  5 words LE)
writing 0x00000000 to read only 0x000000E9: forbidden
<18:17:39> Status packet  ( 16 words BE)
<18:17:39> Control packet (  3 words LE)
reading   2 words from 0x000000E9 (sequental)
<18:17:40> Status packet  ( 16 words BE)
<18:17:40> Control packet (  3 words LE)
reading   2 words from 0x000000E9 (sequental)
<18:18:27> Status packet  ( 16 words BE)
<18:18:27> Control packet (  4 words LE)
writing 0x80000000 to 0x0000001B (sequental)
<18:18:46> Status packet  ( 16 words BE)
<18:18:46> Control packet (  3 words LE)
reading  24 words from 0x000002C0 (sequental)
<18:18:47> Status packet  ( 16 words BE)
<18:18:47> Control packet (  3 words LE)
reading  24 words from 0x000002C0 (sequental)
<18:18:47> Status packet  ( 16 words BE)
<18:18:47> Control packet (  3 words LE)
reading  24 words from 0x000002C0 (sequental)
<18:18:48> Status packet  ( 16 words BE)
<18:18:48> Control packet (  3 words LE)
reading  24 words from 0x000002C0 (sequental)
<18:18:48> Status packet  ( 16 words BE)
<18:18:48> Control packet (  3 words LE)
reading  24 words from 0x000002C0 (sequental)
<18:18:48> Status packet  ( 16 words BE)
<18:18:48> Control packet (  3 words LE)
reading  24 words from 0x000002C0 (sequental)
<18:18:53> Status packet  ( 16 words BE)
<18:18:53> Control packet (  3 words LE)
reading  24 words from 0x000004C0 (sequental)
<18:18:54> Status packet  ( 16 words BE)
<18:18:54> Control packet (  3 words LE)
reading  24 words from 0x000004C0 (sequental)
<18:18:54> Status packet  ( 16 words BE)
<18:18:54> Control packet (  3 words LE)
reading  24 words from 0x000004C0 (sequental)
<18:18:55> Status packet  ( 16 words BE)
<18:18:55> Control packet (  3 words LE)
reading  24 words from 0x000004C0 (sequental)
<18:18:55> Status packet  ( 16 words BE)
<18:18:55> Control packet (  3 words LE)
reading  24 words from 0x000004C0 (sequental)
<18:18:56> Status packet  ( 16 words BE)
<18:18:56> Control packet (  3 words LE)
reading  24 words from 0x000004C0 (sequental)
<18:18:56> Status packet  ( 16 words BE)
<18:18:56> Control packet (  3 words LE)
reading  24 words from 0x000004C0 (sequental)
<18:19:09> Status packet  ( 16 words BE)
<18:19:09> Control packet (  3 words LE)
<19:34:04> Status packet  ( 16 words BE)
<19:34:11> Status packet  ( 16 words BE)
<19:34:11> Control packet (  3 words LE)
reading  24 words from 0x000002EA (sequental)
<19:34:38> Status packet  ( 16 words BE)
<19:34:38> Control packet (  3 words LE)
reading   1 words from 0x000000D8 (sequental)
<19:34:54> Status packet  ( 16 words BE)
<19:34:54> Control packet (  4 words LE)
writing 0x00FFFFFF to 0x000000D8 (sequental)
<19:35:01> Status packet  ( 16 words BE)
<19:35:01> Control packet (  3 words LE)
reading   1 words from 0x000000E9 (sequental)
<19:35:03> Status packet  ( 16 words BE)
<19:35:03> Control packet (  3 words LE)
reading   2 words from 0x000000E9 (sequental)
<19:35:04> Status packet  ( 16 words BE)
<19:35:04> Control packet (  3 words LE)
reading   2 words from 0x000000E9 (sequental)
<19:35:05> Status packet  ( 16 words BE)
<19:35:05> Control packet (  3 words LE)
reading   2 words from 0x000000E9 (sequental)
<19:35:06> Status packet  ( 16 words BE)
<19:35:06> Control packet (  3 words LE)
reading   2 words from 0x000000E9 (sequental)
<19:35:07> Status packet  ( 16 words BE)
<19:35:07> Control packet (  3 words LE)
reading   2 words from 0x000000E9 (sequental)
<19:35:07> Status packet  ( 16 words BE)
<19:35:07> Control packet (  3 words LE)
reading   2 words from 0x000000E9 (sequental)
<19:35:08> Status packet  ( 16 words BE)
<19:35:08> Control packet (  3 words LE)
reading   2 words from 0x000000E9 (sequental)
<19:35:09> Status packet  ( 16 words BE)
<19:35:09> Control packet (  3 words LE)
reading   2 words from 0x000000E9 (sequental)
<19:35:10> Status packet  ( 16 words BE)
<19:35:10> Control packet (  3 words LE)
reading   2 words from 0x000000E9 (sequental)
<19:35:11> Status packet  ( 16 words BE)
<19:35:11> Control packet (  3 words LE)
reading   2 words from 0x000000E9 (sequental)
<19:35:11> Status packet  ( 16 words BE)
<19:35:11> Control packet (  3 words LE)
reading   2 words from 0x000000E9 (sequental)
<19:35:12> Status packet  ( 16 words BE)
<19:35:12> Control packet (  3 words LE)
reading   2 words from 0x000000E9 (sequental)
<19:35:13> Status packet  ( 16 words BE)
<19:35:13> Control packet (  3 words LE)
reading   2 words from 0x000000E9 (sequental)
<19:35:20> Status packet  ( 16 words BE)
<19:35:20> Control packet (  3 words LE)
reading   2 words from 0x000002E9 (sequental)
<19:35:20> Status packet  ( 16 words BE)
<19:35:20> Control packet (  3 words LE)
reading   2 words from 0x000002E9 (sequental)
<19:35:21> Status packet  ( 16 words BE)
<19:35:21> Control packet (  3 words LE)
reading   2 words from 0x000002E9 (sequental)
<19:35:21> Status packet  ( 16 words BE)
<19:35:21> Control packet (  3 words LE)
reading   2 words from 0x000002E9 (sequental)
<19:35:39> Status packet  ( 16 words BE)
<19:35:39> Control packet (  5 words LE)
writing 0x0FFFFFFF to 0x000002D8 (sequental)
writing 0x00000000 to 0x000002D9 (sequental)
<19:35:45> Status packet  ( 16 words BE)
<19:35:45> Control packet (  3 words LE)
reading   2 words from 0x000002E9 (sequental)
<19:35:46> Status packet  ( 16 words BE)
<19:35:46> Control packet (  3 words LE)
reading   2 words from 0x000002E9 (sequental)
<19:35:47> Status packet  ( 16 words BE)
<19:35:47> Control packet (  3 words LE)
reading   2 words from 0x000002E9 (sequental)
<19:35:53> Status packet  ( 16 words BE)
<19:35:53> Control packet (  3 words LE)
reading   2 words from 0x000000E9 (sequental)
<19:35:53> Status packet  ( 16 words BE)
<19:35:53> Control packet (  3 words LE)
reading   2 words from 0x000000E9 (sequental)
<19:35:54> Status packet  ( 16 words BE)
<19:35:54> Control packet (  3 words LE)
reading   2 words from 0x000000E9 (sequental)
<19:35:54> Status packet  ( 16 words BE)
<19:35:54> Control packet (  3 words LE)
reading   2 words from 0x000000E9 (sequental)
<19:35:54> Status packet  ( 16 words BE)
<19:35:54> Control packet (  3 words LE)
reading   2 words from 0x000000E9 (sequental)
<19:35:55> Status packet  ( 16 words BE)
<19:35:55> Control packet (  3 words LE)
reading   2 words from 0x000000E9 (sequental)
<19:35:55> Status packet  ( 16 words BE)
<19:35:55> Control packet (  3 words LE)
reading   2 words from 0x000000E9 (sequental)
<19:35:55> Status packet  ( 16 words BE)
<19:35:55> Control packet (  3 words LE)
reading   2 words from 0x000000E9 (sequental)
<19:35:59> Status packet  ( 16 words BE)
<19:35:59> Control packet (  3 words LE)
reading   2 words from 0x000002E9 (sequental)
<19:35:59> Status packet  ( 16 words BE)
<19:35:59> Control packet (  3 words LE)
reading   2 words from 0x000002E9 (sequental)
<19:35:59> Status packet  ( 16 words BE)
<19:35:59> Control packet (  3 words LE)
reading   2 words from 0x000002E9 (sequental)
<19:36:02> Status packet  ( 16 words BE)
<19:36:02> Control packet (  3 words LE)
reading  24 words from 0x000002E9 (sequental)
<19:36:06> Status packet  ( 16 words BE)
<19:36:06> Control packet (  3 words LE)
reading  24 words from 0x000002E9 (sequental)
<19:37:02> Status packet  ( 16 words BE)
<19:37:02> Control packet (  3 words LE)
reading   1 words from 0x000000D8 (sequental)
<19:37:10> Status packet  ( 16 words BE)
<19:37:10> Control packet (  4 words LE)
writing 0xFFFFFFFF to 0x000000D8 (sequental)
<19:37:33> Status packet  ( 16 words BE)
<19:37:33> Control packet (  3 words LE)
reading   2 words from 0x000000E9 (sequental)
<19:37:34> Status packet  ( 16 words BE)
<19:37:34> Control packet (  3 words LE)
reading   2 words from 0x000000E9 (sequental)
<19:37:46> Status packet  ( 16 words BE)
<19:37:46> Control packet (  5 words LE)
writing 0xFFFFFFFF to 0x000000D8 (sequental)
writing 0x00000000 to 0x000000D9 (sequental)
<19:37:51> Status packet  ( 16 words BE)
<19:37:51> Control packet (  3 words LE)
reading   2 words from 0x000000E9 (sequental)
<19:37:52> Status packet  ( 16 words BE)
<19:37:52> Control packet (  3 words LE)
reading   2 words from 0x000000E9 (sequental)
<19:37:53> Status packet  ( 16 words BE)
<19:37:53> Control packet (  3 words LE)
reading   2 words from 0x000000E9 (sequental)
<19:37:54> Status packet  ( 16 words BE)
<19:37:54> Control packet (  3 words LE)
reading   2 words from 0x000000E9 (sequental)
<19:37:56> Status packet  ( 16 words BE)
<19:37:56> Control packet (  3 words LE)
reading   2 words from 0x000000E9 (sequental)
<19:37:57> Status packet  ( 16 words BE)
<19:37:57> Control packet (  3 words LE)
reading   2 words from 0x000000E9 (sequental)
<19:37:58> Status packet  ( 16 words BE)
<19:37:58> Control packet (  3 words LE)
reading   2 words from 0x000000E9 (sequental)
<19:37:59> Status packet  ( 16 words BE)
<19:37:59> Control packet (  3 words LE)
reading   2 words from 0x000000E9 (sequental)
<19:38:13> Status packet  ( 16 words BE)
<19:38:13> Control packet (  5 words LE)
writing 0xFFFFFFFF to 0x000002D8 (sequental)
writing 0x00000D39 to 0x000002D9 (sequental)
<19:38:18> Status packet  ( 16 words BE)
<19:38:18> Control packet (  3 words LE)
reading   2 words from 0x000002E9 (sequental)
<19:38:19> Status packet  ( 16 words BE)
<19:38:19> Control packet (  3 words LE)
reading   2 words from 0x000002E9 (sequental)
<19:38:20> Status packet  ( 16 words BE)
<19:38:20> Control packet (  3 words LE)
reading   2 words from 0x000002E9 (sequental)
<19:38:21> Status packet  ( 16 words BE)
<19:38:21> Control packet (  3 words LE)
reading   2 words from 0x000002E9 (sequental)
<19:38:22> Status packet  ( 16 words BE)
<19:38:22> Control packet (  3 words LE)
reading  19 words from 0x000002E9 (sequental)
<19:38:23> Status packet  ( 16 words BE)
<19:38:23> Control packet (  3 words LE)
reading  24 words from 0x000002E9 (sequental)
