<10:58:16> Status packet  ( 16 words BE)
<10:58:19> Status packet  ( 16 words BE)
<10:58:19> Control packet ( 27 words LE)
writing 0x00000000 to 0x00000299 (sequental)
writing 0x00000000 to 0x0000029A (sequental)
writing 0x00000000 to 0x0000029B (sequental)
writing 0x00000000 to 0x0000029C: out of range, result:0x0000012C (sequental)
writing 0x00000000 to 0x0000029D (sequental)
writing 0x00000000 to 0x0000029E (sequental)
writing 0x00000000 to 0x0000029F (sequental)
writing 0x00000000 to 0x000002A0: out of range, result:0x0000012C (sequental)
writing 0x00000000 to 0x000002A1 (sequental)
writing 0x00000000 to 0x000002A2 (sequental)
writing 0x00000000 to 0x000002A3 (sequental)
writing 0x00000000 to 0x000002A4: out of range, result:0x0000012C (sequental)
writing 0x00000000 to 0x000002A5 (sequental)
writing 0x00000000 to 0x000002A6 (sequental)
writing 0x00000000 to 0x000002A7 (sequental)
writing 0x00000000 to 0x000002A8: out of range, result:0x0000012C (sequental)
writing 0x00000000 to 0x000002A9 (sequental)
writing 0x00000000 to 0x000002AA (sequental)
writing 0x00000000 to 0x000002AB (sequental)
writing 0x00000000 to 0x000002AC: out of range, result:0x0000012C (sequental)
writing 0x00000000 to 0x000002AD (sequental)
writing 0x00000000 to 0x000002AE (sequental)
writing 0x00000000 to 0x000002AF (sequental)
writing 0x00000000 to 0x000002B0 (sequental)
<10:58:51> Status packet  ( 16 words BE)
<10:58:51> Control packet ( 27 words LE)
writing 0x00000000 to 0x000002FF (sequental)
writing 0x00000000 toFIFO0x00000300: forbidden
writing 0x00000000 to 0x00000301 (sequental)
writing 0x00000000 to 0x00000302 (sequental)
writing 0x00000000 to 0x00000303 (sequental)
writing 0x00000000 to 0x00000304 (sequental)
writing 0x00000000 to 0x00000305 (sequental)
writing 0x00000000 to 0x00000306 (sequental)
writing 0x00000000 to 0x00000307 (sequental)
writing 0x00000000 to 0x00000308 (sequental)
writing 0x00000000 to 0x00000309 (sequental)
writing 0x00000000 to 0x0000030A (sequental)
writing 0x00000000 to 0x0000030B (sequental)
writing 0x00000000 to 0x0000030C (sequental)
writing 0x00000000 to 0x0000030D (sequental)
writing 0x00000000 to 0x0000030E (sequental)
writing 0x00000000 to 0x0000030F (sequental)
writing 0x00000000 to 0x00000310 (sequental)
writing 0x00000000 to 0x00000311 (sequental)
writing 0x00000000 to 0x00000312 (sequental)
writing 0x00000000 to 0x00000313 (sequental)
writing 0x00000000 to 0x00000314 (sequental)
writing 0x00000000 to 0x00000315 (sequental)
writing 0x00000000 to 0x00000316 (sequental)
<11:02:48> Status packet  ( 16 words BE)
<11:02:48> Control packet ( 27 words LE)
writing 0x00000000 to 0x000002FF (sequental)
writing 0x00000000 to 0x00000300 (sequental)
writing 0x00000000 to 0x00000301 (sequental)
writing 0x00000000 to 0x00000302 (sequental)
writing 0x00000000 to 0x00000303 (sequental)
writing 0x00000000 to 0x00000304 (sequental)
writing 0x00000000 to 0x00000305 (sequental)
writing 0x00000000 to 0x00000306 (sequental)
writing 0x00000000 to 0x00000307 (sequental)
writing 0x00000000 to 0x00000308 (sequental)
writing 0x00000000 to 0x00000309 (sequental)
writing 0x00000000 to 0x0000030A (sequental)
writing 0x00000000 to 0x0000030B (sequental)
writing 0x00000000 to 0x0000030C (sequental)
writing 0x00000000 to 0x0000030D (sequental)
writing 0x00000000 to 0x0000030E (sequental)
writing 0x00000000 to 0x0000030F (sequental)
writing 0x00000000 to 0x00000310 (sequental)
writing 0x00000000 to 0x00000311 (sequental)
writing 0x00000000 to 0x00000312 (sequental)
writing 0x00000000 to 0x00000313 (sequental)
writing 0x00000000 to 0x00000314 (sequental)
writing 0x00000000 to 0x00000315 (sequental)
writing 0x00000000 to 0x00000316 (sequental)
<11:03:02> Status packet  ( 16 words BE)
<11:03:02> Control packet ( 27 words LE)
writing 0x00000000 to 0x000002FF (sequental)
writing 0x00000000 to FIFO0x00000300: forbidden
<11:03:05> Status packet  ( 16 words BE)
<11:03:05> Control packet ( 27 words LE)
writing 0x00000000 to 0x000002FF (sequental)
writing 0x00000000 to FIFO0x00000300: forbidden
<11:32:02> Status packet  ( 16 words BE)
<11:32:02> Control packet ( 27 words LE)
writing  0x00000012 to 0x00000300 (non-incrementing)
writing  0x00000023 to 0x00000300 (non-incrementing)
writing  0x00000034 to 0x00000300 (non-incrementing)
writing  0x00000045 to 0x00000300 (non-incrementing)
writing  0x000000FF to 0x00000300 (non-incrementing)
writing  0x00000F43 to 0x00000300 (non-incrementing)
writing  0x00000034 to 0x00000300 (non-incrementing)
writing  0x00002343 to 0x00000300 (non-incrementing)
writing  0x00005656 to 0x00000300 (non-incrementing)
writing  0x00006786 to 0x00000300 (non-incrementing)
writing  0x00000867 to 0x00000300 (non-incrementing)
writing  0x00000634 to 0x00000300 (non-incrementing)
writing  0x00000345 to 0x00000300 (non-incrementing)
writing  0x00000045 to 0x00000300 (non-incrementing)
writing  0x00004756 to 0x00000300 (non-incrementing)
writing  0x00000069 to 0x00000300 (non-incrementing)
writing  0x00000756 to 0x00000300 (non-incrementing)
writing  0x00000656 to 0x00000300 (non-incrementing)
writing  0x00000345 to 0x00000300 (non-incrementing)
writing  0x00000023 to 0x00000300 (non-incrementing)
writing  0x00042342 to 0x00000300 (non-incrementing)
writing  0x00042342 to 0x00000300 (non-incrementing)
writing  0x00002345 to 0x00000300 (non-incrementing)
writing  0x00042342 to 0x00000300 (non-incrementing)
<11:32:29> Status packet  ( 16 words BE)
<11:32:29> Control packet (  3 words LE)
reading   3 words from 0x00000300 (non-incrementing)
<11:32:32> Status packet  ( 16 words BE)
<11:32:32> Control packet (  3 words LE)
reading   3 words from 0x00000300 (non-incrementing)
<11:32:34> Status packet  ( 16 words BE)
<11:32:34> Control packet (  3 words LE)
reading   3 words from 0x00000300 (non-incrementing)
<11:32:35> Status packet  ( 16 words BE)
<11:32:35> Control packet (  3 words LE)
reading   3 words from 0x00000300 (non-incrementing)
<11:32:36> Status packet  ( 16 words BE)
<11:32:36> Control packet (  3 words LE)
reading   3 words from 0x00000300 (non-incrementing)
<11:32:37> Status packet  ( 16 words BE)
<11:32:37> Control packet (  3 words LE)
reading   3 words from 0x00000300 (non-incrementing)
<11:32:38> Status packet  ( 16 words BE)
<11:32:38> Control packet (  3 words LE)
reading   3 words from 0x00000300 (non-incrementing)
<11:32:43> Status packet  ( 16 words BE)
<11:32:43> Control packet (  3 words LE)
reading   3 words from 0x00000300 (non-incrementing)
<11:32:44> Status packet  ( 16 words BE)
<11:32:44> Control packet (  3 words LE)
reading   3 words from 0x00000300 (non-incrementing)
<11:32:45> Status packet  ( 16 words BE)
<11:32:45> Control packet (  3 words LE)
reading   3 words from 0x00000300 (non-incrementing)
<11:32:46> Status packet  ( 16 words BE)
<11:32:46> Control packet (  3 words LE)
reading   3 words from 0x00000300 (non-incrementing)
<11:34:22> Status packet  ( 16 words BE)
<11:34:22> Control packet ( 27 words LE)
writing  0x00000002 to 0x00000300 (non-incrementing)
writing  0x00000031 to 0x00000300 (non-incrementing)
writing  0x00000123 to 0x00000300 (non-incrementing)
writing  0x00000045 to 0x00000300 (non-incrementing)
writing  0x000000FF to 0x00000300 (non-incrementing)
writing  0x00000F43 to 0x00000300 (non-incrementing)
writing  0x00000034 to 0x00000300 (non-incrementing)
writing  0x00002343 to 0x00000300 (non-incrementing)
writing  0x00005656 to 0x00000300 (non-incrementing)
writing  0x00006786 to 0x00000300 (non-incrementing)
writing  0x00000867 to 0x00000300 (non-incrementing)
writing  0x00000634 to 0x00000300 (non-incrementing)
writing  0x00000345 to 0x00000300 (non-incrementing)
writing  0x00000045 to 0x00000300 (non-incrementing)
writing  0x00004756 to 0x00000300 (non-incrementing)
writing  0x00000069 to 0x00000300 (non-incrementing)
writing  0x00000756 to 0x00000300 (non-incrementing)
writing  0x00000656 to 0x00000300 (non-incrementing)
writing  0x00000345 to 0x00000300 (non-incrementing)
writing  0x00000023 to 0x00000300 (non-incrementing)
writing  0x00042342 to 0x00000300 (non-incrementing)
writing  0x00042342 to 0x00000300 (non-incrementing)
writing  0x00002345 to 0x00000300 (non-incrementing)
writing  0x00042342 to 0x00000300 (non-incrementing)
<11:34:31> Status packet  ( 16 words BE)
<11:34:31> Control packet (  6 words LE)
writing  0x00000002 to 0x00000300 (non-incrementing)
writing  0x00000031 to 0x00000300 (non-incrementing)
writing  0x00000123 to 0x00000300 (non-incrementing)
<11:35:39> Status packet  ( 16 words BE)
<11:35:39> Control packet ( 27 words LE)
writing  0x00000002 to 0x00000300 (non-incrementing)
writing  0x00000031 to 0x00000300 (non-incrementing)
writing  0x00000123 to 0x00000300 (non-incrementing)
writing  0x00000045 to 0x00000300 (non-incrementing)
writing  0x000000FF to 0x00000300 (non-incrementing)
writing  0x00000F43 to 0x00000300 (non-incrementing)
writing  0x00000034 to 0x00000300 (non-incrementing)
writing  0x00002343 to 0x00000300 (non-incrementing)
writing  0x00005656 to 0x00000300 (non-incrementing)
writing  0x00006786 to 0x00000300 (non-incrementing)
writing  0x00000867 to 0x00000300 (non-incrementing)
writing  0x00000634 to 0x00000300 (non-incrementing)
writing  0x00000345 to 0x00000300 (non-incrementing)
writing  0x00000045 to 0x00000300 (non-incrementing)
writing  0x00004756 to 0x00000300 (non-incrementing)
writing  0x00000069 to 0x00000300 (non-incrementing)
writing  0x00000756 to 0x00000300 (non-incrementing)
writing  0x00000656 to 0x00000300 (non-incrementing)
writing  0x00000345 to 0x00000300 (non-incrementing)
writing  0x00000023 to 0x00000300 (non-incrementing)
writing  0x00042342 to 0x00000300 (non-incrementing)
writing  0x00042342 to 0x00000300 (non-incrementing)
writing  0x00002345 to 0x00000300 (non-incrementing)
writing  0x00042342 to 0x00000300 (non-incrementing)
<11:35:43> Status packet  ( 16 words BE)
<11:35:43> Control packet ( 11 words LE)
writing  0x00000002 to 0x00000300 (non-incrementing)
writing  0x00000031 to 0x00000300 (non-incrementing)
writing  0x00000123 to 0x00000300 (non-incrementing)
writing  0x00000045 to 0x00000300 (non-incrementing)
writing  0x000000FF to 0x00000300 (non-incrementing)
writing  0x00000F43 to 0x00000300 (non-incrementing)
writing  0x00000034 to 0x00000300 (non-incrementing)
writing  0x00002343 to 0x00000300 (non-incrementing)
<11:35:58> Status packet  ( 16 words BE)
<11:35:58> Control packet (  3 words LE)
reading   1 words from 0x00000300 (non-incrementing)
<11:36:05> Status packet  ( 16 words BE)
<11:36:05> Control packet (  3 words LE)
reading   1 words from 0x00000300 (non-incrementing)
<11:36:07> Status packet  ( 16 words BE)
<11:36:07> Control packet (  3 words LE)
reading   1 words from 0x00000300 (non-incrementing)
<11:36:08> Status packet  ( 16 words BE)
<11:36:08> Control packet (  3 words LE)
reading   1 words from 0x00000300 (non-incrementing)
<11:36:16> Status packet  ( 16 words BE)
<11:36:16> Control packet (  3 words LE)
reading   1 words from 0x00000300 (non-incrementing)
<11:36:25> Status packet  ( 16 words BE)
<11:36:25> Control packet (  3 words LE)
reading   1 words from 0x00000300 (non-incrementing)
<12:53:06> Status packet  ( 16 words BE)
<12:53:06> Control packet (  4 words LE)
writing 0x00000F43 to 0x00000000 (sequental)
<12:53:18> Status packet  ( 16 words BE)
<12:53:18> Control packet (  4 words LE)
writing 0x00000F43 to 0x000000FF (sequental)
<12:53:36> Status packet  ( 16 words BE)
<12:53:36> Control packet (  6 words LE)
writing 0x00000F43 to 0x000000FF (sequental)
writing 0x00000031 to 0x00000100 (sequental)
writing 0x00000123 to 0x00000101 (sequental)
<13:47:17> Status packet  ( 16 words BE)
<13:47:17> Control packet (  6 words LE)
writing 0x00000F43 to 0x000000FF (sequental)
writing 0x00000031 to 0x00000100 (sequental)
writing 0x00000123 to 0x00000101 (sequental)
<13:48:28> Status packet  ( 16 words BE)
<13:48:28> Control packet (  6 words LE)
writing 0x00000F43 to 0x000000FF (sequental)
writing 0x00000031 to 0x00000100 (sequental)
writing 0x00000123 to 0x00000101 (sequental)
<13:48:47> Status packet  ( 16 words BE)
<13:48:47> Control packet (  6 words LE)
writing 0x00000F43 to 0x00000200 (sequental)
writing 0x00000031 to 0x00000201 (sequental)
writing 0x00000123 to 0x00000202 (sequental)
<13:48:57> Status packet  ( 16 words BE)
<13:48:57> Control packet (  6 words LE)
writing 0x00000F43 to 0x00000401 (sequental)
writing 0x00000031 to 0x00000402 (sequental)
writing 0x00000123 to 0x00000403 (sequental)
<13:49:07> Status packet  ( 16 words BE)
<13:49:07> Control packet (  6 words LE)
writing 0x00000F43 to 0x00000601 (sequental)
writing 0x00000031 to 0x00000602 (sequental)
writing 0x00000123 to 0x00000603 (sequental)
<13:49:40> Status packet  ( 16 words BE)
<13:49:40> Control packet (  6 words LE)
writing 0x00000F43 to FIFO0x00000000: forbidden
<13:50:46> Status packet  ( 16 words BE)
<13:50:46> Control packet (  6 words LE)
writing 0x00000F43 to 0x00000000: out of range, result:0x00000500 (sequental)
writing 0x00000031 to 0x00000001 (sequental)
writing 0x00000123 to 0x00000002 (sequental)
